#
# There is insufficient memory for the Java Runtime Environment to continue.
# Native memory allocation (mmap) failed to map 67108864 bytes for G1 virtual space
# Possible reasons:
#   The system is out of physical RAM or swap space
#   The process is running with CompressedOops enabled, and the Java Heap may be blocking the growth of the native heap
# Possible solutions:
#   Reduce memory load on the system
#   Increase physical memory or swap space
#   Check if swap backing store is full
#   Decrease Java heap size (-Xmx/-Xms)
#   Decrease number of Java threads
#   Decrease Java thread stack sizes (-Xss)
#   Set larger code cache with -XX:ReservedCodeCacheSize=
#   JVM is running with Unscaled Compressed Oops mode in which the Java heap is
#     placed in the first 4GB address space. The Java Heap base address is the
#     maximum limit for the native heap growth. Please use -XX:HeapBaseMinAddress
#     to set the Java Heap base and to place the Java Heap above 4GB virtual address.
# This output file may be truncated or incomplete.
#
#  Out of Memory Error (os_windows.cpp:3530), pid=1628, tid=532
#
# JRE version: Java(TM) SE Runtime Environment (18.0.2.1+1) (build 18.0.2.1+1-1)
# Java VM: Java HotSpot(TM) 64-Bit Server VM (18.0.2.1+1-1, mixed mode, emulated-client, sharing, tiered, compressed oops, compressed class ptrs, g1 gc, windows-amd64)
# No core dump will be written. Minidumps are not enabled by default on client versions of Windows
#

---------------  S U M M A R Y ------------

Command Line: -XX:TieredStopAtLevel=1 -Dspring.output.ansi.enabled=always -Dcom.sun.management.jmxremote -Dspring.jmx.enabled=true -Dspring.liveBeansView.mbeanDomain -Dspring.application.admin.enabled=true -Dmanagement.endpoints.jmx.exposure.include=* -javaagent:D:\SoftWare\SetupLocation\IntelligeIdea\IntelliJ IDEA 2023.1\lib\idea_rt.jar=55899:D:\SoftWare\SetupLocation\IntelligeIdea\IntelliJ IDEA 2023.1\bin -Dfile.encoding=UTF-8 -Dsun.stdout.encoding=UTF-8 -Dsun.stderr.encoding=UTF-8 com.nifs.backend.BackendApplication

Host: Intel(R) Core(TM) i5-8250U CPU @ 1.60GHz, 8 cores, 7G,  Windows 10 , 64 bit Build 19041 (10.0.19041.2546)
Time: Sat Apr 15 16:25:56 2023 Sri Lanka Standard Time elapsed time: 49.222427 seconds (0d 0h 0m 49s)

---------------  T H R E A D  ---------------

Current thread (0x0000017e2b728970):  VMThread "VM Thread" [stack: 0x000000610af00000,0x000000610b000000] [id=532]

Stack: [0x000000610af00000,0x000000610b000000]
Native frames: (J=compiled Java code, j=interpreted, Vv=VM code, C=native code)
V  [jvm.dll+0x6993aa]
V  [jvm.dll+0x7f46dd]
V  [jvm.dll+0x7f5fee]
V  [jvm.dll+0x7f66a3]
V  [jvm.dll+0x25cf1f]
V  [jvm.dll+0x6962f9]
V  [jvm.dll+0x68ae2a]
V  [jvm.dll+0x32255b]
V  [jvm.dll+0x329f36]
V  [jvm.dll+0x37eade]
V  [jvm.dll+0x37ed0f]
V  [jvm.dll+0x2fa2da]
V  [jvm.dll+0x2fa387]
V  [jvm.dll+0x33e8c2]
V  [jvm.dll+0x33ce64]
V  [jvm.dll+0x2f9ab0]
V  [jvm.dll+0x33c43b]
V  [jvm.dll+0x7fb48b]
V  [jvm.dll+0x7fc224]
V  [jvm.dll+0x7fc75c]
V  [jvm.dll+0x7fcbb4]
V  [jvm.dll+0x7fcc77]
V  [jvm.dll+0x7a120a]
V  [jvm.dll+0x698255]
C  [ucrtbase.dll+0x21bb2]
C  [KERNEL32.DLL+0x17614]
C  [ntdll.dll+0x526a1]

VM_Operation (0x000000610a9fb240): G1CollectForAllocation, mode: safepoint, requested by thread 0x0000017e19773420


---------------  P R O C E S S  ---------------

Threads class SMR info:
_java_thread_list=0x0000017e323419e0, length=25, elements={
0x0000017e19773420, 0x0000017e2b72b880, 0x0000017e2b72c3f0, 0x0000017e2b747790,
0x0000017e2b749050, 0x0000017e2b74b910, 0x0000017e2b74c5d0, 0x0000017e2b74f010,
0x0000017e2b75b7b0, 0x0000017e2fa2bfb0, 0x0000017e2fff5e80, 0x0000017e2fff6340,
0x0000017e300da710, 0x0000017e301802f0, 0x0000017e302a9040, 0x0000017e30d9d210,
0x0000017e3001a700, 0x0000017e30429990, 0x0000017e31473790, 0x0000017e31775030,
0x0000017e320b8890, 0x0000017e321334d0, 0x0000017e31d6c580, 0x0000017e31d6b710,
0x0000017e31d6bbe0
}

Java Threads: ( => current thread )
  0x0000017e19773420 JavaThread "main" [_thread_blocked, id=8640, stack(0x000000610a900000,0x000000610aa00000)]
  0x0000017e2b72b880 JavaThread "Reference Handler" daemon [_thread_blocked, id=2120, stack(0x000000610b000000,0x000000610b100000)]
  0x0000017e2b72c3f0 JavaThread "Finalizer" daemon [_thread_blocked, id=9796, stack(0x000000610b100000,0x000000610b200000)]
  0x0000017e2b747790 JavaThread "Signal Dispatcher" daemon [_thread_blocked, id=13876, stack(0x000000610b200000,0x000000610b300000)]
  0x0000017e2b749050 JavaThread "Attach Listener" daemon [_thread_blocked, id=12036, stack(0x000000610b300000,0x000000610b400000)]
  0x0000017e2b74b910 JavaThread "Service Thread" daemon [_thread_blocked, id=12024, stack(0x000000610b400000,0x000000610b500000)]
  0x0000017e2b74c5d0 JavaThread "Monitor Deflation Thread" daemon [_thread_blocked, id=5556, stack(0x000000610b500000,0x000000610b600000)]
  0x0000017e2b74f010 JavaThread "C1 CompilerThread0" daemon [_thread_blocked, id=1612, stack(0x000000610b600000,0x000000610b700000)]
  0x0000017e2b75b7b0 JavaThread "Sweeper thread" daemon [_thread_blocked, id=2032, stack(0x000000610b700000,0x000000610b800000)]
  0x0000017e2fa2bfb0 JavaThread "Common-Cleaner" daemon [_thread_blocked, id=12800, stack(0x000000610b800000,0x000000610b900000)]
  0x0000017e2fff5e80 JavaThread "Monitor Ctrl-Break" daemon [_thread_in_native, id=13092, stack(0x000000610bb00000,0x000000610bc00000)]
  0x0000017e2fff6340 JavaThread "Notification Thread" daemon [_thread_blocked, id=1020, stack(0x000000610bc00000,0x000000610bd00000)]
  0x0000017e300da710 JavaThread "RMI TCP Accept-0" daemon [_thread_in_native, id=12292, stack(0x000000610bd00000,0x000000610be00000)]
  0x0000017e301802f0 JavaThread "RMI TCP Connection(idle)" daemon [_thread_blocked, id=2776, stack(0x000000610bf00000,0x000000610c000000)]
  0x0000017e302a9040 JavaThread "RMI Scheduler(0)" daemon [_thread_blocked, id=9224, stack(0x000000610c000000,0x000000610c100000)]
  0x0000017e30d9d210 JavaThread "C1 CompilerThread1" daemon [_thread_blocked, id=1484, stack(0x000000610c100000,0x000000610c200000)]
  0x0000017e3001a700 JavaThread "RMI TCP Connection(4)-192.168.8.122" daemon [_thread_in_native, id=13748, stack(0x000000610cc00000,0x000000610cd00000)]
  0x0000017e30429990 JavaThread "RMI TCP Connection(6)-192.168.8.122" daemon [_thread_in_native, id=9960, stack(0x000000610cd00000,0x000000610ce00000)]
  0x0000017e31473790 JavaThread "mysql-cj-abandoned-connection-cleanup" daemon [_thread_blocked, id=9624, stack(0x000000610d000000,0x000000610d100000)]
  0x0000017e31775030 JavaThread "HikariPool-1 housekeeper" daemon [_thread_blocked, id=11396, stack(0x000000610cf00000,0x000000610d000000)]
  0x0000017e320b8890 JavaThread "RMI TCP Connection(7)-192.168.8.122" daemon [_thread_blocked, id=12200, stack(0x000000610cb00000,0x000000610cc00000)]
  0x0000017e321334d0 JavaThread "C1 CompilerThread2" daemon [_thread_blocked, id=12812, stack(0x000000610d200000,0x000000610d300000)]
  0x0000017e31d6c580 JavaThread "Catalina-utility-1" [_thread_blocked, id=10160, stack(0x000000610d300000,0x000000610d400000)]
  0x0000017e31d6b710 JavaThread "Catalina-utility-2" [_thread_blocked, id=12008, stack(0x000000610d400000,0x000000610d500000)]
  0x0000017e31d6bbe0 JavaThread "container-0" [_thread_blocked, id=5808, stack(0x000000610d500000,0x000000610d600000)]

Other Threads:
=>0x0000017e2b728970 VMThread "VM Thread" [stack: 0x000000610af00000,0x000000610b000000] [id=532]
  0x0000017e300c3510 WatcherThread "VM Periodic Task Thread" [stack: 0x000000610be00000,0x000000610bf00000] [id=10344]
  0x0000017e197cf500 WorkerThread "GC Thread#0" [stack: 0x000000610aa00000,0x000000610ab00000] [id=3144]
  0x0000017e303124f0 WorkerThread "GC Thread#1" [stack: 0x000000610c200000,0x000000610c300000] [id=4316]
  0x0000017e30312790 WorkerThread "GC Thread#2" [stack: 0x000000610c300000,0x000000610c400000] [id=11380]
  0x0000017e30985110 WorkerThread "GC Thread#3" [stack: 0x000000610c400000,0x000000610c500000] [id=2212]
  0x0000017e304febe0 WorkerThread "GC Thread#4" [stack: 0x000000610c500000,0x000000610c600000] [id=12256]
  0x0000017e309b4340 WorkerThread "GC Thread#5" [stack: 0x000000610c600000,0x000000610c700000] [id=9112]
  0x0000017e309b45e0 WorkerThread "GC Thread#6" [stack: 0x000000610c700000,0x000000610c800000] [id=13340]
  0x0000017e309b4880 WorkerThread "GC Thread#7" [stack: 0x000000610c800000,0x000000610c900000] [id=8048]
  0x0000017e197e0f90 ConcurrentGCThread "G1 Main Marker" [stack: 0x000000610ab00000,0x000000610ac00000] [id=10928]
  0x0000017e197e28a0 WorkerThread "G1 Conc#0" [stack: 0x000000610ac00000,0x000000610ad00000] [id=11408]
  0x0000017e30f406a0 WorkerThread "G1 Conc#1" [stack: 0x000000610ce00000,0x000000610cf00000] [id=13696]
  0x0000017e1981e630 ConcurrentGCThread "G1 Refine#0" [stack: 0x000000610ad00000,0x000000610ae00000] [id=1624]
  0x0000017e3049b740 ConcurrentGCThread "G1 Refine#1" [stack: 0x000000610c900000,0x000000610ca00000] [id=12112]
  0x0000017e3049aee0 ConcurrentGCThread "G1 Refine#2" [stack: 0x000000610ca00000,0x000000610cb00000] [id=13000]
  0x0000017e2b5e7130 ConcurrentGCThread "G1 Service" [stack: 0x000000610ae00000,0x000000610af00000] [id=5620]

Threads with active compile tasks:

VM state: at safepoint (normal execution)

VM Mutex/Monitor currently owned by a thread:  ([mutex/lock_event])
[0x0000017e197701a0] Threads_lock - owner thread: 0x0000017e2b728970
[0x0000017e1976fa50] Heap_lock - owner thread: 0x0000017e19773420

Heap address: 0x0000000081e00000, size: 2018 MB, Compressed Oops mode: 32-bit

CDS archive(s) mapped at: [0x0000000800000000-0x0000000800ba0000-0x0000000800ba0000), size 12189696, SharedBaseAddress: 0x0000000800000000, ArchiveRelocationMode: 0.
Compressed class space mapped at: 0x0000000800c00000-0x0000000840c00000, reserved size: 1073741824
Narrow klass base: 0x0000000800000000, Narrow klass shift: 0, Narrow klass range: 0x100000000

GC Precious Log:
 CardTable entry size: 512
 Card Set container configuration: InlinePtr #cards 5 size 8 Array Of Cards #cards 12 size 40 Howl #buckets 4 coarsen threshold 1843 Howl Bitmap #cards 512 size 80 coarsen threshold 460 Card regions per heap region 1 cards per card region 2048
 CPUs: 8 total, 8 available
 Memory: 8069M
 Large Page Support: Disabled
 NUMA Support: Disabled
 Compressed Oops: Enabled (32-bit)
 Heap Region Size: 1M
 Heap Min Capacity: 8M
 Heap Initial Capacity: 128M
 Heap Max Capacity: 2018M
 Pre-touch: Disabled
 Parallel Workers: 8
 Concurrent Workers: 2
 Concurrent Refinement Workers: 8
 Periodic GC: Disabled

Heap:
 garbage-first heap   total 131072K, used 45299K [0x0000000081e00000, 0x0000000100000000)
  region size 1024K, 4 young (4096K), 4 survivors (4096K)
 Metaspace       used 65488K, committed 66176K, reserved 1114112K
  class space    used 9234K, committed 9536K, reserved 1048576K

Heap Regions: E=young(eden), S=young(survivor), O=old, HS=humongous(starts), HC=humongous(continues), CS=collection set, F=free, OA=open archive, CA=closed archive, TAMS=top-at-mark-start (previous, next)
|   0|0x0000000081e00000, 0x0000000081f00000, 0x0000000081f00000|100%|HS|  |TAMS 0x0000000081f00000, 0x0000000081e00000| Complete 
|   1|0x0000000081f00000, 0x0000000082000000, 0x0000000082000000|100%| O|  |TAMS 0x0000000082000000, 0x0000000081f00000| Untracked 
|   2|0x0000000082000000, 0x0000000082100000, 0x0000000082100000|100%| O|  |TAMS 0x0000000082100000, 0x0000000082000000| Untracked 
|   3|0x0000000082100000, 0x0000000082200000, 0x0000000082200000|100%| O|  |TAMS 0x0000000082200000, 0x0000000082100000| Untracked 
|   4|0x0000000082200000, 0x0000000082300000, 0x0000000082300000|100%| O|  |TAMS 0x0000000082300000, 0x0000000082200000| Untracked 
|   5|0x0000000082300000, 0x0000000082400000, 0x0000000082400000|100%| O|  |TAMS 0x0000000082400000, 0x0000000082300000| Untracked 
|   6|0x0000000082400000, 0x0000000082500000, 0x0000000082500000|100%| O|  |TAMS 0x0000000082500000, 0x0000000082400000| Untracked 
|   7|0x0000000082500000, 0x0000000082600000, 0x0000000082600000|100%| O|  |TAMS 0x0000000082600000, 0x0000000082500000| Untracked 
|   8|0x0000000082600000, 0x0000000082700000, 0x0000000082700000|100%| O|  |TAMS 0x0000000082700000, 0x0000000082600000| Untracked 
|   9|0x0000000082700000, 0x0000000082800000, 0x0000000082800000|100%| O|  |TAMS 0x0000000082800000, 0x0000000082700000| Untracked 
|  10|0x0000000082800000, 0x00000000828d4a00, 0x0000000082900000| 83%| O|  |TAMS 0x00000000828d4a00, 0x0000000082800000| Untracked 
|  11|0x0000000082900000, 0x0000000082a00000, 0x0000000082a00000|100%| O|  |TAMS 0x0000000082a00000, 0x0000000082900000| Untracked 
|  12|0x0000000082a00000, 0x0000000082b00000, 0x0000000082b00000|100%| O|  |TAMS 0x0000000082b00000, 0x0000000082a00000| Untracked 
|  13|0x0000000082b00000, 0x0000000082c00000, 0x0000000082c00000|100%| O|  |TAMS 0x0000000082c00000, 0x0000000082b00000| Untracked 
|  14|0x0000000082c00000, 0x0000000082d00000, 0x0000000082d00000|100%| O|  |TAMS 0x0000000082d00000, 0x0000000082c00000| Untracked 
|  15|0x0000000082d00000, 0x0000000082e00000, 0x0000000082e00000|100%| O|  |TAMS 0x0000000082e00000, 0x0000000082d00000| Untracked 
|  16|0x0000000082e00000, 0x0000000082f00000, 0x0000000082f00000|100%| O|  |TAMS 0x0000000082f00000, 0x0000000082e00000| Untracked 
|  17|0x0000000082f00000, 0x0000000083000000, 0x0000000083000000|100%| O|  |TAMS 0x0000000083000000, 0x0000000082f00000| Untracked 
|  18|0x0000000083000000, 0x0000000083100000, 0x0000000083100000|100%| O|  |TAMS 0x0000000083100000, 0x0000000083000000| Untracked 
|  19|0x0000000083100000, 0x0000000083200000, 0x0000000083200000|100%| O|  |TAMS 0x0000000083200000, 0x0000000083100000| Untracked 
|  20|0x0000000083200000, 0x0000000083300000, 0x0000000083300000|100%| O|  |TAMS 0x0000000083300000, 0x0000000083200000| Untracked 
|  21|0x0000000083300000, 0x0000000083400000, 0x0000000083400000|100%| O|  |TAMS 0x0000000083400000, 0x0000000083300000| Untracked 
|  22|0x0000000083400000, 0x0000000083500000, 0x0000000083500000|100%| O|  |TAMS 0x0000000083500000, 0x0000000083400000| Untracked 
|  23|0x0000000083500000, 0x0000000083600000, 0x0000000083600000|100%| O|  |TAMS 0x0000000083600000, 0x0000000083500000| Untracked 
|  24|0x0000000083600000, 0x0000000083700000, 0x0000000083700000|100%| O|  |TAMS 0x0000000083600000, 0x0000000083600000| Untracked 
|  25|0x0000000083700000, 0x0000000083800000, 0x0000000083800000|100%| O|  |TAMS 0x0000000083800000, 0x0000000083700000| Untracked 
|  26|0x0000000083800000, 0x0000000083900000, 0x0000000083900000|100%| O|  |TAMS 0x0000000083900000, 0x0000000083800000| Untracked 
|  27|0x0000000083900000, 0x0000000083a00000, 0x0000000083a00000|100%| O|  |TAMS 0x0000000083a00000, 0x0000000083900000| Untracked 
|  28|0x0000000083a00000, 0x0000000083b00000, 0x0000000083b00000|100%| O|  |TAMS 0x0000000083b00000, 0x0000000083a00000| Untracked 
|  29|0x0000000083b00000, 0x0000000083c00000, 0x0000000083c00000|100%| O|  |TAMS 0x0000000083c00000, 0x0000000083b00000| Untracked 
|  30|0x0000000083c00000, 0x0000000083d00000, 0x0000000083d00000|100%| O|  |TAMS 0x0000000083d00000, 0x0000000083c00000| Untracked 
|  31|0x0000000083d00000, 0x0000000083e00000, 0x0000000083e00000|100%| O|  |TAMS 0x0000000083db1600, 0x0000000083d00000| Untracked 
|  32|0x0000000083e00000, 0x0000000083f00000, 0x0000000083f00000|100%| O|  |TAMS 0x0000000083e00000, 0x0000000083e00000| Untracked 
|  33|0x0000000083f00000, 0x0000000084000000, 0x0000000084000000|100%| O|  |TAMS 0x0000000083f00000, 0x0000000083f00000| Untracked 
|  34|0x0000000084000000, 0x0000000084100000, 0x0000000084100000|100%| O|  |TAMS 0x0000000084000000, 0x0000000084000000| Untracked 
|  35|0x0000000084100000, 0x0000000084200000, 0x0000000084200000|100%| O|  |TAMS 0x0000000084100000, 0x0000000084100000| Untracked 
|  36|0x0000000084200000, 0x0000000084300000, 0x0000000084300000|100%| O|  |TAMS 0x0000000084200000, 0x0000000084200000| Untracked 
|  37|0x0000000084300000, 0x0000000084400000, 0x0000000084400000|100%| O|  |TAMS 0x0000000084300000, 0x0000000084300000| Untracked 
|  38|0x0000000084400000, 0x0000000084500000, 0x0000000084500000|100%| O|  |TAMS 0x0000000084400000, 0x0000000084400000| Untracked 
|  39|0x0000000084500000, 0x0000000084600000, 0x0000000084600000|100%| O|  |TAMS 0x0000000084500000, 0x0000000084500000| Untracked 
|  40|0x0000000084600000, 0x00000000846c5000, 0x0000000084700000| 76%| O|  |TAMS 0x0000000084600000, 0x0000000084600000| Untracked 
|  41|0x0000000084700000, 0x0000000084700000, 0x0000000084800000|  0%| F|  |TAMS 0x0000000084700000, 0x0000000084700000| Untracked 
|  42|0x0000000084800000, 0x0000000084800000, 0x0000000084900000|  0%| F|  |TAMS 0x0000000084800000, 0x0000000084800000| Untracked 
|  43|0x0000000084900000, 0x0000000084900000, 0x0000000084a00000|  0%| F|  |TAMS 0x0000000084900000, 0x0000000084900000| Untracked 
|  44|0x0000000084a00000, 0x0000000084a00000, 0x0000000084b00000|  0%| F|  |TAMS 0x0000000084a00000, 0x0000000084a00000| Untracked 
|  45|0x0000000084b00000, 0x0000000084b00000, 0x0000000084c00000|  0%| F|  |TAMS 0x0000000084b00000, 0x0000000084b00000| Untracked 
|  46|0x0000000084c00000, 0x0000000084c00000, 0x0000000084d00000|  0%| F|  |TAMS 0x0000000084c00000, 0x0000000084c00000| Untracked 
|  47|0x0000000084d00000, 0x0000000084d00000, 0x0000000084e00000|  0%| F|  |TAMS 0x0000000084d00000, 0x0000000084d00000| Untracked 
|  48|0x0000000084e00000, 0x0000000084e00000, 0x0000000084f00000|  0%| F|  |TAMS 0x0000000084e00000, 0x0000000084e00000| Untracked 
|  49|0x0000000084f00000, 0x0000000084f00000, 0x0000000085000000|  0%| F|  |TAMS 0x0000000084f00000, 0x0000000084f00000| Untracked 
|  50|0x0000000085000000, 0x0000000085000000, 0x0000000085100000|  0%| F|  |TAMS 0x0000000085000000, 0x0000000085000000| Untracked 
|  51|0x0000000085100000, 0x0000000085100000, 0x0000000085200000|  0%| F|  |TAMS 0x0000000085100000, 0x0000000085100000| Untracked 
|  52|0x0000000085200000, 0x0000000085200000, 0x0000000085300000|  0%| F|  |TAMS 0x0000000085200000, 0x0000000085200000| Untracked 
|  53|0x0000000085300000, 0x0000000085300000, 0x0000000085400000|  0%| F|  |TAMS 0x0000000085300000, 0x0000000085300000| Untracked 
|  54|0x0000000085400000, 0x00000000854a35d8, 0x0000000085500000| 63%| S|CS|TAMS 0x0000000085400000, 0x0000000085400000| Complete 
|  55|0x0000000085500000, 0x0000000085500000, 0x0000000085600000|  0%| F|  |TAMS 0x0000000085500000, 0x0000000085500000| Untracked 
|  56|0x0000000085600000, 0x0000000085600000, 0x0000000085700000|  0%| F|  |TAMS 0x0000000085600000, 0x0000000085600000| Untracked 
|  57|0x0000000085700000, 0x0000000085800000, 0x0000000085800000|100%| S|CS|TAMS 0x0000000085700000, 0x0000000085700000| Complete 
|  58|0x0000000085800000, 0x0000000085900000, 0x0000000085900000|100%| S|CS|TAMS 0x0000000085800000, 0x0000000085800000| Complete 
|  59|0x0000000085900000, 0x0000000085a00000, 0x0000000085a00000|100%| S|CS|TAMS 0x0000000085900000, 0x0000000085900000| Complete 
|  60|0x0000000085a00000, 0x0000000085a00000, 0x0000000085b00000|  0%| F|  |TAMS 0x0000000085a00000, 0x0000000085a00000| Untracked 
|  61|0x0000000085b00000, 0x0000000085b00000, 0x0000000085c00000|  0%| F|  |TAMS 0x0000000085b00000, 0x0000000085b00000| Untracked 
|  62|0x0000000085c00000, 0x0000000085c00000, 0x0000000085d00000|  0%| F|  |TAMS 0x0000000085c00000, 0x0000000085c00000| Untracked 
|  63|0x0000000085d00000, 0x0000000085d00000, 0x0000000085e00000|  0%| F|  |TAMS 0x0000000085d00000, 0x0000000085d00000| Untracked 
|  64|0x0000000085e00000, 0x0000000085e00000, 0x0000000085f00000|  0%| F|  |TAMS 0x0000000085e00000, 0x0000000085e00000| Untracked 
|  65|0x0000000085f00000, 0x0000000085f00000, 0x0000000086000000|  0%| F|  |TAMS 0x0000000085f00000, 0x0000000085f00000| Untracked 
|  66|0x0000000086000000, 0x0000000086000000, 0x0000000086100000|  0%| F|  |TAMS 0x0000000086000000, 0x0000000086000000| Untracked 
|  67|0x0000000086100000, 0x0000000086100000, 0x0000000086200000|  0%| F|  |TAMS 0x0000000086100000, 0x0000000086100000| Untracked 
|  68|0x0000000086200000, 0x0000000086200000, 0x0000000086300000|  0%| F|  |TAMS 0x0000000086200000, 0x0000000086200000| Untracked 
|  69|0x0000000086300000, 0x0000000086300000, 0x0000000086400000|  0%| F|  |TAMS 0x0000000086300000, 0x0000000086300000| Untracked 
|  70|0x0000000086400000, 0x0000000086400000, 0x0000000086500000|  0%| F|  |TAMS 0x0000000086400000, 0x0000000086400000| Untracked 
|  71|0x0000000086500000, 0x0000000086500000, 0x0000000086600000|  0%| F|  |TAMS 0x0000000086500000, 0x0000000086500000| Untracked 
|  72|0x0000000086600000, 0x0000000086600000, 0x0000000086700000|  0%| F|  |TAMS 0x0000000086600000, 0x0000000086600000| Untracked 
|  73|0x0000000086700000, 0x0000000086700000, 0x0000000086800000|  0%| F|  |TAMS 0x0000000086700000, 0x0000000086700000| Untracked 
|  74|0x0000000086800000, 0x0000000086800000, 0x0000000086900000|  0%| F|  |TAMS 0x0000000086800000, 0x0000000086800000| Untracked 
|  75|0x0000000086900000, 0x0000000086900000, 0x0000000086a00000|  0%| F|  |TAMS 0x0000000086900000, 0x0000000086900000| Untracked 
|  76|0x0000000086a00000, 0x0000000086a00000, 0x0000000086b00000|  0%| F|  |TAMS 0x0000000086a00000, 0x0000000086a00000| Untracked 
|  77|0x0000000086b00000, 0x0000000086b00000, 0x0000000086c00000|  0%| F|  |TAMS 0x0000000086b00000, 0x0000000086b00000| Untracked 
|  78|0x0000000086c00000, 0x0000000086c00000, 0x0000000086d00000|  0%| F|  |TAMS 0x0000000086c00000, 0x0000000086c00000| Untracked 
|  79|0x0000000086d00000, 0x0000000086d00000, 0x0000000086e00000|  0%| F|  |TAMS 0x0000000086d00000, 0x0000000086d00000| Untracked 
|  80|0x0000000086e00000, 0x0000000086e00000, 0x0000000086f00000|  0%| F|  |TAMS 0x0000000086e00000, 0x0000000086e00000| Untracked 
|  81|0x0000000086f00000, 0x0000000086f00000, 0x0000000087000000|  0%| F|  |TAMS 0x0000000086f00000, 0x0000000086f00000| Untracked 
|  82|0x0000000087000000, 0x0000000087000000, 0x0000000087100000|  0%| F|  |TAMS 0x0000000087000000, 0x0000000087000000| Untracked 
|  83|0x0000000087100000, 0x0000000087100000, 0x0000000087200000|  0%| F|  |TAMS 0x0000000087100000, 0x0000000087100000| Untracked 
|  84|0x0000000087200000, 0x0000000087200000, 0x0000000087300000|  0%| F|  |TAMS 0x0000000087200000, 0x0000000087200000| Untracked 
|  85|0x0000000087300000, 0x0000000087300000, 0x0000000087400000|  0%| F|  |TAMS 0x0000000087300000, 0x0000000087300000| Untracked 
|  86|0x0000000087400000, 0x0000000087400000, 0x0000000087500000|  0%| F|  |TAMS 0x0000000087400000, 0x0000000087400000| Untracked 
|  87|0x0000000087500000, 0x0000000087500000, 0x0000000087600000|  0%| F|  |TAMS 0x0000000087500000, 0x0000000087500000| Untracked 
|  88|0x0000000087600000, 0x0000000087600000, 0x0000000087700000|  0%| F|  |TAMS 0x0000000087600000, 0x0000000087600000| Untracked 
|  89|0x0000000087700000, 0x0000000087700000, 0x0000000087800000|  0%| F|  |TAMS 0x0000000087700000, 0x0000000087700000| Untracked 
|  90|0x0000000087800000, 0x0000000087800000, 0x0000000087900000|  0%| F|  |TAMS 0x0000000087800000, 0x0000000087800000| Untracked 
|  91|0x0000000087900000, 0x0000000087900000, 0x0000000087a00000|  0%| F|  |TAMS 0x0000000087900000, 0x0000000087900000| Untracked 
|  92|0x0000000087a00000, 0x0000000087a00000, 0x0000000087b00000|  0%| F|  |TAMS 0x0000000087a00000, 0x0000000087a00000| Untracked 
|  93|0x0000000087b00000, 0x0000000087b00000, 0x0000000087c00000|  0%| F|  |TAMS 0x0000000087b00000, 0x0000000087b00000| Untracked 
|  94|0x0000000087c00000, 0x0000000087c00000, 0x0000000087d00000|  0%| F|  |TAMS 0x0000000087c00000, 0x0000000087c00000| Untracked 
|  95|0x0000000087d00000, 0x0000000087d00000, 0x0000000087e00000|  0%| F|  |TAMS 0x0000000087d00000, 0x0000000087d00000| Untracked 
|  96|0x0000000087e00000, 0x0000000087e00000, 0x0000000087f00000|  0%| F|  |TAMS 0x0000000087e00000, 0x0000000087e00000| Untracked 
|  97|0x0000000087f00000, 0x0000000087f00000, 0x0000000088000000|  0%| F|  |TAMS 0x0000000087f00000, 0x0000000087f00000| Untracked 
|  98|0x0000000088000000, 0x0000000088000000, 0x0000000088100000|  0%| F|  |TAMS 0x0000000088000000, 0x0000000088000000| Untracked 
|  99|0x0000000088100000, 0x0000000088100000, 0x0000000088200000|  0%| F|  |TAMS 0x0000000088100000, 0x0000000088100000| Untracked 
| 100|0x0000000088200000, 0x0000000088200000, 0x0000000088300000|  0%| F|  |TAMS 0x0000000088200000, 0x0000000088200000| Untracked 
| 101|0x0000000088300000, 0x0000000088300000, 0x0000000088400000|  0%| F|  |TAMS 0x0000000088300000, 0x0000000088300000| Untracked 
| 102|0x0000000088400000, 0x0000000088400000, 0x0000000088500000|  0%| F|  |TAMS 0x0000000088400000, 0x0000000088400000| Untracked 
| 103|0x0000000088500000, 0x0000000088500000, 0x0000000088600000|  0%| F|  |TAMS 0x0000000088500000, 0x0000000088500000| Untracked 
| 104|0x0000000088600000, 0x0000000088600000, 0x0000000088700000|  0%| F|  |TAMS 0x0000000088600000, 0x0000000088600000| Untracked 
| 105|0x0000000088700000, 0x0000000088700000, 0x0000000088800000|  0%| F|  |TAMS 0x0000000088700000, 0x0000000088700000| Untracked 
| 106|0x0000000088800000, 0x0000000088800000, 0x0000000088900000|  0%| F|  |TAMS 0x0000000088800000, 0x0000000088800000| Untracked 
| 107|0x0000000088900000, 0x0000000088900000, 0x0000000088a00000|  0%| F|  |TAMS 0x0000000088900000, 0x0000000088900000| Untracked 
| 108|0x0000000088a00000, 0x0000000088a00000, 0x0000000088b00000|  0%| F|  |TAMS 0x0000000088a00000, 0x0000000088a00000| Untracked 
| 109|0x0000000088b00000, 0x0000000088b00000, 0x0000000088c00000|  0%| F|  |TAMS 0x0000000088b00000, 0x0000000088b00000| Untracked 
| 110|0x0000000088c00000, 0x0000000088c00000, 0x0000000088d00000|  0%| F|  |TAMS 0x0000000088c00000, 0x0000000088c00000| Untracked 
| 111|0x0000000088d00000, 0x0000000088d00000, 0x0000000088e00000|  0%| F|  |TAMS 0x0000000088d00000, 0x0000000088d00000| Untracked 
| 112|0x0000000088e00000, 0x0000000088e00000, 0x0000000088f00000|  0%| F|  |TAMS 0x0000000088e00000, 0x0000000088e00000| Untracked 
| 113|0x0000000088f00000, 0x0000000088f00000, 0x0000000089000000|  0%| F|  |TAMS 0x0000000088f00000, 0x0000000088f00000| Untracked 
| 114|0x0000000089000000, 0x0000000089000000, 0x0000000089100000|  0%| F|  |TAMS 0x0000000089000000, 0x0000000089000000| Untracked 
| 115|0x0000000089100000, 0x0000000089100000, 0x0000000089200000|  0%| F|  |TAMS 0x0000000089100000, 0x0000000089100000| Untracked 
| 116|0x0000000089200000, 0x0000000089200000, 0x0000000089300000|  0%| F|  |TAMS 0x0000000089200000, 0x0000000089200000| Untracked 
| 117|0x0000000089300000, 0x0000000089300000, 0x0000000089400000|  0%| F|  |TAMS 0x0000000089300000, 0x0000000089300000| Untracked 
| 118|0x0000000089400000, 0x0000000089400000, 0x0000000089500000|  0%| F|  |TAMS 0x0000000089400000, 0x0000000089400000| Untracked 
| 119|0x0000000089500000, 0x0000000089500000, 0x0000000089600000|  0%| F|  |TAMS 0x0000000089500000, 0x0000000089500000| Untracked 
| 120|0x0000000089600000, 0x0000000089600000, 0x0000000089700000|  0%| F|  |TAMS 0x0000000089600000, 0x0000000089600000| Untracked 
| 121|0x0000000089700000, 0x0000000089700000, 0x0000000089800000|  0%| F|  |TAMS 0x0000000089700000, 0x0000000089700000| Untracked 
| 122|0x0000000089800000, 0x0000000089800000, 0x0000000089900000|  0%| F|  |TAMS 0x0000000089800000, 0x0000000089800000| Untracked 
| 123|0x0000000089900000, 0x0000000089900000, 0x0000000089a00000|  0%| F|  |TAMS 0x0000000089900000, 0x0000000089900000| Untracked 
| 124|0x0000000089a00000, 0x0000000089a00000, 0x0000000089b00000|  0%| F|  |TAMS 0x0000000089a00000, 0x0000000089a00000| Untracked 
| 125|0x0000000089b00000, 0x0000000089b00000, 0x0000000089c00000|  0%| F|  |TAMS 0x0000000089b00000, 0x0000000089b00000| Untracked 
| 126|0x0000000089c00000, 0x0000000089c00000, 0x0000000089d00000|  0%| F|  |TAMS 0x0000000089c00000, 0x0000000089c00000| Untracked 
| 127|0x0000000089d00000, 0x0000000089d00000, 0x0000000089e00000|  0%| F|  |TAMS 0x0000000089d00000, 0x0000000089d00000| Untracked 

Card table byte_map: [0x0000017e245a0000,0x0000017e249a0000] _byte_map_base: 0x0000017e24191000

Marking Bits (Prev, Next): (CMBitMap*) 0x0000017e197cfa50, (CMBitMap*) 0x0000017e197cfa10
 Prev Bits: [0x0000017e26d30000, 0x0000017e28cb8000)
 Next Bits: [0x0000017e24da0000, 0x0000017e26d28000)

Polling page: 0x0000017e18f20000

Metaspace:

Usage:
  Non-class:     54.94 MB used.
      Class:      9.02 MB used.
       Both:     63.95 MB used.

Virtual space:
  Non-class space:       64.00 MB reserved,      55.31 MB ( 86%) committed,  1 nodes.
      Class space:        1.00 GB reserved,       9.31 MB ( <1%) committed,  1 nodes.
             Both:        1.06 GB reserved,      64.62 MB (  6%) committed. 

Chunk freelists:
   Non-Class:  432.00 KB
       Class:  2.73 MB
        Both:  3.15 MB

MaxMetaspaceSize: unlimited
CompressedClassSpaceSize: 1.00 GB
Initial GC threshold: 21.00 MB
Current GC threshold: 98.25 MB
CDS: on
MetaspaceReclaimPolicy: balanced
 - commit_granule_bytes: 65536.
 - commit_granule_words: 8192.
 - virtual_space_node_default_size: 8388608.
 - enlarge_chunks_in_place: 1.
 - new_chunks_are_fully_committed: 0.
 - uncommit_free_chunks: 1.
 - use_allocation_guard: 0.


Internal statistics:

num_allocs_failed_limit: 9.
num_arena_births: 900.
num_arena_deaths: 32.
num_vsnodes_births: 2.
num_vsnodes_deaths: 0.
num_space_committed: 1034.
num_space_uncommitted: 0.
num_chunks_returned_to_freelist: 42.
num_chunks_taken_from_freelist: 3146.
num_chunk_merges: 19.
num_chunk_splits: 2321.
num_chunks_enlarged: 1852.
num_inconsistent_stats: 0.

CodeCache: size=49152Kb used=16744Kb max_used=16744Kb free=32407Kb
 bounds [0x0000017e21090000, 0x0000017e220f0000, 0x0000017e24090000]
 total_blobs=9573 nmethods=8870 adapters=626
 compilation: enabled
              stopped_count=0, restarted_count=0
 full_count=0

Compilation events (20 events):
Event: 49.156 Thread 0x0000017e2b74f010 8863       1       org.hibernate.metamodel.model.domain.internal.AbstractSqmPathSource::getExpressibleJavaType (10 bytes)
Event: 49.156 Thread 0x0000017e321334d0 nmethod 8862 0x0000017e220e7510 code [0x0000017e220e76c0, 0x0000017e220e7818]
Event: 49.156 Thread 0x0000017e30d9d210 nmethod 8861 0x0000017e220e7910 code [0x0000017e220e7aa0, 0x0000017e220e7cd8]
Event: 49.156 Thread 0x0000017e2b74f010 nmethod 8863 0x0000017e220e7d90 code [0x0000017e220e7f20, 0x0000017e220e8008]
Event: 49.156 Thread 0x0000017e321334d0 8864       1       java.util.regex.Pattern::mark (11 bytes)
Event: 49.156 Thread 0x0000017e321334d0 nmethod 8864 0x0000017e220e8090 code [0x0000017e220e8220, 0x0000017e220e8318]
Event: 49.156 Thread 0x0000017e321334d0 8865       1       org.springframework.data.repository.query.ReturnedType::getDomainType (5 bytes)
Event: 49.156 Thread 0x0000017e30d9d210 8866       1       org.hibernate.query.sqm.tree.select.SqmQuerySpec::getFromClause (5 bytes)
Event: 49.156 Thread 0x0000017e2b74f010 8867       1       org.hibernate.query.spi.QueryEngine$$Lambda$977/0x00000008012c4848::get (8 bytes)
Event: 49.156 Thread 0x0000017e321334d0 nmethod 8865 0x0000017e220e8410 code [0x0000017e220e85a0, 0x0000017e220e8678]
Event: 49.156 Thread 0x0000017e30d9d210 nmethod 8866 0x0000017e220e8710 code [0x0000017e220e88a0, 0x0000017e220e8978]
Event: 49.156 Thread 0x0000017e321334d0 8868       1       org.hibernate.query.spi.QueryEngine::lambda$from$0 (12 bytes)
Event: 49.156 Thread 0x0000017e2b74f010 nmethod 8867 0x0000017e220e8a10 code [0x0000017e220e8ba0, 0x0000017e220e8cf8]
Event: 49.156 Thread 0x0000017e321334d0 nmethod 8868 0x0000017e220e8e10 code [0x0000017e220e8fa0, 0x0000017e220e90d8]
Event: 49.159 Thread 0x0000017e321334d0 8869   !   1       jdk.proxy2.$Proxy139::annotationType (29 bytes)
Event: 49.159 Thread 0x0000017e321334d0 nmethod 8869 0x0000017e220e9210 code [0x0000017e220e93c0, 0x0000017e220e95d8]
Event: 49.174 Thread 0x0000017e321334d0 8870       1       org.springframework.core.ResolvableType::getComponentType (93 bytes)
Event: 49.174 Thread 0x0000017e321334d0 nmethod 8870 0x0000017e220e9710 code [0x0000017e220e9920, 0x0000017e220e9d48]
Event: 49.174 Thread 0x0000017e30d9d210 8871       1       org.springframework.beans.AbstractPropertyAccessor::isExtractOldValueForEditor (5 bytes)
Event: 49.174 Thread 0x0000017e30d9d210 nmethod 8871 0x0000017e220e9f90 code [0x0000017e220ea120, 0x0000017e220ea1f8]

GC Heap History (20 events):
Event: 42.598 GC heap after
{Heap after GC invocations=15 (full 0):
 garbage-first heap   total 81920K, used 33609K [0x0000000081e00000, 0x0000000100000000)
  region size 1024K, 3 young (3072K), 3 survivors (3072K)
 Metaspace       used 54236K, committed 54848K, reserved 1114112K
  class space    used 7608K, committed 7936K, reserved 1048576K
}
Event: 42.752 GC heap before
{Heap before GC invocations=15 (full 0):
 garbage-first heap   total 81920K, used 65353K [0x0000000081e00000, 0x0000000100000000)
  region size 1024K, 34 young (34816K), 3 survivors (3072K)
 Metaspace       used 54475K, committed 55040K, reserved 1114112K
  class space    used 7626K, committed 7936K, reserved 1048576K
}
Event: 42.758 GC heap after
{Heap after GC invocations=16 (full 0):
 garbage-first heap   total 81920K, used 34123K [0x0000000081e00000, 0x0000000100000000)
  region size 1024K, 2 young (2048K), 2 survivors (2048K)
 Metaspace       used 54475K, committed 55040K, reserved 1114112K
  class space    used 7626K, committed 7936K, reserved 1048576K
}
Event: 42.874 GC heap before
{Heap before GC invocations=16 (full 0):
 garbage-first heap   total 81920K, used 66891K [0x0000000081e00000, 0x0000000100000000)
  region size 1024K, 34 young (34816K), 2 survivors (2048K)
 Metaspace       used 54713K, committed 55360K, reserved 1114112K
  class space    used 7640K, committed 7936K, reserved 1048576K
}
Event: 42.878 GC heap after
{Heap after GC invocations=17 (full 0):
 garbage-first heap   total 81920K, used 34244K [0x0000000081e00000, 0x0000000100000000)
  region size 1024K, 2 young (2048K), 2 survivors (2048K)
 Metaspace       used 54713K, committed 55360K, reserved 1114112K
  class space    used 7640K, committed 7936K, reserved 1048576K
}
Event: 47.217 GC heap before
{Heap before GC invocations=17 (full 0):
 garbage-first heap   total 81920K, used 68036K [0x0000000081e00000, 0x0000000100000000)
  region size 1024K, 35 young (35840K), 2 survivors (2048K)
 Metaspace       used 57796K, committed 58432K, reserved 1114112K
  class space    used 8058K, committed 8384K, reserved 1048576K
}
Event: 47.224 GC heap after
{Heap after GC invocations=18 (full 0):
 garbage-first heap   total 98304K, used 36754K [0x0000000081e00000, 0x0000000100000000)
  region size 1024K, 5 young (5120K), 5 survivors (5120K)
 Metaspace       used 57796K, committed 58432K, reserved 1114112K
  class space    used 8058K, committed 8384K, reserved 1048576K
}
Event: 47.437 GC heap before
{Heap before GC invocations=18 (full 0):
 garbage-first heap   total 98304K, used 52114K [0x0000000081e00000, 0x0000000100000000)
  region size 1024K, 21 young (21504K), 5 survivors (5120K)
 Metaspace       used 59684K, committed 60288K, reserved 1114112K
  class space    used 8314K, committed 8576K, reserved 1048576K
}
Event: 47.447 GC heap after
{Heap after GC invocations=19 (full 0):
 garbage-first heap   total 98304K, used 38533K [0x0000000081e00000, 0x0000000100000000)
  region size 1024K, 5 young (5120K), 5 survivors (5120K)
 Metaspace       used 59684K, committed 60288K, reserved 1114112K
  class space    used 8314K, committed 8576K, reserved 1048576K
}
Event: 47.858 GC heap before
{Heap before GC invocations=20 (full 0):
 garbage-first heap   total 98304K, used 78469K [0x0000000081e00000, 0x0000000100000000)
  region size 1024K, 44 young (45056K), 5 survivors (5120K)
 Metaspace       used 63181K, committed 63744K, reserved 1114112K
  class space    used 8954K, committed 9216K, reserved 1048576K
}
Event: 47.868 GC heap after
{Heap after GC invocations=21 (full 0):
 garbage-first heap   total 98304K, used 40463K [0x0000000081e00000, 0x0000000100000000)
  region size 1024K, 4 young (4096K), 4 survivors (4096K)
 Metaspace       used 63181K, committed 63744K, reserved 1114112K
  class space    used 8954K, committed 9216K, reserved 1048576K
}
Event: 47.883 GC heap before
{Heap before GC invocations=21 (full 0):
 garbage-first heap   total 98304K, used 41487K [0x0000000081e00000, 0x0000000100000000)
  region size 1024K, 5 young (5120K), 4 survivors (4096K)
 Metaspace       used 63343K, committed 63936K, reserved 1114112K
  class space    used 8978K, committed 9280K, reserved 1048576K
}
Event: 47.891 GC heap after
{Heap after GC invocations=22 (full 0):
 garbage-first heap   total 98304K, used 40482K [0x0000000081e00000, 0x0000000100000000)
  region size 1024K, 1 young (1024K), 1 survivors (1024K)
 Metaspace       used 63343K, committed 63936K, reserved 1114112K
  class space    used 8978K, committed 9280K, reserved 1048576K
}
Event: 48.258 GC heap before
{Heap before GC invocations=22 (full 0):
 garbage-first heap   total 98304K, used 79394K [0x0000000081e00000, 0x0000000100000000)
  region size 1024K, 39 young (39936K), 1 survivors (1024K)
 Metaspace       used 64587K, committed 65152K, reserved 1114112K
  class space    used 9156K, committed 9408K, reserved 1048576K
}
Event: 48.260 GC heap after
{Heap after GC invocations=23 (full 0):
 garbage-first heap   total 98304K, used 41686K [0x0000000081e00000, 0x0000000100000000)
  region size 1024K, 2 young (2048K), 2 survivors (2048K)
 Metaspace       used 64587K, committed 65152K, reserved 1114112K
  class space    used 9156K, committed 9408K, reserved 1048576K
}
Event: 48.525 GC heap before
{Heap before GC invocations=23 (full 0):
 garbage-first heap   total 98304K, used 80598K [0x0000000081e00000, 0x0000000100000000)
  region size 1024K, 40 young (40960K), 2 survivors (2048K)
 Metaspace       used 64889K, committed 65472K, reserved 1114112K
  class space    used 9178K, committed 9472K, reserved 1048576K
}
Event: 48.528 GC heap after
{Heap after GC invocations=24 (full 0):
 garbage-first heap   total 98304K, used 42777K [0x0000000081e00000, 0x0000000100000000)
  region size 1024K, 3 young (3072K), 3 survivors (3072K)
 Metaspace       used 64889K, committed 65472K, reserved 1114112K
  class space    used 9178K, committed 9472K, reserved 1048576K
}
Event: 48.943 GC heap before
{Heap before GC invocations=24 (full 0):
 garbage-first heap   total 98304K, used 81689K [0x0000000081e00000, 0x0000000100000000)
  region size 1024K, 41 young (41984K), 3 survivors (3072K)
 Metaspace       used 65243K, committed 65920K, reserved 1114112K
  class space    used 9217K, committed 9536K, reserved 1048576K
}
Event: 48.947 GC heap after
{Heap after GC invocations=25 (full 0):
 garbage-first heap   total 98304K, used 44115K [0x0000000081e00000, 0x0000000100000000)
  region size 1024K, 5 young (5120K), 5 survivors (5120K)
 Metaspace       used 65243K, committed 65920K, reserved 1114112K
  class space    used 9217K, committed 9536K, reserved 1048576K
}
Event: 49.175 GC heap before
{Heap before GC invocations=25 (full 0):
 garbage-first heap   total 98304K, used 80979K [0x0000000081e00000, 0x0000000100000000)
  region size 1024K, 41 young (41984K), 5 survivors (5120K)
 Metaspace       used 65488K, committed 66176K, reserved 1114112K
  class space    used 9234K, committed 9536K, reserved 1048576K
}

Deoptimization events (12 events):
Event: 2.756 Thread 0x0000017e19773420 DEOPT PACKING pc=0x0000017e215a3619 sp=0x000000610a9fd270
Event: 2.756 Thread 0x0000017e19773420 DEOPT UNPACKING pc=0x0000017e210e2b43 sp=0x000000610a9fc750 mode 3
Event: 33.267 Thread 0x0000017e19773420 DEOPT PACKING pc=0x0000017e2172241d sp=0x000000610a9fe010
Event: 33.267 Thread 0x0000017e19773420 DEOPT UNPACKING pc=0x0000017e210e2b43 sp=0x000000610a9fd578 mode 3
Event: 33.753 Thread 0x0000017e19773420 DEOPT PACKING pc=0x0000017e2178cb6c sp=0x000000610a9fe480
Event: 33.753 Thread 0x0000017e19773420 DEOPT UNPACKING pc=0x0000017e210e2b43 sp=0x000000610a9fd920 mode 0
Event: 36.820 Thread 0x0000017e19773420 DEOPT PACKING pc=0x0000017e219b1619 sp=0x000000610a9fdc80
Event: 36.820 Thread 0x0000017e19773420 DEOPT UNPACKING pc=0x0000017e210e2b43 sp=0x000000610a9fd160 mode 3
Event: 43.046 Thread 0x0000017e19773420 DEOPT PACKING pc=0x0000017e21ed134c sp=0x000000610a9f8d90
Event: 43.046 Thread 0x0000017e19773420 DEOPT UNPACKING pc=0x0000017e210e2b43 sp=0x000000610a9f8318 mode 0
Event: 47.335 Thread 0x0000017e19773420 DEOPT PACKING pc=0x0000017e2161d124 sp=0x000000610a9fa890
Event: 47.335 Thread 0x0000017e19773420 DEOPT UNPACKING pc=0x0000017e210e2b43 sp=0x000000610a9f9de8 mode 0

Classes loaded (20 events):
Event: 48.219 Loading class javax/xml/datatype/DatatypeConfigurationException
Event: 48.220 Loading class javax/xml/datatype/DatatypeConfigurationException done
Event: 48.228 Loading class sun/misc/Unsafe
Event: 48.228 Loading class sun/misc/Unsafe done
Event: 48.229 Loading class jdk/internal/access/JavaIOAccess
Event: 48.229 Loading class jdk/internal/access/JavaIOAccess done
Event: 48.229 Loading class jdk/internal/access/JavaNetHttpCookieAccess
Event: 48.229 Loading class jdk/internal/access/JavaNetHttpCookieAccess done
Event: 48.229 Loading class jdk/internal/access/JavaAWTAccess
Event: 48.229 Loading class jdk/internal/access/JavaAWTAccess done
Event: 48.229 Loading class jdk/internal/access/JavaAWTFontAccess
Event: 48.229 Loading class jdk/internal/access/JavaAWTFontAccess done
Event: 48.229 Loading class jdk/internal/access/JavaxCryptoSealedObjectAccess
Event: 48.229 Loading class jdk/internal/access/JavaxCryptoSealedObjectAccess done
Event: 48.229 Loading class sun/nio/ch/Interruptible
Event: 48.230 Loading class sun/nio/ch/Interruptible done
Event: 48.230 Loading class jdk/internal/reflect/ConstantPool$Tag
Event: 48.231 Loading class jdk/internal/reflect/ConstantPool$Tag done
Event: 48.790 Loading class java/io/FileReader
Event: 48.790 Loading class java/io/FileReader done

Classes unloaded (16 events):
Event: 38.064 Thread 0x0000017e2b728970 Unloading class 0x0000000800ce9c00 'java/lang/invoke/LambdaForm$MH+0x0000000800ce9c00'
Event: 38.064 Thread 0x0000017e2b728970 Unloading class 0x0000000800ce9800 'java/lang/invoke/LambdaForm$MH+0x0000000800ce9800'
Event: 38.064 Thread 0x0000017e2b728970 Unloading class 0x0000000800ce9400 'java/lang/invoke/LambdaForm$MH+0x0000000800ce9400'
Event: 38.064 Thread 0x0000017e2b728970 Unloading class 0x0000000800ce9000 'java/lang/invoke/LambdaForm$MH+0x0000000800ce9000'
Event: 38.064 Thread 0x0000017e2b728970 Unloading class 0x0000000800ce8c00 'java/lang/invoke/LambdaForm$MH+0x0000000800ce8c00'
Event: 38.064 Thread 0x0000017e2b728970 Unloading class 0x0000000800cd5400 'java/lang/invoke/LambdaForm$MH+0x0000000800cd5400'
Event: 38.064 Thread 0x0000017e2b728970 Unloading class 0x0000000800cd5000 'java/lang/invoke/LambdaForm$MH+0x0000000800cd5000'
Event: 38.064 Thread 0x0000017e2b728970 Unloading class 0x0000000800cd4c00 'java/lang/invoke/LambdaForm$MH+0x0000000800cd4c00'
Event: 38.064 Thread 0x0000017e2b728970 Unloading class 0x0000000800cd4800 'java/lang/invoke/LambdaForm$MH+0x0000000800cd4800'
Event: 38.064 Thread 0x0000017e2b728970 Unloading class 0x0000000800cd4400 'java/lang/invoke/LambdaForm$MH+0x0000000800cd4400'
Event: 38.064 Thread 0x0000017e2b728970 Unloading class 0x0000000800cc1000 'jdk/internal/reflect/GeneratedSerializationConstructorAccessor3'
Event: 38.064 Thread 0x0000017e2b728970 Unloading class 0x0000000800c0b000 'java/lang/invoke/LambdaForm$DMH+0x0000000800c0b000'
Event: 38.064 Thread 0x0000017e2b728970 Unloading class 0x0000000800c0a800 'java/lang/invoke/LambdaForm$DMH+0x0000000800c0a800'
Event: 38.065 Thread 0x0000017e2b728970 Unloading class 0x0000000800c02400 'java/lang/invoke/LambdaForm$MH+0x0000000800c02400'
Event: 38.065 Thread 0x0000017e2b728970 Unloading class 0x0000000800c02000 'java/lang/invoke/LambdaForm$MH+0x0000000800c02000'
Event: 38.065 Thread 0x0000017e2b728970 Unloading class 0x0000000800c01c00 'java/lang/invoke/LambdaForm$MH+0x0000000800c01c00'

Classes redefined (0 events):
No events

Internal exceptions (20 events):
Event: 42.949 Thread 0x0000017e19773420 Exception <a 'java/lang/NoSuchMethodError'{0x0000000085f3f6e0}: 'int java.lang.invoke.Invokers$Holder.invokeExact_MT(java.lang.Object, java.lang.Object, java.lang.Object)'> (0x0000000085f3f6e0) 
thrown [s\open\src\hotspot\share\interpreter\linkResolver.cpp, line 759]
Event: 42.954 Thread 0x0000017e19773420 Exception <a 'java/lang/NoSuchMethodError'{0x0000000085f928a8}: 'int java.lang.invoke.DirectMethodHandle$Holder.invokeStatic(java.lang.Object, java.lang.Object, java.lang.Object, java.lang.Object, java.lang.Object)'> (0x0000000085f928a8) 
thrown [s\open\src\hotspot\share\interpreter\linkResolver.cpp, line 759]
Event: 42.955 Thread 0x0000017e19773420 Exception <a 'java/lang/NoSuchMethodError'{0x0000000085fa6a28}: 'java.lang.Object java.lang.invoke.DirectMethodHandle$Holder.newInvokeSpecial(java.lang.Object, java.lang.Object, java.lang.Object, java.lang.Object, java.lang.Object, java.lang.Object, java.lang.Object)'> (0x0000000085fa6a28) 
thrown [s\open\src\hotspot\share\interpreter\linkResolver.cpp, line 759]
Event: 42.991 Thread 0x0000017e19773420 Exception <a 'java/lang/NoSuchMethodError'{0x0000000085c333c8}: 'void java.lang.invoke.DirectMethodHandle$Holder.invokeSpecial(java.lang.Object, java.lang.Object, java.lang.Object, java.lang.Object, java.lang.Object, java.lang.Object, java.lang.Object, java.lang.Object)'> (0x0000000085c333c8) 
thrown [s\open\src\hotspot\share\interpreter\linkResolver.cpp, line 759]
Event: 42.994 Thread 0x0000017e19773420 Exception <a 'java/lang/NoSuchMethodError'{0x0000000085c73f20}: 'java.lang.Object java.lang.invoke.DirectMethodHandle$Holder.newInvokeSpecial(java.lang.Object, java.lang.Object, int, java.lang.Object, int, java.lang.Object, java.lang.Object, java.lang.Object)'> (0x0000000085c73f20) 
thrown [s\open\src\hotspot\share\interpreter\linkResolver.cpp, line 759]
Event: 42.995 Thread 0x0000017e19773420 Exception <a 'java/lang/NoSuchMethodError'{0x0000000085c81618}: 'int java.lang.invoke.DirectMethodHandle$Holder.invokeSpecial(java.lang.Object, java.lang.Object, java.lang.Object, java.lang.Object, java.lang.Object, java.lang.Object)'> (0x0000000085c81618) 
thrown [s\open\src\hotspot\share\interpreter\linkResolver.cpp, line 759]
Event: 42.995 Thread 0x0000017e19773420 Exception <a 'java/lang/NoSuchMethodError'{0x0000000085c8ee18}: 'void java.lang.invoke.DirectMethodHandle$Holder.invokeSpecial(java.lang.Object, java.lang.Object, java.lang.Object, java.lang.Object, java.lang.Object, java.lang.Object, java.lang.Object)'> (0x0000000085c8ee18) 
thrown [s\open\src\hotspot\share\interpreter\linkResolver.cpp, line 759]
Event: 43.004 Thread 0x0000017e19773420 Exception <a 'java/lang/NoSuchMethodError'{0x0000000085b16000}: 'java.lang.Object java.lang.invoke.DirectMethodHandle$Holder.newInvokeSpecial(java.lang.Object, java.lang.Object, java.lang.Object, java.lang.Object, java.lang.Object, java.lang.Object, java.lang.Object, int)'> (0x0000000085b16000) 
thrown [s\open\src\hotspot\share\interpreter\linkResolver.cpp, line 759]
Event: 43.004 Thread 0x0000017e19773420 Exception <a 'java/lang/NoSuchMethodError'{0x0000000085b1b7f8}: 'java.lang.Object java.lang.invoke.DirectMethodHandle$Holder.invokeSpecial(java.lang.Object, java.lang.Object, java.lang.Object, java.lang.Object, java.lang.Object, java.lang.Object, java.lang.Object, java.lang.Object, int)'> (0x0000000085b1b7f8) 
thrown [s\open\src\hotspot\share\interpreter\linkResolver.cpp, line 759]
Event: 47.215 Thread 0x0000017e19773420 Exception <a 'java/lang/IncompatibleClassChangeError'{0x0000000084be9e58}: Found class java.lang.Object, but interface was expected> (0x0000000084be9e58) 
thrown [s\open\src\hotspot\share\interpreter\linkResolver.cpp, line 826]
Event: 47.255 Thread 0x0000017e19773420 Exception <a 'java/lang/IncompatibleClassChangeError'{0x0000000087c58910}: Found class java.lang.Object, but interface was expected> (0x0000000087c58910) 
thrown [s\open\src\hotspot\share\interpreter\linkResolver.cpp, line 826]
Event: 47.434 Thread 0x0000017e19773420 Exception <a 'java/lang/IncompatibleClassChangeError'{0x0000000086e67228}: Found class java.lang.Object, but interface was expected> (0x0000000086e67228) 
thrown [s\open\src\hotspot\share\interpreter\linkResolver.cpp, line 826]
Event: 47.510 Thread 0x0000017e19773420 Exception <a 'java/lang/NoSuchMethodError'{0x000000008775d368}: 'int java.lang.invoke.DirectMethodHandle$Holder.invokeStatic(java.lang.Object, int, java.lang.Object)'> (0x000000008775d368) 
thrown [s\open\src\hotspot\share\interpreter\linkResolver.cpp, line 759]
Event: 47.824 Thread 0x0000017e19773420 Exception <a 'java/lang/NoSuchMethodError'{0x00000000858d6e78}: 'void java.lang.invoke.Invokers$Holder.invokeExact_MT(java.lang.Object, java.lang.Object, java.lang.Object, java.lang.Object)'> (0x00000000858d6e78) 
thrown [s\open\src\hotspot\share\interpreter\linkResolver.cpp, line 759]
Event: 47.869 Thread 0x0000017e19773420 Exception <a 'java/lang/NoSuchMethodError'{0x0000000089d14730}: 'java.lang.Object java.lang.invoke.DirectMethodHandle$Holder.newInvokeSpecial(java.lang.Object, java.lang.Object, int)'> (0x0000000089d14730) 
thrown [s\open\src\hotspot\share\interpreter\linkResolver.cpp, line 759]
Event: 47.872 Thread 0x0000017e19773420 Exception <a 'java/lang/IncompatibleClassChangeError'{0x0000000089d33d90}: Found class java.lang.Object, but interface was expected> (0x0000000089d33d90) 
thrown [s\open\src\hotspot\share\interpreter\linkResolver.cpp, line 826]
Event: 47.872 Thread 0x0000017e19773420 Exception <a 'java/lang/IncompatibleClassChangeError'{0x0000000089d3aa98}: Found class java.lang.Object, but interface was expected> (0x0000000089d3aa98) 
thrown [s\open\src\hotspot\share\interpreter\linkResolver.cpp, line 826]
Event: 47.932 Thread 0x0000017e19773420 Exception <a 'java/lang/NoSuchMethodError'{0x0000000087a70ac8}: 'long java.lang.invoke.DirectMethodHandle$Holder.invokeVirtual(java.lang.Object, java.lang.Object)'> (0x0000000087a70ac8) 
thrown [s\open\src\hotspot\share\interpreter\linkResolver.cpp, line 759]
Event: 48.790 Thread 0x0000017e19773420 Exception <a 'java/io/FileNotFoundException'{0x00000000866420d8}> (0x00000000866420d8) 
thrown [s\open\src\hotspot\share\prims\jni.cpp, line 516]
Event: 48.791 Thread 0x0000017e19773420 Exception <a 'java/io/FileNotFoundException'{0x000000008664c9b0}> (0x000000008664c9b0) 
thrown [s\open\src\hotspot\share\prims\jni.cpp, line 516]

VM Operations (20 events):
Event: 47.750 Executing VM operation: HandshakeAllThreads done
Event: 47.858 Executing VM operation: G1CollectForAllocation
Event: 47.868 Executing VM operation: G1CollectForAllocation done
Event: 47.883 Executing VM operation: G1CollectForAllocation
Event: 47.891 Executing VM operation: G1CollectForAllocation done
Event: 47.898 Executing VM operation: HandshakeAllThreads
Event: 47.898 Executing VM operation: HandshakeAllThreads done
Event: 47.899 Executing VM operation: HandshakeAllThreads
Event: 47.899 Executing VM operation: HandshakeAllThreads done
Event: 47.939 Executing VM operation: HandshakeAllThreads
Event: 47.939 Executing VM operation: HandshakeAllThreads done
Event: 48.029 Executing VM operation: HandshakeAllThreads
Event: 48.029 Executing VM operation: HandshakeAllThreads done
Event: 48.257 Executing VM operation: G1CollectForAllocation
Event: 48.260 Executing VM operation: G1CollectForAllocation done
Event: 48.525 Executing VM operation: G1CollectForAllocation
Event: 48.528 Executing VM operation: G1CollectForAllocation done
Event: 48.943 Executing VM operation: G1CollectForAllocation
Event: 48.947 Executing VM operation: G1CollectForAllocation done
Event: 49.175 Executing VM operation: G1CollectForAllocation

Events (20 events):
Event: 45.681 Thread 0x0000017e320b8890 Thread exited: 0x0000017e320b8890
Event: 46.187 Thread 0x0000017e320b8890 Thread added: 0x0000017e320b8890
Event: 46.210 Thread 0x0000017e320b8890 Thread exited: 0x0000017e320b8890
Event: 46.457 Thread 0x0000017e30d9cd00 Thread exited: 0x0000017e30d9cd00
Event: 46.739 Thread 0x0000017e320b8890 Thread added: 0x0000017e320b8890
Event: 46.747 Thread 0x0000017e32399190 Thread added: 0x0000017e32399190
Event: 46.751 Thread 0x0000017e32399190 Thread exited: 0x0000017e32399190
Event: 47.103 Thread 0x0000017e317e6220 Thread exited: 0x0000017e317e6220
Event: 47.253 Thread 0x0000017e2f95da20 Thread added: 0x0000017e2f95da20
Event: 47.256 Thread 0x0000017e2f95da20 Thread exited: 0x0000017e2f95da20
Event: 47.703 Thread 0x0000017e321334d0 Thread added: 0x0000017e321334d0
Event: 47.757 Thread 0x0000017e31db3ee0 Thread added: 0x0000017e31db3ee0
Event: 47.759 Thread 0x0000017e31db3ee0 Thread exited: 0x0000017e31db3ee0
Event: 47.943 Thread 0x0000017e31d6c580 Thread added: 0x0000017e31d6c580
Event: 47.944 Thread 0x0000017e31d6b710 Thread added: 0x0000017e31d6b710
Event: 47.948 Thread 0x0000017e31d6bbe0 Thread added: 0x0000017e31d6bbe0
Event: 48.261 Thread 0x0000017e31d6ca50 Thread added: 0x0000017e31d6ca50
Event: 48.264 Thread 0x0000017e31d6ca50 Thread exited: 0x0000017e31d6ca50
Event: 48.765 Thread 0x0000017e31d69090 Thread added: 0x0000017e31d69090
Event: 48.769 Thread 0x0000017e31d69090 Thread exited: 0x0000017e31d69090


Dynamic libraries:
0x00007ff7d41e0000 - 0x00007ff7d41f0000 	C:\Program Files\Java\jdk-18.0.2.1\bin\java.exe
0x00007ffe28330000 - 0x00007ffe28528000 	C:\WINDOWS\SYSTEM32\ntdll.dll
0x00007ffe267f0000 - 0x00007ffe268af000 	C:\WINDOWS\System32\KERNEL32.DLL
0x00007ffe25a30000 - 0x00007ffe25d02000 	C:\WINDOWS\System32\KERNELBASE.dll
0x00007ffe26280000 - 0x00007ffe26380000 	C:\WINDOWS\System32\ucrtbase.dll
0x00007ffe224b0000 - 0x00007ffe224c8000 	C:\Program Files\Java\jdk-18.0.2.1\bin\jli.dll
0x00007ffe22400000 - 0x00007ffe2241a000 	C:\Program Files\Java\jdk-18.0.2.1\bin\VCRUNTIME140.dll
0x00007ffe27130000 - 0x00007ffe271de000 	C:\WINDOWS\System32\ADVAPI32.dll
0x00007ffe26750000 - 0x00007ffe267ee000 	C:\WINDOWS\System32\msvcrt.dll
0x00007ffe27940000 - 0x00007ffe279dc000 	C:\WINDOWS\System32\sechost.dll
0x00007ffe268b0000 - 0x00007ffe269d5000 	C:\WINDOWS\System32\RPCRT4.dll
0x00007ffe26390000 - 0x00007ffe26531000 	C:\WINDOWS\System32\USER32.dll
0x00007ffe26090000 - 0x00007ffe260b2000 	C:\WINDOWS\System32\win32u.dll
0x00007ffe16000000 - 0x00007ffe1629a000 	C:\WINDOWS\WinSxS\amd64_microsoft.windows.common-controls_6595b64144ccf1df_6.0.19041.1110_none_60b5254171f9507e\COMCTL32.dll
0x00007ffe278a0000 - 0x00007ffe278cb000 	C:\WINDOWS\System32\GDI32.dll
0x00007ffe26170000 - 0x00007ffe2627f000 	C:\WINDOWS\System32\gdi32full.dll
0x00007ffe25fa0000 - 0x00007ffe2603d000 	C:\WINDOWS\System32\msvcp_win.dll
0x00007ffe1fc50000 - 0x00007ffe1fc5a000 	C:\WINDOWS\SYSTEM32\VERSION.dll
0x00007ffe27fe0000 - 0x00007ffe28010000 	C:\WINDOWS\System32\IMM32.DLL
0x00007ffe22480000 - 0x00007ffe2248c000 	C:\Program Files\Java\jdk-18.0.2.1\bin\vcruntime140_1.dll
0x00007ffe169e0000 - 0x00007ffe16a6d000 	C:\Program Files\Java\jdk-18.0.2.1\bin\msvcp140.dll
0x00007ffde2410000 - 0x00007ffde3021000 	C:\Program Files\Java\jdk-18.0.2.1\bin\server\jvm.dll
0x00007ffe27420000 - 0x00007ffe27428000 	C:\WINDOWS\System32\PSAPI.DLL
0x00007ffe16550000 - 0x00007ffe16577000 	C:\WINDOWS\SYSTEM32\WINMM.dll
0x00007ffe20eb0000 - 0x00007ffe20eb9000 	C:\WINDOWS\SYSTEM32\WSOCK32.dll
0x00007ffe271e0000 - 0x00007ffe2724b000 	C:\WINDOWS\System32\WS2_32.dll
0x00007ffe237f0000 - 0x00007ffe23802000 	C:\WINDOWS\SYSTEM32\kernel.appcore.dll
0x00007ffe223b0000 - 0x00007ffe223ba000 	C:\Program Files\Java\jdk-18.0.2.1\bin\jimage.dll
0x00007ffe0e590000 - 0x00007ffe0e774000 	C:\WINDOWS\SYSTEM32\DBGHELP.DLL
0x00007ffe0e140000 - 0x00007ffe0e175000 	C:\WINDOWS\SYSTEM32\dbgcore.DLL
0x00007ffe25d10000 - 0x00007ffe25d92000 	C:\WINDOWS\System32\bcryptPrimitives.dll
0x00007ffe16af0000 - 0x00007ffe16afe000 	C:\Program Files\Java\jdk-18.0.2.1\bin\instrument.dll
0x00007ffe1e5d0000 - 0x00007ffe1e5f5000 	C:\Program Files\Java\jdk-18.0.2.1\bin\java.dll
0x00007ffe16900000 - 0x00007ffe169d6000 	C:\Program Files\Java\jdk-18.0.2.1\bin\jsvml.dll
0x00007ffe269e0000 - 0x00007ffe27125000 	C:\WINDOWS\System32\SHELL32.dll
0x00007ffe23ad0000 - 0x00007ffe24262000 	C:\WINDOWS\SYSTEM32\windows.storage.dll
0x00007ffe27c20000 - 0x00007ffe27f75000 	C:\WINDOWS\System32\combase.dll
0x00007ffe25490000 - 0x00007ffe254c0000 	C:\WINDOWS\SYSTEM32\Wldp.dll
0x00007ffe26540000 - 0x00007ffe265ed000 	C:\WINDOWS\System32\SHCORE.dll
0x00007ffe281c0000 - 0x00007ffe28215000 	C:\WINDOWS\System32\shlwapi.dll
0x00007ffe25970000 - 0x00007ffe2598f000 	C:\WINDOWS\SYSTEM32\profapi.dll
0x00007ffe1e590000 - 0x00007ffe1e5a8000 	C:\Program Files\Java\jdk-18.0.2.1\bin\zip.dll
0x00007ffe207e0000 - 0x00007ffe207f3000 	C:\Program Files\Java\jdk-18.0.2.1\bin\net.dll
0x00007ffe1d7b0000 - 0x00007ffe1d8ba000 	C:\WINDOWS\SYSTEM32\WINHTTP.dll
0x00007ffe251f0000 - 0x00007ffe2525a000 	C:\WINDOWS\system32\mswsock.dll
0x00007ffe1e5b0000 - 0x00007ffe1e5c6000 	C:\Program Files\Java\jdk-18.0.2.1\bin\nio.dll
0x00007ffe16ad0000 - 0x00007ffe16aea000 	D:\SoftWare\SetupLocation\IntelligeIdea\IntelliJ IDEA 2023.1\bin\breakgen64.dll
0x00007ffe24ed0000 - 0x00007ffe24f9b000 	C:\WINDOWS\SYSTEM32\DNSAPI.dll
0x00007ffe24e90000 - 0x00007ffe24ecb000 	C:\WINDOWS\SYSTEM32\IPHLPAPI.DLL
0x00007ffe27930000 - 0x00007ffe27938000 	C:\WINDOWS\System32\NSI.dll
0x00007ffe165a0000 - 0x00007ffe165aa000 	C:\Windows\System32\rasadhlp.dll
0x00007ffe16320000 - 0x00007ffe163a0000 	C:\WINDOWS\System32\fwpuclnt.dll
0x00007ffe25e10000 - 0x00007ffe25e37000 	C:\WINDOWS\System32\bcrypt.dll
0x00007ffe1e3d0000 - 0x00007ffe1e3d9000 	C:\Program Files\Java\jdk-18.0.2.1\bin\management.dll
0x00007ffe16b00000 - 0x00007ffe16b0b000 	C:\Program Files\Java\jdk-18.0.2.1\bin\management_ext.dll
0x00007ffe253f0000 - 0x00007ffe25408000 	C:\WINDOWS\SYSTEM32\CRYPTSP.dll
0x00007ffe24aa0000 - 0x00007ffe24ad4000 	C:\WINDOWS\system32\rsaenh.dll
0x00007ffe258f0000 - 0x00007ffe2591e000 	C:\WINDOWS\SYSTEM32\USERENV.dll
0x00007ffe253e0000 - 0x00007ffe253ec000 	C:\WINDOWS\SYSTEM32\CRYPTBASE.dll
0x00007ffe1e570000 - 0x00007ffe1e587000 	C:\WINDOWS\SYSTEM32\dhcpcsvc6.DLL
0x00007ffe1ead0000 - 0x00007ffe1eaed000 	C:\WINDOWS\SYSTEM32\dhcpcsvc.DLL
0x00007ffe0ab80000 - 0x00007ffe0ab97000 	C:\WINDOWS\system32\napinsp.dll
0x00007ffe0ab60000 - 0x00007ffe0ab7b000 	C:\WINDOWS\system32\pnrpnsp.dll
0x00007ffe0ab40000 - 0x00007ffe0ab55000 	C:\WINDOWS\system32\wshbth.dll
0x00007ffe21dc0000 - 0x00007ffe21ddd000 	C:\WINDOWS\system32\NLAapi.dll
0x00007ffe0ab20000 - 0x00007ffe0ab32000 	C:\WINDOWS\System32\winrnr.dll
0x00007ffe1e3e0000 - 0x00007ffe1e3f0000 	C:\Program Files\Java\jdk-18.0.2.1\bin\verify.dll
0x00007ffe16ac0000 - 0x00007ffe16ace000 	C:\Program Files\Java\jdk-18.0.2.1\bin\sunmscapi.dll
0x00007ffe25e40000 - 0x00007ffe25f96000 	C:\WINDOWS\System32\CRYPT32.dll
0x00007ffe25500000 - 0x00007ffe25527000 	C:\WINDOWS\SYSTEM32\ncrypt.dll
0x00007ffe254c0000 - 0x00007ffe254fb000 	C:\WINDOWS\SYSTEM32\NTASN1.dll

dbghelp: loaded successfully - version: 4.0.5 - missing functions: none
symbol engine: initialized successfully - sym options: 0x614 - pdb path: .;C:\Program Files\Java\jdk-18.0.2.1\bin;C:\WINDOWS\SYSTEM32;C:\WINDOWS\WinSxS\amd64_microsoft.windows.common-controls_6595b64144ccf1df_6.0.19041.1110_none_60b5254171f9507e;C:\Program Files\Java\jdk-18.0.2.1\bin\server;D:\SoftWare\SetupLocation\IntelligeIdea\IntelliJ IDEA 2023.1\bin

VM Arguments:
jvm_args: -XX:TieredStopAtLevel=1 -Dspring.output.ansi.enabled=always -Dcom.sun.management.jmxremote -Dspring.jmx.enabled=true -Dspring.liveBeansView.mbeanDomain -Dspring.application.admin.enabled=true -Dmanagement.endpoints.jmx.exposure.include=* -javaagent:D:\SoftWare\SetupLocation\IntelligeIdea\IntelliJ IDEA 2023.1\lib\idea_rt.jar=55899:D:\SoftWare\SetupLocation\IntelligeIdea\IntelliJ IDEA 2023.1\bin -Dfile.encoding=UTF-8 -Dsun.stdout.encoding=UTF-8 -Dsun.stderr.encoding=UTF-8 
java_command: com.nifs.backend.BackendApplication
java_class_path (initial): G:\CourseWorks\ThirdYear\Second Semester\CS304_ ProjectinComputingI(3)\Workspace\server\target\classes;C:\Users\RAVINDU FERNANDO\.m2\repository\org\springframework\boot\spring-boot-starter\3.0.1\spring-boot-starter-3.0.1.jar;C:\Users\RAVINDU FERNANDO\.m2\repository\org\springframework\boot\spring-boot\3.0.0\spring-boot-3.0.0.jar;C:\Users\RAVINDU FERNANDO\.m2\repository\org\springframework\boot\spring-boot-starter-logging\3.0.0\spring-boot-starter-logging-3.0.0.jar;C:\Users\RAVINDU FERNANDO\.m2\repository\ch\qos\logback\logback-classic\1.4.5\logback-classic-1.4.5.jar;C:\Users\RAVINDU FERNANDO\.m2\repository\ch\qos\logback\logback-core\1.4.5\logback-core-1.4.5.jar;C:\Users\RAVINDU FERNANDO\.m2\repository\org\apache\logging\log4j\log4j-to-slf4j\2.19.0\log4j-to-slf4j-2.19.0.jar;C:\Users\RAVINDU FERNANDO\.m2\repository\org\apache\logging\log4j\log4j-api\2.19.0\log4j-api-2.19.0.jar;C:\Users\RAVINDU FERNANDO\.m2\repository\org\slf4j\jul-to-slf4j\2.0.4\jul-to-slf4j-2.0.4.jar;C:\Users\RAVINDU FERNANDO\.m2\repository\jakarta\annotation\jakarta.annotation-api\2.1.1\jakarta.annotation-api-2.1.1.jar;C:\Users\RAVINDU FERNANDO\.m2\repository\org\springframework\spring-core\6.0.2\spring-core-6.0.2.jar;C:\Users\RAVINDU FERNANDO\.m2\repository\org\springframework\spring-jcl\6.0.2\spring-jcl-6.0.2.jar;C:\Users\RAVINDU FERNANDO\.m2\repository\org\yaml\snakeyaml\1.33\snakeyaml-1.33.jar;C:\Users\RAVINDU FERNANDO\.m2\repository\jakarta\xml\bind\jakarta.xml.bind-api\4.0.0\jakarta.xml.bind-api-4.0.0.jar;C:\Users\RAVINDU FERNANDO\.m2\repository\jakarta\activation\jakarta.activation-api\2.1.0\jakarta.activation-api-2.1.0.jar;C:\Users\RAVINDU FERNANDO\.m2\repository\net\bytebuddy\byte-buddy\1.12.19\byte-buddy-1.12.19.jar;C:\Users\RAVINDU FERNANDO\.m2\repository\org\springframework\boot\spring-boot-starter-data-jpa\3.0.1\spring-boot-starter-data-jpa-3.0.1.jar;C:\Users\RAVINDU FERNANDO\.m2\repository\org\springframework\boot\spring-boot-starter-aop\3.0.0\spring-boot-starter-aop-3.0.0.jar;C:\Users\RAVINDU FERNANDO\.m2\repository\org\aspectj\aspectjweaver\1.9.9.1\aspectjweaver-1.9.9.1.jar;C:\Users\RAVINDU FERNANDO\.m2\repository\org\springframework\boot\spring-boot-starter-jdbc\3.0.0\spring-boot-starter-jdbc-3.0.0.jar;C:\Users\RAVINDU FERNANDO\.m2\repository\com\zaxxer\HikariCP\5.0.1\HikariCP-5.0.1.jar;C:\Users\RAVINDU FERNANDO\.m2\repository\org\springframework\spring-jdbc\6.0.2\spring-jdbc-6.0.2.jar;C:\Users\RAVINDU FERNANDO\.m2\repository\org\hibernate\orm\hibernate-core\6.1.5.Final\hibernate-core-6.1.5.Final.jar;C:\Users\RAVINDU FERNANDO\.m2\repository\jakarta\persistence\jakarta.persistence-api\3.1.0\jakarta.persistence-api-3.1.0.jar;C:\Users\RAVINDU FERNANDO\.m2\repository\jakarta\transaction\jakarta.transaction-api\2.0.1\jakarta.transaction-api-2.0.1.jar;C:\Users\RAVINDU FERNANDO\.m2\repository\org\jboss\logging\jboss-logging\3.5.0.Final\jboss-logging-3.5.0.Final.jar;C:\Users\RAVINDU FERNANDO\.m2\repository\org\hibernate\common\hibernate-commons-annotations\6.0.2.Final\hibernate-commons-annotations-6.0.2.Final.jar;C:\Users\RAVINDU FERNANDO\.m2\repository\org\jboss\jandex\2.4.2.Final\jandex-2.4.2.Final.jar;C:\Users\RAVINDU FERNANDO\.m2\repository\org\glassfish\jaxb\jaxb-runtime\4.0.1\jaxb-runtime-4.0.1.jar;C:\Users\RAVINDU FERNANDO\.m2\repository\org\glassfish\jaxb\jaxb-core\4.0.1\jaxb-core-4.0.1.jar;C:\Users\RAVINDU FERNANDO\.m2\repository\org\glassfish\jaxb\txw2\4.0.1\txw2-4.0.1.jar;C:\Users\RAVINDU FERNANDO\.m2\repository\com\sun\istack\istack-commons-runtime\4.1.1\istack-commons-runtime-4.1.1.jar;C:\Users\RAVINDU FERNANDO\.m2\repository\jakarta\inject\jakarta.inject-api\2.0.0\jakarta.inject-api-2.0.0.jar;C:\Users\RAVINDU FERNANDO\.m2\repository\org\antlr\antlr4-runtime\4.10.1\antlr4-runtime-4.10.1.jar;C:\Users\RAVINDU FERNANDO\.m2\repository\org\springframework\data\spring-data-jpa\3.0.0\spring-data-jpa-3.0.0.jar;C:\Users\RAVINDU FERNANDO\.m2\repository\org\springframework\data\spring-data-commons\3.0.0\spring-data-commons-3.0.0.jar;C:\Users\RAVINDU FERNANDO\.m2\repository\org\springframework\spring-orm\6.0.2\spring-orm-6.0.2.jar;C:\Users\RAVINDU FERNANDO\.m2\repository\org\springframework\spring-tx\6.0.2\spring-tx-6.0.2.jar;C:\Users\RAVINDU FERNANDO\.m2\repository\org\springframework\spring-aspects\6.0.2\spring-aspects-6.0.2.jar;C:\Users\RAVINDU FERNANDO\.m2\repository\org\springframework\boot\spring-boot-starter-web\3.0.1\spring-boot-starter-web-3.0.1.jar;C:\Users\RAVINDU FERNANDO\.m2\repository\org\springframework\boot\spring-boot-starter-json\3.0.0\spring-boot-starter-json-3.0.0.jar;C:\Users\RAVINDU FERNANDO\.m2\repository\com\fasterxml\jackson\datatype\jackson-datatype-jdk8\2.14.1\jackson-datatype-jdk8-2.14.1.jar;C:\Users\RAVINDU FERNANDO\.m2\repository\com\fasterxml\jackson\datatype\jackson-datatype-jsr310\2.14.1\jackson-datatype-jsr310-2.14.1.jar;C:\Users\RAVINDU FERNANDO\.m2\repository\com\fasterxml\jackson\module\jackson-module-parameter-names\2.14.1\jackson-module-parameter-names-2.14.1.jar;C:\Users\RAVINDU FERNANDO\.m2\repository\org\springframework\boot\spring-boot-starter-tomcat\3.0.0\spring-boot-starter-tomcat-3.0.0.jar;C:\Users\RAVINDU FERNANDO\.m2\repository\org\apache\tomcat\embed\tomcat-embed-core\10.1.1\tomcat-embed-core-10.1.1.jar;C:\Users\RAVINDU FERNANDO\.m2\repository\org\apache\tomcat\embed\tomcat-embed-el\10.1.1\tomcat-embed-el-10.1.1.jar;C:\Users\RAVINDU FERNANDO\.m2\repository\org\apache\tomcat\embed\tomcat-embed-websocket\10.1.1\tomcat-embed-websocket-10.1.1.jar;C:\Users\RAVINDU FERNANDO\.m2\repository\org\springframework\spring-web\6.0.2\spring-web-6.0.2.jar;C:\Users\RAVINDU FERNANDO\.m2\repository\io\micrometer\micrometer-observation\1.10.2\micrometer-observation-1.10.2.jar;C:\Users\RAVINDU FERNANDO\.m2\repository\io\micrometer\micrometer-commons\1.10.2\micrometer-commons-1.10.2.jar;C:\Users\RAVINDU FERNANDO\.m2\repository\org\springframework\spring-webmvc\6.0.2\spring-webmvc-6.0.2.jar;C:\Users\RAVINDU FERNANDO\.m2\repository\org\springframework\security\spring-security-web\6.0.0\spring-security-web-6.0.0.jar;C:\Users\RAVINDU FERNANDO\.m2\repository\org\springframework\security\spring-security-core\6.0.0\spring-security-core-6.0.0.jar;C:\Users\RAVINDU FERNANDO\.m2\repository\org\springframework\security\spring-security-crypto\6.0.0\spring-security-crypto-6.0.0.jar;C:\Users\RAVINDU FERNANDO\.m2\repository\org\springframework\spring-aop\6.0.2\spring-aop-6.0.2.jar;C:\Users\RAVINDU FERNANDO\.m2\repository\org\springframework\spring-beans\6.0.2\spring-beans-6.0.2.jar;C:\Users\RAVINDU FERNANDO\.m2\repository\org\springframework\spring-context\6.0.2\spring-context-6.0.2.jar;C:\Users\RAVINDU FERNANDO\.m2\repository\org\springframework\spring-expression\6.0.2\spring-expression-6.0.2.jar;C:\Users\RAVINDU FERNANDO\.m2\repository\com\mysql\mysql-connector-j\8.0.31\mysql-connector-j-8.0.31.jar;C:\Users\RAVINDU FERNANDO\.m2\repository\com\h2database\h2\2.1.214\h2-2.1.214.jar;C:\Users\RAVINDU FERNANDO\.m2\repository\org\springframework\boot\spring-boot-autoconfigure\3.0.1\spring-boot-autoconfigure-3.0.1.jar;C:\Users\RAVINDU FERNANDO\.m2\repository\org\projectlombok\lombok\1.18.24\lombok-1.18.24.jar;C:\Users\RAVINDU FERNANDO\.m2\repository\io\springfox\springfox-swagger2\3.0.0\springfox-swagger2-3.0.0.jar;C:\Users\RAVINDU FERNANDO\.m2\repository\io\springfox\springfox-spi\3.0.0\springfox-spi-3.0.0.jar;C:\Users\RAVINDU FERNANDO\.m2\repository\io\springfox\springfox-core\3.0.0\springfox-core-3.0.0.jar;C:\Users\RAVINDU FERNANDO\.m2\repository\io\springfox\springfox-schema\3.0.0\springfox-schema-3.0.0.jar;C:\Users\RAVINDU FERNANDO\.m2\repository\io\springfox\springfox-swagger-common\3.0.0\springfox-swagger-common-3.0.0.jar;C:\Users\RAVINDU FERNANDO\.m2\repository\io\swagger\core\v3\swagger-annotations\2.1.2\swagger-annotations-2.1.2.jar;C:\Users\RAVINDU FERNANDO\.m2\repository\io\springfox\springfox-spring-web\3.0.0\springfox-spring-web-3.0.0.jar;C:\Users\RAVINDU FERNANDO\.m2\repository\io\github\classgraph\classgraph\4.8.83\classgraph-4.8.83.jar;C:\Users\RAVINDU FERNANDO\.m2\repository\io\springfox\springfox-spring-webmvc\3.0.0\springfox-spring-webmvc-3.0.0.jar;C:\Users\RAVINDU FERNANDO\.m2\repository\io\springfox\springfox-spring-webflux\3.0.0\springfox-spring-webflux-3.0.0.jar;C:\Users\RAVINDU FERNANDO\.m2\repository\com\fasterxml\classmate\1.5.1\classmate-1.5.1.jar;C:\Users\RAVINDU FERNANDO\.m2\repository\org\slf4j\slf4j-api\2.0.4\slf4j-api-2.0.4.jar;C:\Users\RAVINDU FERNANDO\.m2\repository\org\springframework\plugin\spring-plugin-core\2.0.0.RELEASE\spring-plugin-core-2.0.0.RELEASE.jar;C:\Users\RAVINDU FERNANDO\.m2\repository\org\springframework\plugin\spring-plugin-metadata\2.0.0.RELEASE\spring-plugin-metadata-2.0.0.RELEASE.jar;C:\Users\RAVINDU FERNANDO\.m2\repository\io\swagger\swagger-annotations\1.5.20\swagger-annotations-1.5.20.jar;C:\Users\RAVINDU FERNANDO\.m2\repository\io\swagger\swagger-models\1.5.20\swagger-models-1.5.20.jar;C:\Users\RAVINDU FERNANDO\.m2\repository\com\fasterxml\jackson\core\jackson-annotations\2.14.1\jackson-annotations-2.14.1.jar;C:\Users\RAVINDU FERNANDO\.m2\repository\org\mapstruct\mapstruct\1.3.1.Final\mapstruct-1.3.1.Final.jar;C:\Users\RAVINDU FERNANDO\.m2\repository\io\springfox\springfox-boot-starter\3.0.0\springfox-boot-starter-3.0.0.jar;C:\Users\RAVINDU FERNANDO\.m2\repository\io\springfox\springfox-oas\3.0.0\springfox-oas-3.0.0.jar;C:\Users\RAVINDU FERNANDO\.m2\repository\io\swagger\core\v3\swagger-models\2.1.2\swagger-models-2.1.2.jar;C:\Users\RAVINDU FERNANDO\.m2\repository\io\springfox\springfox-data-rest\3.0.0\springfox-data-rest-3.0.0.jar;C:\Users\RAVINDU FERNANDO\.m2\repository\io\springfox\springfox-bean-validators\3.0.0\springfox-bean-validators-3.0.0.jar;C:\Users\RAVINDU FERNANDO\.m2\repository\io\springfox\springfox-swagger-ui\3.0.0\springfox-swagger-ui-3.0.0.jar;C:\Users\RAVINDU FERNANDO\.m2\repository\org\jetbrains\annotations\24.0.1\annotations-24.0.1.jar;C:\Users\RAVINDU FERNANDO\.m2\repository\org\springframework\boot\spring-boot-starter-graphql\3.0.0\spring-boot-starter-graphql-3.0.0.jar;C:\Users\RAVINDU FERNANDO\.m2\repository\org\springframework\graphql\spring-graphql\1.1.0\spring-graphql-1.1.0.jar;C:\Users\RAVINDU FERNANDO\.m2\repository\com\graphql-java\graphql-java\19.2\graphql-java-19.2.jar;C:\Users\RAVINDU FERNANDO\.m2\repository\com\graphql-java\java-dataloader\3.2.0\java-dataloader-3.2.0.jar;C:\Users\RAVINDU FERNANDO\.m2\repository\org\reactivestreams\reactive-streams\1.0.4\reactive-streams-1.0.4.jar;C:\Users\RAVINDU FERNANDO\.m2\repository\io\projectreactor\reactor-core\3.5.0\reactor-core-3.5.0.jar;C:\Users\RAVINDU FERNANDO\.m2\repository\io\micrometer\context-propagation\1.0.0\context-propagation-1.0.0.jar;C:\Users\RAVINDU FERNANDO\.m2\repository\org\modelmapper\modelmapper\2.4.4\modelmapper-2.4.4.jar;C:\Users\RAVINDU FERNANDO\.m2\repository\org\springframework\boot\spring-boot-starter-security\3.0.0\spring-boot-starter-security-3.0.0.jar;C:\Users\RAVINDU FERNANDO\.m2\repository\org\springframework\security\spring-security-config\6.0.0\spring-security-config-6.0.0.jar;C:\Users\RAVINDU FERNANDO\.m2\repository\io\jsonwebtoken\jjwt-api\0.11.5\jjwt-api-0.11.5.jar;C:\Users\RAVINDU FERNANDO\.m2\repository\io\jsonwebtoken\jjwt-jackson\0.11.5\jjwt-jackson-0.11.5.jar;C:\Users\RAVINDU FERNANDO\.m2\repository\com\fasterxml\jackson\core\jackson-databind\2.14.1\jackson-databind-2.14.1.jar;C:\Users\RAVINDU FERNANDO\.m2\repository\com\fasterxml\jackson\core\jackson-core\2.14.1\jackson-core-2.14.1.jar;C:\Users\RAVINDU FERNANDO\.m2\repository\io\jsonwebtoken\jjwt-impl\0.11.5\jjwt-impl-0.11.5.jar;C:\Users\RAVINDU FERNANDO\.m2\repository\javax\servlet\javax.servlet-api\4.0.1\javax.servlet-api-4.0.1.jar;C:\Users\RAVINDU FERNANDO\.m2\repository\org\springframework\boot\spring-boot-starter-webflux\3.0.0\spring-boot-starter-webflux-3.0.0.jar;C:\Users\RAVINDU FERNANDO\.m2\repository\org\springframework\boot\spring-boot-starter-reactor-netty\3.0.0\spring-boot-starter-reactor-netty-3.0.0.jar;C:\Users\RAVINDU FERNANDO\.m2\repository\io\projectreactor\netty\reactor-netty-http\1.1.0\reactor-netty-http-1.1.0.jar;C:\Users\RAVINDU FERNANDO\.m2\repository\io\netty\netty-codec-http\4.1.85.Final\netty-codec-http-4.1.85.Final.jar;C:\Users\RAVINDU FERNANDO\.m2\repository\io\netty\netty-common\4.1.85.Final\netty-common-4.1.85.Final.jar;C:\Users\RAVINDU FERNANDO\.m2\repository\io\netty\netty-buffer\4.1.85.Final\netty-buffer-4.1.85.Final.jar;C:\Users\RAVINDU FERNANDO\.m2\repository\io\netty\netty-transport\4.1.85.Final\netty-transport-4.1.85.Final.jar;C:\Users\RAVINDU FERNANDO\.m2\repository\io\netty\netty-codec\4.1.85.Final\netty-codec-4.1.85.Final.jar;C:\Users\RAVINDU FERNANDO\.m2\repository\io\netty\netty-handler\4.1.85.Final\netty-handler-4.1.85.Final.jar;C:\Users\RAVINDU FERNANDO\.m2\repository\io\netty\netty-codec-http2\4.1.85.Final\netty-codec-http2-4.1.85.Final.jar;C:\Users\RAVINDU FERNANDO\.m2\repository\io\netty\netty-resolver-dns\4.1.85.Final\netty-resolver-dns-4.1.85.Final.jar;C:\Users\RAVINDU FERNANDO\.m2\repository\io\netty\netty-resolver\4.1.85.Final\netty-resolver-4.1.85.Final.jar;C:\Users\RAVINDU FERNANDO\.m2\repository\io\netty\netty-codec-dns\4.1.85.Final\netty-codec-dns-4.1.85.Final.jar;C:\Users\RAVINDU FERNANDO\.m2\repository\io\netty\netty-resolver-dns-native-macos\4.1.85.Final\netty-resolver-dns-native-macos-4.1.85.Final-osx-x86_64.jar;C:\Users\RAVINDU FERNANDO\.m2\repository\io\netty\netty-resolver-dns-classes-macos\4.1.85.Final\netty-resolver-dns-classes-macos-4.1.85.Final.jar;C:\Users\RAVINDU FERNANDO\.m2\repository\io\netty\netty-transport-native-epoll\4.1.85.Final\netty-transport-native-epoll-4.1.85.Final-linux-x86_64.jar;C:\Users\RAVINDU FERNANDO\.m2\repository\io\netty\netty-transport-native-unix-common\4.1.85.Final\netty-transport-native-unix-common-4.1.85.Final.jar;C:\Users\RAVINDU FERNANDO\.m2\repository\io\netty\netty-transport-classes-epoll\4.1.85.Final\netty-transport-classes-epoll-4.1.85.Final.jar;C:\Users\RAVINDU FERNANDO\.m2\repository\io\projectreactor\netty\reactor-netty-core\1.1.0\reactor-netty-core-1.1.0.jar;C:\Users\RAVINDU FERNANDO\.m2\repository\io\netty\netty-handler-proxy\4.1.85.Final\netty-handler-proxy-4.1.85.Final.jar;C:\Users\RAVINDU FERNANDO\.m2\repository\io\netty\netty-codec-socks\4.1.85.Final\netty-codec-socks-4.1.85.Final.jar;C:\Users\RAVINDU FERNANDO\.m2\repository\org\springframework\spring-webflux\6.0.2\spring-webflux-6.0.2.jar;C:\Users\RAVINDU FERNANDO\.m2\repository\commons-fileupload\commons-fileupload\1.5\commons-fileupload-1.5.jar;C:\Users\RAVINDU FERNANDO\.m2\repository\commons-io\commons-io\2.11.0\commons-io-2.11.0.jar;C:\Users\RAVINDU FERNANDO\.m2\repository\org\springframework\boot\spring-boot-starter-mail\3.0.0\spring-boot-starter-mail-3.0.0.jar;C:\Users\RAVINDU FERNANDO\.m2\repository\org\springframework\spring-context-support\6.0.2\spring-context-support-6.0.2.jar;C:\Users\RAVINDU FERNANDO\.m2\repository\org\eclipse\angus\jakarta.mail\1.0.0\jakarta.mail-1.0.0.jar;C:\Users\RAVINDU FERNANDO\.m2\repository\org\eclipse\angus\angus-activation\1.0.0\angus-activation-1.0.0.jar;C:\Users\RAVINDU FERNANDO\.m2\repository\org\springframework\boot\spring-boot-starter-websocket\3.0.0\spring-boot-starter-websocket-3.0.0.jar;C:\Users\RAVINDU FERNANDO\.m2\repository\org\springframework\spring-messaging\6.0.2\spring-messaging-6.0.2.jar;C:\Users\RAVINDU FERNANDO\.m2\repository\org\springframework\spring-websocket\6.0.2\spring-websocket-6.0.2.jar
Launcher Type: SUN_STANDARD

[Global flags]
     intx CICompilerCount                          = 4                                         {product} {ergonomic}
     uint ConcGCThreads                            = 2                                         {product} {ergonomic}
     uint G1ConcRefinementThreads                  = 8                                         {product} {ergonomic}
   size_t G1HeapRegionSize                         = 1048576                                   {product} {ergonomic}
    uintx GCDrainStackTargetSize                   = 64                                        {product} {ergonomic}
   size_t InitialHeapSize                          = 134217728                                 {product} {ergonomic}
     bool ManagementServer                         = true                                      {product} {command line}
   size_t MarkStackSize                            = 4194304                                   {product} {ergonomic}
   size_t MaxHeapSize                              = 2116026368                                {product} {ergonomic}
   size_t MaxNewSize                               = 1268776960                                {product} {ergonomic}
   size_t MinHeapDeltaBytes                        = 1048576                                   {product} {ergonomic}
   size_t MinHeapSize                              = 8388608                                   {product} {ergonomic}
    uintx NonProfiledCodeHeapSize                  = 0                                      {pd product} {ergonomic}
     bool ProfileInterpreter                       = false                                  {pd product} {command line}
    uintx ProfiledCodeHeapSize                     = 0                                      {pd product} {ergonomic}
   size_t SoftMaxHeapSize                          = 2116026368                             {manageable} {ergonomic}
     intx TieredStopAtLevel                        = 1                                         {product} {command line}
     bool UseCompressedClassPointers               = true                           {product lp64_product} {ergonomic}
     bool UseCompressedOops                        = true                           {product lp64_product} {ergonomic}
     bool UseG1GC                                  = true                                      {product} {ergonomic}
     bool UseLargePagesIndividualAllocation        = false                                  {pd product} {ergonomic}

Logging:
Log output configuration:
 #0: stdout all=warning uptime,level,tags foldmultilines=false
 #1: stderr all=off uptime,level,tags foldmultilines=false

Environment Variables:
JAVA_HOME=C:\Program Files\Java\jdk-11.0.4
PATH=C:\Program Files\Python311\Scripts\;C:\Program Files\Python311\;C:\Program Files\Java\jdk-11.0.4\bin;C:\Program Files\Common Files\Oracle\Java\javapath;C:\Program Files (x86)\Common Files\Oracle\Java\javapath;D:\SoftWare\SetupLocation\apache-maven-3.6.3-bin\apache-maven-3.6.3\bin;C:\Program Files\MongoDB\Server\4.4\bin;C:\Program Files (x86)\Intel\iCLS Client\;C:\Program Files\Intel\iCLS Client\;C:\Windows\system32;C:\Windows;C:\Windows\System32\Wbem;C:\Windows\System32\WindowsPowerShell\v1.0\;C:\Program Files (x86)\Intel\Intel(R) Management Engine Components\DAL;C:\Program Files\Intel\Intel(R) Management Engine Components\DAL;C:\Program Files (x86)\Intel\Intel(R) Management Engine Components\IPT;C:\Program Files\Intel\Intel(R) Management Engine Components\IPT;C:\Program Files (x86)\NVIDIA Corporation\PhysX\Common;C:\WINDOWS\system32;C:\WINDOWS;C:\WINDOWS\System32\Wbem;C:\WINDOWS\System32\WindowsPowerShell\v1.0\;C:\WINDOWS\System32\OpenSSH\;C:\Program Files\Git\cmd;;C:\Program Files (x86)\Microsoft SQL Server\150\DTS\Binn\;D:\SoftWare\SetupLocation\node\;C:\Program Files\MySQL\MySQL Shell 8.0\bin\;D:\SoftWare\SetupLocation\apache-maven-3.6.3-bin\apache-maven-3.6.3\bin;C:\Program Files\MongoDB\Server\4.4\bin;C:\Users\RAVINDU FERNANDO\AppData\Local\Microsoft\WindowsApps;C:\Program Files\JetBrains\PyCharm Community Edition 2019.1.3\bin;C:\xampp\php;C:\Users\RAVINDU FERNANDO\AppData\Local\Microsoft\WindowsApps;D:\SoftWare\SetupLocation\pycharmSetup\PyCharm Community Edition 2020.3.3\bin;;D:\SoftWare\SetupLocation\IntelligeIdea\IntelliJ IDEA 2023.1\bin;;D:\SoftWare\SetupLocation\Microsoft VS Code\bin;C:\Program Files\Java\jdk-11.0.4\bin;C:\Program Files\Azure Data Studio\bin;C:\Program Files\Azure Data Studio\bin;C:\Users\RAVINDU FERNANDO\AppData\Roaming\npm;C:\Users\RAVINDU FERNANDO\AppData\Local\GitHubDesktop\bin
USERNAME=RAVINDU FERNANDO
OS=Windows_NT
PROCESSOR_IDENTIFIER=Intel64 Family 6 Model 142 Stepping 10, GenuineIntel



---------------  S Y S T E M  ---------------

OS:
 Windows 10 , 64 bit Build 19041 (10.0.19041.2546)
OS uptime: 0 days 5:00 hours

CPU: total 8 (initial active 8) (4 cores per cpu, 2 threads per core) family 6 model 142 stepping 10 microcode 0xb4, cx8, cmov, fxsr, ht, mmx, 3dnowpref, sse, sse2, sse3, ssse3, sse4.1, sse4.2, popcnt, lzcnt, tsc, tscinvbit, avx, avx2, aes, erms, clmul, bmi1, bmi2, adx, fma, vzeroupper, clflush, clflushopt

Memory: 4k page, system-wide physical 8069M (362M free)
TotalPageFile size 12165M (AvailPageFile size 60M)
current process WorkingSet (physical memory assigned to process): 249M, peak: 249M
current process commit charge ("private bytes"): 325M, peak: 389M

vm_info: Java HotSpot(TM) 64-Bit Server VM (18.0.2.1+1-1) for windows-amd64 JRE (18.0.2.1+1-1), built on Aug 16 2022 01:46:33 by "mach5one" with MS VC++ 16.8 / 16.9 (VS2019)

END.
