#
# There is insufficient memory for the Java Runtime Environment to continue.
# Native memory allocation (mmap) failed to map 10485760 bytes for G1 virtual space
# Possible reasons:
#   The system is out of physical RAM or swap space
#   The process is running with CompressedOops enabled, and the Java Heap may be blocking the growth of the native heap
# Possible solutions:
#   Reduce memory load on the system
#   Increase physical memory or swap space
#   Check if swap backing store is full
#   Decrease Java heap size (-Xmx/-Xms)
#   Decrease number of Java threads
#   Decrease Java thread stack sizes (-Xss)
#   Set larger code cache with -XX:ReservedCodeCacheSize=
#   JVM is running with Unscaled Compressed Oops mode in which the Java heap is
#     placed in the first 4GB address space. The Java Heap base address is the
#     maximum limit for the native heap growth. Please use -XX:HeapBaseMinAddress
#     to set the Java Heap base and to place the Java Heap above 4GB virtual address.
# This output file may be truncated or incomplete.
#
#  Out of Memory Error (os_windows.cpp:3530), pid=12008, tid=11380
#
# JRE version: Java(TM) SE Runtime Environment (18.0.2.1+1) (build 18.0.2.1+1-1)
# Java VM: Java HotSpot(TM) 64-Bit Server VM (18.0.2.1+1-1, mixed mode, emulated-client, sharing, tiered, compressed oops, compressed class ptrs, g1 gc, windows-amd64)
# No core dump will be written. Minidumps are not enabled by default on client versions of Windows
#

---------------  S U M M A R Y ------------

Command Line: -XX:TieredStopAtLevel=1 -Dspring.output.ansi.enabled=always -Dcom.sun.management.jmxremote -Dspring.jmx.enabled=true -Dspring.liveBeansView.mbeanDomain -Dspring.application.admin.enabled=true -Dmanagement.endpoints.jmx.exposure.include=* -javaagent:D:\SoftWare\SetupLocation\IntelligeIdea\IntelliJ IDEA 2023.1\lib\idea_rt.jar=55977:D:\SoftWare\SetupLocation\IntelligeIdea\IntelliJ IDEA 2023.1\bin -Dfile.encoding=UTF-8 -Dsun.stdout.encoding=UTF-8 -Dsun.stderr.encoding=UTF-8 com.nifs.backend.BackendApplication

Host: Intel(R) Core(TM) i5-8250U CPU @ 1.60GHz, 8 cores, 7G,  Windows 10 , 64 bit Build 19041 (10.0.19041.2546)
Time: Sat Apr 15 16:32:31 2023 Sri Lanka Standard Time elapsed time: 9.225993 seconds (0d 0h 0m 9s)

---------------  T H R E A D  ---------------

Current thread (0x000001e42297c300):  VMThread "VM Thread" [stack: 0x0000001711500000,0x0000001711600000] [id=11380]

Stack: [0x0000001711500000,0x0000001711600000]
Native frames: (J=compiled Java code, j=interpreted, Vv=VM code, C=native code)
V  [jvm.dll+0x6993aa]
V  [jvm.dll+0x7f46dd]
V  [jvm.dll+0x7f5fee]
V  [jvm.dll+0x7f66a3]
V  [jvm.dll+0x25cf1f]
V  [jvm.dll+0x6962f9]
V  [jvm.dll+0x68ae2a]
V  [jvm.dll+0x32255b]
V  [jvm.dll+0x329f36]
V  [jvm.dll+0x37eade]
V  [jvm.dll+0x37ed0f]
V  [jvm.dll+0x2fa2da]
V  [jvm.dll+0x2fa387]
V  [jvm.dll+0x33e8c2]
V  [jvm.dll+0x33ce64]
V  [jvm.dll+0x2f9ab0]
V  [jvm.dll+0x33c43b]
V  [jvm.dll+0x7fb48b]
V  [jvm.dll+0x7fc224]
V  [jvm.dll+0x7fc75c]
V  [jvm.dll+0x7fcbb4]
V  [jvm.dll+0x7fcc77]
V  [jvm.dll+0x7a120a]
V  [jvm.dll+0x698255]
C  [ucrtbase.dll+0x21bb2]
C  [KERNEL32.DLL+0x17614]
C  [ntdll.dll+0x526a1]

VM_Operation (0x0000001710ff9bd0): G1CollectForAllocation, mode: safepoint, requested by thread 0x000001e4109b4890


---------------  P R O C E S S  ---------------

Threads class SMR info:
_java_thread_list=0x000001e428a744b0, length=24, elements={
0x000001e4109b4890, 0x000001e42297f610, 0x000001e422980180, 0x000001e422997570,
0x000001e422998e30, 0x000001e42299b6f0, 0x000001e42299bfa0, 0x000001e42299c990,
0x000001e4229a9c40, 0x000001e4229686c0, 0x000001e422a1e0d0, 0x000001e422a1e5d0,
0x000001e426d31730, 0x000001e42730f800, 0x000001e42730fcc0, 0x000001e42740deb0,
0x000001e427d7ee90, 0x000001e427da65f0, 0x000001e4285a7560, 0x000001e4285a7f00,
0x000001e4285a7a30, 0x000001e4285a7090, 0x000001e4292e4d70, 0x000001e4292e60b0
}

Java Threads: ( => current thread )
  0x000001e4109b4890 JavaThread "main" [_thread_blocked, id=9112, stack(0x0000001710f00000,0x0000001711000000)]
  0x000001e42297f610 JavaThread "Reference Handler" daemon [_thread_blocked, id=12292, stack(0x0000001711600000,0x0000001711700000)]
  0x000001e422980180 JavaThread "Finalizer" daemon [_thread_blocked, id=13164, stack(0x0000001711700000,0x0000001711800000)]
  0x000001e422997570 JavaThread "Signal Dispatcher" daemon [_thread_blocked, id=1160, stack(0x0000001711800000,0x0000001711900000)]
  0x000001e422998e30 JavaThread "Attach Listener" daemon [_thread_blocked, id=5848, stack(0x0000001711900000,0x0000001711a00000)]
  0x000001e42299b6f0 JavaThread "Service Thread" daemon [_thread_blocked, id=9532, stack(0x0000001711a00000,0x0000001711b00000)]
  0x000001e42299bfa0 JavaThread "Monitor Deflation Thread" daemon [_thread_blocked, id=12548, stack(0x0000001711b00000,0x0000001711c00000)]
  0x000001e42299c990 JavaThread "C1 CompilerThread0" daemon [_thread_blocked, id=11436, stack(0x0000001711c00000,0x0000001711d00000)]
  0x000001e4229a9c40 JavaThread "Sweeper thread" daemon [_thread_blocked, id=5632, stack(0x0000001711d00000,0x0000001711e00000)]
  0x000001e4229686c0 JavaThread "Common-Cleaner" daemon [_thread_blocked, id=8868, stack(0x0000001711e00000,0x0000001711f00000)]
  0x000001e422a1e0d0 JavaThread "C1 CompilerThread1" daemon [_thread_blocked, id=8596, stack(0x0000001711f00000,0x0000001712000000)]
  0x000001e422a1e5d0 JavaThread "C1 CompilerThread2" daemon [_thread_blocked, id=13160, stack(0x0000001712000000,0x0000001712100000)]
  0x000001e426d31730 JavaThread "C1 CompilerThread3" daemon [_thread_blocked, id=3168, stack(0x0000001712100000,0x0000001712200000)]
  0x000001e42730f800 JavaThread "Monitor Ctrl-Break" daemon [_thread_in_native, id=6856, stack(0x0000001712200000,0x0000001712300000)]
  0x000001e42730fcc0 JavaThread "Notification Thread" daemon [_thread_blocked, id=2272, stack(0x0000001712300000,0x0000001712400000)]
  0x000001e42740deb0 JavaThread "RMI TCP Accept-0" daemon [_thread_in_native, id=9596, stack(0x0000001712400000,0x0000001712500000)]
  0x000001e427d7ee90 JavaThread "RMI TCP Connection(1)-192.168.8.122" daemon [_thread_blocked, id=5476, stack(0x0000001712e00000,0x0000001712f00000)]
  0x000001e427da65f0 JavaThread "RMI Scheduler(0)" daemon [_thread_blocked, id=5460, stack(0x0000001712f00000,0x0000001713000000)]
  0x000001e4285a7560 JavaThread "mysql-cj-abandoned-connection-cleanup" daemon [_thread_blocked, id=8096, stack(0x0000001713200000,0x0000001713300000)]
  0x000001e4285a7f00 JavaThread "HikariPool-1 housekeeper" daemon [_thread_blocked, id=8172, stack(0x0000001713400000,0x0000001713500000)]
  0x000001e4285a7a30 JavaThread "HikariPool-1 connection adder" daemon [_thread_blocked, id=8468, stack(0x0000001713500000,0x0000001713600000)]
  0x000001e4285a7090 JavaThread "Catalina-utility-1" [_thread_blocked, id=13356, stack(0x0000001713600000,0x0000001713700000)]
  0x000001e4292e4d70 JavaThread "Catalina-utility-2" [_thread_blocked, id=10140, stack(0x0000001713700000,0x0000001713800000)]
  0x000001e4292e60b0 JavaThread "container-0" [_thread_blocked, id=14332, stack(0x0000001713800000,0x0000001713900000)]

Other Threads:
=>0x000001e42297c300 VMThread "VM Thread" [stack: 0x0000001711500000,0x0000001711600000] [id=11380]
  0x000001e427404e10 WatcherThread "VM Periodic Task Thread" [stack: 0x0000001712500000,0x0000001712600000] [id=532]
  0x000001e410a0cfc0 WorkerThread "GC Thread#0" [stack: 0x0000001711000000,0x0000001711100000] [id=1484]
  0x000001e4277a1630 WorkerThread "GC Thread#1" [stack: 0x0000001712600000,0x0000001712700000] [id=8084]
  0x000001e4277a88f0 WorkerThread "GC Thread#2" [stack: 0x0000001712700000,0x0000001712800000] [id=7740]
  0x000001e4277febb0 WorkerThread "GC Thread#3" [stack: 0x0000001712800000,0x0000001712900000] [id=13760]
  0x000001e427c88250 WorkerThread "GC Thread#4" [stack: 0x0000001712900000,0x0000001712a00000] [id=2636]
  0x000001e427c884f0 WorkerThread "GC Thread#5" [stack: 0x0000001712a00000,0x0000001712b00000] [id=11360]
  0x000001e427c88790 WorkerThread "GC Thread#6" [stack: 0x0000001712b00000,0x0000001712c00000] [id=13680]
  0x000001e427e26880 WorkerThread "GC Thread#7" [stack: 0x0000001713100000,0x0000001713200000] [id=1184]
  0x000001e410a1ea50 ConcurrentGCThread "G1 Main Marker" [stack: 0x0000001711100000,0x0000001711200000] [id=4316]
  0x000001e410a1faf0 WorkerThread "G1 Conc#0" [stack: 0x0000001711200000,0x0000001711300000] [id=2212]
  0x000001e428315d90 WorkerThread "G1 Conc#1" [stack: 0x0000001713000000,0x0000001713100000] [id=13200]
  0x000001e410a5ec10 ConcurrentGCThread "G1 Refine#0" [stack: 0x0000001711300000,0x0000001711400000] [id=11396]
  0x000001e427596a70 ConcurrentGCThread "G1 Refine#1" [stack: 0x0000001712c00000,0x0000001712d00000] [id=13092]
  0x000001e427596d40 ConcurrentGCThread "G1 Refine#2" [stack: 0x0000001712d00000,0x0000001712e00000] [id=13740]
  0x000001e42282f640 ConcurrentGCThread "G1 Service" [stack: 0x0000001711400000,0x0000001711500000] [id=12256]

Threads with active compile tasks:

VM state: at safepoint (normal execution)

VM Mutex/Monitor currently owned by a thread:  ([mutex/lock_event])
[0x000001e4109aefc0] Threads_lock - owner thread: 0x000001e42297c300
[0x000001e4109af4d0] Heap_lock - owner thread: 0x000001e4109b4890

Heap address: 0x0000000081e00000, size: 2018 MB, Compressed Oops mode: 32-bit

CDS archive(s) mapped at: [0x0000000800000000-0x0000000800ba0000-0x0000000800ba0000), size 12189696, SharedBaseAddress: 0x0000000800000000, ArchiveRelocationMode: 0.
Compressed class space mapped at: 0x0000000800c00000-0x0000000840c00000, reserved size: 1073741824
Narrow klass base: 0x0000000800000000, Narrow klass shift: 0, Narrow klass range: 0x100000000

GC Precious Log:
 CardTable entry size: 512
 Card Set container configuration: InlinePtr #cards 5 size 8 Array Of Cards #cards 12 size 40 Howl #buckets 4 coarsen threshold 1843 Howl Bitmap #cards 512 size 80 coarsen threshold 460 Card regions per heap region 1 cards per card region 2048
 CPUs: 8 total, 8 available
 Memory: 8069M
 Large Page Support: Disabled
 NUMA Support: Disabled
 Compressed Oops: Enabled (32-bit)
 Heap Region Size: 1M
 Heap Min Capacity: 8M
 Heap Initial Capacity: 128M
 Heap Max Capacity: 2018M
 Pre-touch: Disabled
 Parallel Workers: 8
 Concurrent Workers: 2
 Concurrent Refinement Workers: 8
 Periodic GC: Disabled

Heap:
 garbage-first heap   total 120832K, used 52265K [0x0000000081e00000, 0x0000000100000000)
  region size 1024K, 7 young (7168K), 7 survivors (7168K)
 Metaspace       used 68886K, committed 69568K, reserved 1114112K
  class space    used 9695K, committed 9984K, reserved 1048576K

Heap Regions: E=young(eden), S=young(survivor), O=old, HS=humongous(starts), HC=humongous(continues), CS=collection set, F=free, OA=open archive, CA=closed archive, TAMS=top-at-mark-start (previous, next)
|   0|0x0000000081e00000, 0x0000000081f00000, 0x0000000081f00000|100%|HS|  |TAMS 0x0000000081f00000, 0x0000000081e00000| Complete 
|   1|0x0000000081f00000, 0x0000000082000000, 0x0000000082000000|100%| O|  |TAMS 0x0000000082000000, 0x0000000081f00000| Untracked 
|   2|0x0000000082000000, 0x0000000082100000, 0x0000000082100000|100%| O|  |TAMS 0x0000000082100000, 0x0000000082000000| Untracked 
|   3|0x0000000082100000, 0x0000000082200000, 0x0000000082200000|100%| O|  |TAMS 0x0000000082200000, 0x0000000082100000| Untracked 
|   4|0x0000000082200000, 0x0000000082300000, 0x0000000082300000|100%| O|  |TAMS 0x0000000082300000, 0x0000000082200000| Untracked 
|   5|0x0000000082300000, 0x0000000082400000, 0x0000000082400000|100%| O|  |TAMS 0x0000000082400000, 0x0000000082300000| Untracked 
|   6|0x0000000082400000, 0x0000000082500000, 0x0000000082500000|100%| O|  |TAMS 0x0000000082500000, 0x0000000082400000| Untracked 
|   7|0x0000000082500000, 0x0000000082600000, 0x0000000082600000|100%| O|  |TAMS 0x0000000082600000, 0x0000000082500000| Untracked 
|   8|0x0000000082600000, 0x0000000082700000, 0x0000000082700000|100%| O|  |TAMS 0x0000000082700000, 0x0000000082600000| Untracked 
|   9|0x0000000082700000, 0x0000000082800000, 0x0000000082800000|100%| O|  |TAMS 0x0000000082800000, 0x0000000082700000| Untracked 
|  10|0x0000000082800000, 0x0000000082900000, 0x0000000082900000|100%| O|  |TAMS 0x0000000082900000, 0x0000000082800000| Untracked 
|  11|0x0000000082900000, 0x0000000082906800, 0x0000000082a00000|  2%| O|  |TAMS 0x0000000082906800, 0x0000000082900000| Untracked 
|  12|0x0000000082a00000, 0x0000000082b00000, 0x0000000082b00000|100%| O|  |TAMS 0x0000000082b00000, 0x0000000082a00000| Untracked 
|  13|0x0000000082b00000, 0x0000000082c00000, 0x0000000082c00000|100%| O|  |TAMS 0x0000000082c00000, 0x0000000082b00000| Untracked 
|  14|0x0000000082c00000, 0x0000000082d00000, 0x0000000082d00000|100%| O|  |TAMS 0x0000000082d00000, 0x0000000082c00000| Untracked 
|  15|0x0000000082d00000, 0x0000000082e00000, 0x0000000082e00000|100%| O|  |TAMS 0x0000000082e00000, 0x0000000082d00000| Untracked 
|  16|0x0000000082e00000, 0x0000000082f00000, 0x0000000082f00000|100%| O|  |TAMS 0x0000000082f00000, 0x0000000082e00000| Untracked 
|  17|0x0000000082f00000, 0x0000000083000000, 0x0000000083000000|100%| O|  |TAMS 0x0000000083000000, 0x0000000082f00000| Untracked 
|  18|0x0000000083000000, 0x0000000083100000, 0x0000000083100000|100%| O|  |TAMS 0x0000000083100000, 0x0000000083000000| Untracked 
|  19|0x0000000083100000, 0x0000000083200000, 0x0000000083200000|100%| O|  |TAMS 0x0000000083200000, 0x0000000083100000| Untracked 
|  20|0x0000000083200000, 0x0000000083300000, 0x0000000083300000|100%| O|  |TAMS 0x0000000083300000, 0x0000000083200000| Untracked 
|  21|0x0000000083300000, 0x0000000083400000, 0x0000000083400000|100%| O|  |TAMS 0x0000000083400000, 0x0000000083300000| Untracked 
|  22|0x0000000083400000, 0x0000000083500000, 0x0000000083500000|100%| O|  |TAMS 0x0000000083500000, 0x0000000083400000| Untracked 
|  23|0x0000000083500000, 0x0000000083600000, 0x0000000083600000|100%| O|  |TAMS 0x0000000083600000, 0x0000000083500000| Untracked 
|  24|0x0000000083600000, 0x0000000083700000, 0x0000000083700000|100%| O|  |TAMS 0x0000000083700000, 0x0000000083600000| Untracked 
|  25|0x0000000083700000, 0x0000000083800000, 0x0000000083800000|100%| O|  |TAMS 0x0000000083800000, 0x0000000083700000| Untracked 
|  26|0x0000000083800000, 0x0000000083900000, 0x0000000083900000|100%| O|  |TAMS 0x0000000083900000, 0x0000000083800000| Untracked 
|  27|0x0000000083900000, 0x0000000083a00000, 0x0000000083a00000|100%| O|  |TAMS 0x0000000083a00000, 0x0000000083900000| Untracked 
|  28|0x0000000083a00000, 0x0000000083b00000, 0x0000000083b00000|100%| O|  |TAMS 0x0000000083b00000, 0x0000000083a00000| Untracked 
|  29|0x0000000083b00000, 0x0000000083c00000, 0x0000000083c00000|100%| O|  |TAMS 0x0000000083c00000, 0x0000000083b00000| Untracked 
|  30|0x0000000083c00000, 0x0000000083d00000, 0x0000000083d00000|100%| O|  |TAMS 0x0000000083d00000, 0x0000000083c00000| Untracked 
|  31|0x0000000083d00000, 0x0000000083e00000, 0x0000000083e00000|100%| O|  |TAMS 0x0000000083e00000, 0x0000000083d00000| Untracked 
|  32|0x0000000083e00000, 0x0000000083f00000, 0x0000000083f00000|100%| O|  |TAMS 0x0000000083ef6600, 0x0000000083e00000| Untracked 
|  33|0x0000000083f00000, 0x0000000084000000, 0x0000000084000000|100%| O|  |TAMS 0x0000000083f00000, 0x0000000083f00000| Untracked 
|  34|0x0000000084000000, 0x0000000084100000, 0x0000000084100000|100%| O|  |TAMS 0x0000000084000000, 0x0000000084000000| Untracked 
|  35|0x0000000084100000, 0x0000000084200000, 0x0000000084200000|100%| O|  |TAMS 0x0000000084100000, 0x0000000084100000| Untracked 
|  36|0x0000000084200000, 0x0000000084300000, 0x0000000084300000|100%| O|  |TAMS 0x0000000084200000, 0x0000000084200000| Untracked 
|  37|0x0000000084300000, 0x0000000084400000, 0x0000000084400000|100%| O|  |TAMS 0x0000000084300000, 0x0000000084300000| Untracked 
|  38|0x0000000084400000, 0x0000000084500000, 0x0000000084500000|100%| O|  |TAMS 0x0000000084400000, 0x0000000084400000| Untracked 
|  39|0x0000000084500000, 0x0000000084600000, 0x0000000084600000|100%| O|  |TAMS 0x0000000084500000, 0x0000000084500000| Untracked 
|  40|0x0000000084600000, 0x0000000084700000, 0x0000000084700000|100%| O|  |TAMS 0x0000000084600000, 0x0000000084600000| Untracked 
|  41|0x0000000084700000, 0x0000000084800000, 0x0000000084800000|100%| O|  |TAMS 0x0000000084700000, 0x0000000084700000| Untracked 
|  42|0x0000000084800000, 0x0000000084900000, 0x0000000084900000|100%| O|  |TAMS 0x0000000084800000, 0x0000000084800000| Untracked 
|  43|0x0000000084900000, 0x0000000084a00000, 0x0000000084a00000|100%| O|  |TAMS 0x0000000084900000, 0x0000000084900000| Untracked 
|  44|0x0000000084a00000, 0x0000000084b00000, 0x0000000084b00000|100%| O|  |TAMS 0x0000000084a00000, 0x0000000084a00000| Untracked 
|  45|0x0000000084b00000, 0x0000000084b93400, 0x0000000084c00000| 57%| O|  |TAMS 0x0000000084b00000, 0x0000000084b00000| Untracked 
|  46|0x0000000084c00000, 0x0000000084c00000, 0x0000000084d00000|  0%| F|  |TAMS 0x0000000084c00000, 0x0000000084c00000| Untracked 
|  47|0x0000000084d00000, 0x0000000084d00000, 0x0000000084e00000|  0%| F|  |TAMS 0x0000000084d00000, 0x0000000084d00000| Untracked 
|  48|0x0000000084e00000, 0x0000000084e00000, 0x0000000084f00000|  0%| F|  |TAMS 0x0000000084e00000, 0x0000000084e00000| Untracked 
|  49|0x0000000084f00000, 0x0000000084f00000, 0x0000000085000000|  0%| F|  |TAMS 0x0000000084f00000, 0x0000000084f00000| Untracked 
|  50|0x0000000085000000, 0x0000000085000000, 0x0000000085100000|  0%| F|  |TAMS 0x0000000085000000, 0x0000000085000000| Untracked 
|  51|0x0000000085100000, 0x0000000085100000, 0x0000000085200000|  0%| F|  |TAMS 0x0000000085100000, 0x0000000085100000| Untracked 
|  52|0x0000000085200000, 0x0000000085200000, 0x0000000085300000|  0%| F|  |TAMS 0x0000000085200000, 0x0000000085200000| Untracked 
|  53|0x0000000085300000, 0x0000000085300000, 0x0000000085400000|  0%| F|  |TAMS 0x0000000085300000, 0x0000000085300000| Untracked 
|  54|0x0000000085400000, 0x0000000085400000, 0x0000000085500000|  0%| F|  |TAMS 0x0000000085400000, 0x0000000085400000| Untracked 
|  55|0x0000000085500000, 0x0000000085500000, 0x0000000085600000|  0%| F|  |TAMS 0x0000000085500000, 0x0000000085500000| Untracked 
|  56|0x0000000085600000, 0x0000000085670ae0, 0x0000000085700000| 44%| S|CS|TAMS 0x0000000085600000, 0x0000000085600000| Complete 
|  57|0x0000000085700000, 0x0000000085800000, 0x0000000085800000|100%| S|CS|TAMS 0x0000000085700000, 0x0000000085700000| Complete 
|  58|0x0000000085800000, 0x0000000085800000, 0x0000000085900000|  0%| F|  |TAMS 0x0000000085800000, 0x0000000085800000| Untracked 
|  59|0x0000000085900000, 0x0000000085900000, 0x0000000085a00000|  0%| F|  |TAMS 0x0000000085900000, 0x0000000085900000| Untracked 
|  60|0x0000000085a00000, 0x0000000085a00000, 0x0000000085b00000|  0%| F|  |TAMS 0x0000000085a00000, 0x0000000085a00000| Untracked 
|  61|0x0000000085b00000, 0x0000000085b00000, 0x0000000085c00000|  0%| F|  |TAMS 0x0000000085b00000, 0x0000000085b00000| Untracked 
|  62|0x0000000085c00000, 0x0000000085d00000, 0x0000000085d00000|100%| S|CS|TAMS 0x0000000085c00000, 0x0000000085c00000| Complete 
|  63|0x0000000085d00000, 0x0000000085e00000, 0x0000000085e00000|100%| S|CS|TAMS 0x0000000085d00000, 0x0000000085d00000| Complete 
|  64|0x0000000085e00000, 0x0000000085f00000, 0x0000000085f00000|100%| S|CS|TAMS 0x0000000085e00000, 0x0000000085e00000| Complete 
|  65|0x0000000085f00000, 0x0000000086000000, 0x0000000086000000|100%| S|CS|TAMS 0x0000000085f00000, 0x0000000085f00000| Complete 
|  66|0x0000000086000000, 0x0000000086100000, 0x0000000086100000|100%| S|CS|TAMS 0x0000000086000000, 0x0000000086000000| Complete 
|  67|0x0000000086100000, 0x0000000086100000, 0x0000000086200000|  0%| F|  |TAMS 0x0000000086100000, 0x0000000086100000| Untracked 
|  68|0x0000000086200000, 0x0000000086200000, 0x0000000086300000|  0%| F|  |TAMS 0x0000000086200000, 0x0000000086200000| Untracked 
|  69|0x0000000086300000, 0x0000000086300000, 0x0000000086400000|  0%| F|  |TAMS 0x0000000086300000, 0x0000000086300000| Untracked 
|  70|0x0000000086400000, 0x0000000086400000, 0x0000000086500000|  0%| F|  |TAMS 0x0000000086400000, 0x0000000086400000| Untracked 
|  71|0x0000000086500000, 0x0000000086500000, 0x0000000086600000|  0%| F|  |TAMS 0x0000000086500000, 0x0000000086500000| Untracked 
|  72|0x0000000086600000, 0x0000000086600000, 0x0000000086700000|  0%| F|  |TAMS 0x0000000086600000, 0x0000000086600000| Untracked 
|  73|0x0000000086700000, 0x0000000086700000, 0x0000000086800000|  0%| F|  |TAMS 0x0000000086700000, 0x0000000086700000| Untracked 
|  74|0x0000000086800000, 0x0000000086800000, 0x0000000086900000|  0%| F|  |TAMS 0x0000000086800000, 0x0000000086800000| Untracked 
|  75|0x0000000086900000, 0x0000000086900000, 0x0000000086a00000|  0%| F|  |TAMS 0x0000000086900000, 0x0000000086900000| Untracked 
|  76|0x0000000086a00000, 0x0000000086a00000, 0x0000000086b00000|  0%| F|  |TAMS 0x0000000086a00000, 0x0000000086a00000| Untracked 
|  77|0x0000000086b00000, 0x0000000086b00000, 0x0000000086c00000|  0%| F|  |TAMS 0x0000000086b00000, 0x0000000086b00000| Untracked 
|  78|0x0000000086c00000, 0x0000000086c00000, 0x0000000086d00000|  0%| F|  |TAMS 0x0000000086c00000, 0x0000000086c00000| Untracked 
|  79|0x0000000086d00000, 0x0000000086d00000, 0x0000000086e00000|  0%| F|  |TAMS 0x0000000086d00000, 0x0000000086d00000| Untracked 
|  80|0x0000000086e00000, 0x0000000086e00000, 0x0000000086f00000|  0%| F|  |TAMS 0x0000000086e00000, 0x0000000086e00000| Untracked 
|  81|0x0000000086f00000, 0x0000000086f00000, 0x0000000087000000|  0%| F|  |TAMS 0x0000000086f00000, 0x0000000086f00000| Untracked 
|  82|0x0000000087000000, 0x0000000087000000, 0x0000000087100000|  0%| F|  |TAMS 0x0000000087000000, 0x0000000087000000| Untracked 
|  83|0x0000000087100000, 0x0000000087100000, 0x0000000087200000|  0%| F|  |TAMS 0x0000000087100000, 0x0000000087100000| Untracked 
|  84|0x0000000087200000, 0x0000000087200000, 0x0000000087300000|  0%| F|  |TAMS 0x0000000087200000, 0x0000000087200000| Untracked 
|  85|0x0000000087300000, 0x0000000087300000, 0x0000000087400000|  0%| F|  |TAMS 0x0000000087300000, 0x0000000087300000| Untracked 
|  86|0x0000000087400000, 0x0000000087400000, 0x0000000087500000|  0%| F|  |TAMS 0x0000000087400000, 0x0000000087400000| Untracked 
|  87|0x0000000087500000, 0x0000000087500000, 0x0000000087600000|  0%| F|  |TAMS 0x0000000087500000, 0x0000000087500000| Untracked 
|  88|0x0000000087600000, 0x0000000087600000, 0x0000000087700000|  0%| F|  |TAMS 0x0000000087600000, 0x0000000087600000| Untracked 
|  89|0x0000000087700000, 0x0000000087700000, 0x0000000087800000|  0%| F|  |TAMS 0x0000000087700000, 0x0000000087700000| Untracked 
|  90|0x0000000087800000, 0x0000000087800000, 0x0000000087900000|  0%| F|  |TAMS 0x0000000087800000, 0x0000000087800000| Untracked 
|  91|0x0000000087900000, 0x0000000087900000, 0x0000000087a00000|  0%| F|  |TAMS 0x0000000087900000, 0x0000000087900000| Untracked 
|  92|0x0000000087a00000, 0x0000000087a00000, 0x0000000087b00000|  0%| F|  |TAMS 0x0000000087a00000, 0x0000000087a00000| Untracked 
|  93|0x0000000087b00000, 0x0000000087b00000, 0x0000000087c00000|  0%| F|  |TAMS 0x0000000087b00000, 0x0000000087b00000| Untracked 
|  94|0x0000000087c00000, 0x0000000087c00000, 0x0000000087d00000|  0%| F|  |TAMS 0x0000000087c00000, 0x0000000087c00000| Untracked 
|  95|0x0000000087d00000, 0x0000000087d00000, 0x0000000087e00000|  0%| F|  |TAMS 0x0000000087d00000, 0x0000000087d00000| Untracked 
|  96|0x0000000087e00000, 0x0000000087e00000, 0x0000000087f00000|  0%| F|  |TAMS 0x0000000087e00000, 0x0000000087e00000| Untracked 
|  97|0x0000000087f00000, 0x0000000087f00000, 0x0000000088000000|  0%| F|  |TAMS 0x0000000087f00000, 0x0000000087f00000| Untracked 
|  98|0x0000000088000000, 0x0000000088000000, 0x0000000088100000|  0%| F|  |TAMS 0x0000000088000000, 0x0000000088000000| Untracked 
|  99|0x0000000088100000, 0x0000000088100000, 0x0000000088200000|  0%| F|  |TAMS 0x0000000088100000, 0x0000000088100000| Untracked 
| 100|0x0000000088200000, 0x0000000088200000, 0x0000000088300000|  0%| F|  |TAMS 0x0000000088200000, 0x0000000088200000| Untracked 
| 101|0x0000000088300000, 0x0000000088300000, 0x0000000088400000|  0%| F|  |TAMS 0x0000000088300000, 0x0000000088300000| Untracked 
| 102|0x0000000088400000, 0x0000000088400000, 0x0000000088500000|  0%| F|  |TAMS 0x0000000088400000, 0x0000000088400000| Untracked 
| 103|0x0000000088500000, 0x0000000088500000, 0x0000000088600000|  0%| F|  |TAMS 0x0000000088500000, 0x0000000088500000| Untracked 
| 104|0x0000000088600000, 0x0000000088600000, 0x0000000088700000|  0%| F|  |TAMS 0x0000000088600000, 0x0000000088600000| Untracked 
| 105|0x0000000088700000, 0x0000000088700000, 0x0000000088800000|  0%| F|  |TAMS 0x0000000088700000, 0x0000000088700000| Untracked 
| 106|0x0000000088800000, 0x0000000088800000, 0x0000000088900000|  0%| F|  |TAMS 0x0000000088800000, 0x0000000088800000| Untracked 
| 107|0x0000000088900000, 0x0000000088900000, 0x0000000088a00000|  0%| F|  |TAMS 0x0000000088900000, 0x0000000088900000| Untracked 
| 108|0x0000000088a00000, 0x0000000088a00000, 0x0000000088b00000|  0%| F|  |TAMS 0x0000000088a00000, 0x0000000088a00000| Untracked 
| 109|0x0000000088b00000, 0x0000000088b00000, 0x0000000088c00000|  0%| F|  |TAMS 0x0000000088b00000, 0x0000000088b00000| Untracked 
| 110|0x0000000088c00000, 0x0000000088c00000, 0x0000000088d00000|  0%| F|  |TAMS 0x0000000088c00000, 0x0000000088c00000| Untracked 
| 111|0x0000000088d00000, 0x0000000088d00000, 0x0000000088e00000|  0%| F|  |TAMS 0x0000000088d00000, 0x0000000088d00000| Untracked 
| 112|0x0000000088e00000, 0x0000000088e00000, 0x0000000088f00000|  0%| F|  |TAMS 0x0000000088e00000, 0x0000000088e00000| Untracked 
| 113|0x0000000088f00000, 0x0000000088f00000, 0x0000000089000000|  0%| F|  |TAMS 0x0000000088f00000, 0x0000000088f00000| Untracked 
| 114|0x0000000089000000, 0x0000000089000000, 0x0000000089100000|  0%| F|  |TAMS 0x0000000089000000, 0x0000000089000000| Untracked 
| 115|0x0000000089100000, 0x0000000089100000, 0x0000000089200000|  0%| F|  |TAMS 0x0000000089100000, 0x0000000089100000| Untracked 
| 116|0x0000000089200000, 0x0000000089200000, 0x0000000089300000|  0%| F|  |TAMS 0x0000000089200000, 0x0000000089200000| Untracked 
| 127|0x0000000089d00000, 0x0000000089d00000, 0x0000000089e00000|  0%| F|  |TAMS 0x0000000089d00000, 0x0000000089d00000| Untracked 

Card table byte_map: [0x000001e41b7e0000,0x000001e41bbe0000] _byte_map_base: 0x000001e41b3d1000

Marking Bits (Prev, Next): (CMBitMap*) 0x000001e410a0e520, (CMBitMap*) 0x000001e410a0e4e0
 Prev Bits: [0x000001e41df70000, 0x000001e41fef8000)
 Next Bits: [0x000001e41bfe0000, 0x000001e41df68000)

Polling page: 0x000001e410160000

Metaspace:

Usage:
  Non-class:     57.80 MB used.
      Class:      9.47 MB used.
       Both:     67.27 MB used.

Virtual space:
  Non-class space:       64.00 MB reserved,      58.19 MB ( 91%) committed,  1 nodes.
      Class space:        1.00 GB reserved,       9.75 MB ( <1%) committed,  1 nodes.
             Both:        1.06 GB reserved,      67.94 MB (  6%) committed. 

Chunk freelists:
   Non-Class:  1.61 MB
       Class:  2.26 MB
        Both:  3.87 MB

MaxMetaspaceSize: unlimited
CompressedClassSpaceSize: 1.00 GB
Initial GC threshold: 21.00 MB
Current GC threshold: 99.00 MB
CDS: on
MetaspaceReclaimPolicy: balanced
 - commit_granule_bytes: 65536.
 - commit_granule_words: 8192.
 - virtual_space_node_default_size: 8388608.
 - enlarge_chunks_in_place: 1.
 - new_chunks_are_fully_committed: 0.
 - uncommit_free_chunks: 1.
 - use_allocation_guard: 0.


Internal statistics:

num_allocs_failed_limit: 12.
num_arena_births: 954.
num_arena_deaths: 0.
num_vsnodes_births: 2.
num_vsnodes_deaths: 0.
num_space_committed: 1087.
num_space_uncommitted: 0.
num_chunks_returned_to_freelist: 12.
num_chunks_taken_from_freelist: 3310.
num_chunk_merges: 12.
num_chunk_splits: 2442.
num_chunks_enlarged: 1969.
num_inconsistent_stats: 0.

CodeCache: size=49152Kb used=17952Kb max_used=17952Kb free=31199Kb
 bounds [0x000001e4182d0000, 0x000001e419460000, 0x000001e41b2d0000]
 total_blobs=9887 nmethods=9182 adapters=627
 compilation: enabled
              stopped_count=0, restarted_count=0
 full_count=0

Compilation events (20 events):
Event: 9.137 Thread 0x000001e422a1e5d0 9173       1       java.lang.invoke.LambdaFormBuffer::resultIndex (41 bytes)
Event: 9.137 Thread 0x000001e422a1e0d0 9175       1       java.lang.invoke.LambdaFormEditor$TransformKey::withResult (17 bytes)
Event: 9.137 Thread 0x000001e422a1e5d0 nmethod 9173 0x000001e419451f10 code [0x000001e4194520a0, 0x000001e4194521d8]
Event: 9.137 Thread 0x000001e422a1e5d0 9176       1       java.lang.invoke.LambdaFormEditor$Transform::<init> (17 bytes)
Event: 9.137 Thread 0x000001e422a1e0d0 nmethod 9175 0x000001e419452290 code [0x000001e419452440, 0x000001e419452648]
Event: 9.137 Thread 0x000001e426d31730 nmethod 9170 0x000001e419452710 code [0x000001e4194528e0, 0x000001e419452e88]
Event: 9.137 Thread 0x000001e422a1e5d0 nmethod 9176 0x000001e419453090 code [0x000001e419453220, 0x000001e419453438]
Event: 9.138 Thread 0x000001e42299c990 nmethod 9174 0x000001e419453490 code [0x000001e4194537c0, 0x000001e419454e18]
Event: 9.150 Thread 0x000001e42299c990 9177       1       org.springframework.boot.context.properties.source.SpringIterableConfigurationPropertySource::getConfigurationPropertyNames (53 bytes)
Event: 9.151 Thread 0x000001e42299c990 nmethod 9177 0x000001e419455d10 code [0x000001e419455f80, 0x000001e419456608]
Event: 9.164 Thread 0x000001e422a1e0d0 9179       1       java.lang.invoke.LambdaForm$MH/0x0000000801098000::invoke (42 bytes)
Event: 9.164 Thread 0x000001e422a1e5d0 9180       1       org.springframework.beans.factory.annotation.InitDestroyAnnotationBeanPostProcessor$1::checkConfigMembers (1 bytes)
Event: 9.164 Thread 0x000001e422a1e5d0 nmethod 9180 0x000001e419456d90 code [0x000001e419456f20, 0x000001e419456fd8]
Event: 9.164 Thread 0x000001e422a1e5d0 9181       1       org.springframework.beans.factory.annotation.AutowiredAnnotationBeanPostProcessor::postProcessMergedBeanDefinition (9 bytes)
Event: 9.164 Thread 0x000001e42299c990 9182       1       org.springframework.beans.factory.annotation.AutowiredAnnotationBeanPostProcessor::findInjectionMetadata (18 bytes)
Event: 9.164 Thread 0x000001e422a1e0d0 nmethod 9179 0x000001e419457090 code [0x000001e419457260, 0x000001e419457578]
Event: 9.164 Thread 0x000001e42299c990 nmethod 9182 0x000001e419457790 code [0x000001e419457940, 0x000001e419457a58]
Event: 9.164 Thread 0x000001e422a1e5d0 nmethod 9181 0x000001e419457b10 code [0x000001e419457cc0, 0x000001e419457dd8]
Event: 9.172 Thread 0x000001e42299c990 9183       1       org.springframework.aop.scope.ScopedProxyUtils::isScopedTarget (19 bytes)
Event: 9.172 Thread 0x000001e42299c990 nmethod 9183 0x000001e419457e90 code [0x000001e419458020, 0x000001e419458128]

GC Heap History (20 events):
Event: 5.266 GC heap after
{Heap after GC invocations=13 (full 0):
 garbage-first heap   total 100352K, used 34109K [0x0000000081e00000, 0x0000000100000000)
  region size 1024K, 2 young (2048K), 2 survivors (2048K)
 Metaspace       used 54381K, committed 54976K, reserved 1114112K
  class space    used 7628K, committed 7936K, reserved 1048576K
}
Event: 5.433 GC heap before
{Heap before GC invocations=13 (full 0):
 garbage-first heap   total 100352K, used 78141K [0x0000000081e00000, 0x0000000100000000)
  region size 1024K, 45 young (46080K), 2 survivors (2048K)
 Metaspace       used 54708K, committed 55296K, reserved 1114112K
  class space    used 7648K, committed 7936K, reserved 1048576K
}
Event: 5.437 GC heap after
{Heap after GC invocations=14 (full 0):
 garbage-first heap   total 100352K, used 34641K [0x0000000081e00000, 0x0000000100000000)
  region size 1024K, 2 young (2048K), 2 survivors (2048K)
 Metaspace       used 54708K, committed 55296K, reserved 1114112K
  class space    used 7648K, committed 7936K, reserved 1048576K
}
Event: 6.260 GC heap before
{Heap before GC invocations=14 (full 0):
 garbage-first heap   total 100352K, used 80721K [0x0000000081e00000, 0x0000000100000000)
  region size 1024K, 47 young (48128K), 2 survivors (2048K)
 Metaspace       used 59407K, committed 60032K, reserved 1114112K
  class space    used 8277K, committed 8576K, reserved 1048576K
}
Event: 6.268 GC heap after
{Heap after GC invocations=15 (full 0):
 garbage-first heap   total 100352K, used 37515K [0x0000000081e00000, 0x0000000100000000)
  region size 1024K, 5 young (5120K), 5 survivors (5120K)
 Metaspace       used 59407K, committed 60032K, reserved 1114112K
  class space    used 8277K, committed 8576K, reserved 1048576K
}
Event: 6.372 GC heap before
{Heap before GC invocations=15 (full 0):
 garbage-first heap   total 100352K, used 49803K [0x0000000081e00000, 0x0000000100000000)
  region size 1024K, 18 young (18432K), 5 survivors (5120K)
 Metaspace       used 59804K, committed 60416K, reserved 1114112K
  class space    used 8343K, committed 8640K, reserved 1048576K
}
Event: 6.381 GC heap after
{Heap after GC invocations=16 (full 0):
 garbage-first heap   total 100352K, used 38876K [0x0000000081e00000, 0x0000000100000000)
  region size 1024K, 5 young (5120K), 5 survivors (5120K)
 Metaspace       used 59804K, committed 60416K, reserved 1114112K
  class space    used 8343K, committed 8640K, reserved 1048576K
}
Event: 6.704 GC heap before
{Heap before GC invocations=17 (full 0):
 garbage-first heap   total 100352K, used 76764K [0x0000000081e00000, 0x0000000100000000)
  region size 1024K, 42 young (43008K), 5 survivors (5120K)
 Metaspace       used 63491K, committed 64128K, reserved 1114112K
  class space    used 9003K, committed 9280K, reserved 1048576K
}
Event: 6.713 GC heap after
{Heap after GC invocations=18 (full 0):
 garbage-first heap   total 100352K, used 40990K [0x0000000081e00000, 0x0000000100000000)
  region size 1024K, 4 young (4096K), 4 survivors (4096K)
 Metaspace       used 63491K, committed 64128K, reserved 1114112K
  class space    used 9003K, committed 9280K, reserved 1048576K
}
Event: 6.949 GC heap before
{Heap before GC invocations=18 (full 0):
 garbage-first heap   total 100352K, used 78878K [0x0000000081e00000, 0x0000000100000000)
  region size 1024K, 41 young (41984K), 4 survivors (4096K)
 Metaspace       used 64613K, committed 65216K, reserved 1114112K
  class space    used 9167K, committed 9472K, reserved 1048576K
}
Event: 6.955 GC heap after
{Heap after GC invocations=19 (full 0):
 garbage-first heap   total 120832K, used 42602K [0x0000000081e00000, 0x0000000100000000)
  region size 1024K, 5 young (5120K), 5 survivors (5120K)
 Metaspace       used 64613K, committed 65216K, reserved 1114112K
  class space    used 9167K, committed 9472K, reserved 1048576K
}
Event: 7.789 GC heap before
{Heap before GC invocations=19 (full 0):
 garbage-first heap   total 120832K, used 94826K [0x0000000081e00000, 0x0000000100000000)
  region size 1024K, 56 young (57344K), 5 survivors (5120K)
 Metaspace       used 64990K, committed 65600K, reserved 1114112K
  class space    used 9195K, committed 9472K, reserved 1048576K
}
Event: 7.794 GC heap after
{Heap after GC invocations=20 (full 0):
 garbage-first heap   total 120832K, used 44053K [0x0000000081e00000, 0x0000000100000000)
  region size 1024K, 6 young (6144K), 6 survivors (6144K)
 Metaspace       used 64990K, committed 65600K, reserved 1114112K
  class space    used 9195K, committed 9472K, reserved 1048576K
}
Event: 8.185 GC heap before
{Heap before GC invocations=20 (full 0):
 garbage-first heap   total 120832K, used 96277K [0x0000000081e00000, 0x0000000100000000)
  region size 1024K, 57 young (58368K), 6 survivors (6144K)
 Metaspace       used 65430K, committed 66048K, reserved 1114112K
  class space    used 9240K, committed 9536K, reserved 1048576K
}
Event: 8.190 GC heap after
{Heap after GC invocations=21 (full 0):
 garbage-first heap   total 120832K, used 45719K [0x0000000081e00000, 0x0000000100000000)
  region size 1024K, 5 young (5120K), 5 survivors (5120K)
 Metaspace       used 65430K, committed 66048K, reserved 1114112K
  class space    used 9240K, committed 9536K, reserved 1048576K
}
Event: 8.391 GC heap before
{Heap before GC invocations=21 (full 0):
 garbage-first heap   total 120832K, used 97943K [0x0000000081e00000, 0x0000000100000000)
  region size 1024K, 56 young (57344K), 5 survivors (5120K)
 Metaspace       used 65744K, committed 66368K, reserved 1114112K
  class space    used 9261K, committed 9536K, reserved 1048576K
}
Event: 8.396 GC heap after
{Heap after GC invocations=22 (full 0):
 garbage-first heap   total 120832K, used 47454K [0x0000000081e00000, 0x0000000100000000)
  region size 1024K, 5 young (5120K), 5 survivors (5120K)
 Metaspace       used 65744K, committed 66368K, reserved 1114112K
  class space    used 9261K, committed 9536K, reserved 1048576K
}
Event: 8.593 GC heap before
{Heap before GC invocations=22 (full 0):
 garbage-first heap   total 120832K, used 98654K [0x0000000081e00000, 0x0000000100000000)
  region size 1024K, 55 young (56320K), 5 survivors (5120K)
 Metaspace       used 66084K, committed 66752K, reserved 1114112K
  class space    used 9285K, committed 9600K, reserved 1048576K
}
Event: 8.597 GC heap after
{Heap after GC invocations=23 (full 0):
 garbage-first heap   total 120832K, used 48852K [0x0000000081e00000, 0x0000000100000000)
  region size 1024K, 5 young (5120K), 5 survivors (5120K)
 Metaspace       used 66084K, committed 66752K, reserved 1114112K
  class space    used 9285K, committed 9600K, reserved 1048576K
}
Event: 9.180 GC heap before
{Heap before GC invocations=23 (full 0):
 garbage-first heap   total 120832K, used 100052K [0x0000000081e00000, 0x0000000100000000)
  region size 1024K, 55 young (56320K), 5 survivors (5120K)
 Metaspace       used 68886K, committed 69568K, reserved 1114112K
  class space    used 9695K, committed 9984K, reserved 1048576K
}

Deoptimization events (16 events):
Event: 1.285 Thread 0x000001e4109b4890 DEOPT PACKING pc=0x000001e418894099 sp=0x0000001710ffd4c0
Event: 1.285 Thread 0x000001e4109b4890 DEOPT UNPACKING pc=0x000001e418322b43 sp=0x0000001710ffc9a0 mode 3
Event: 1.802 Thread 0x000001e4109b4890 DEOPT PACKING pc=0x000001e41899369d sp=0x0000001710ffe260
Event: 1.802 Thread 0x000001e4109b4890 DEOPT UNPACKING pc=0x000001e418322b43 sp=0x0000001710ffd7c8 mode 3
Event: 2.005 Thread 0x000001e4109b4890 DEOPT PACKING pc=0x000001e4189f906c sp=0x0000001710ffe6d0
Event: 2.005 Thread 0x000001e4109b4890 DEOPT UNPACKING pc=0x000001e418322b43 sp=0x0000001710ffdb70 mode 0
Event: 2.883 Thread 0x000001e4109b4890 DEOPT PACKING pc=0x000001e418b8a219 sp=0x0000001710ffded0
Event: 2.883 Thread 0x000001e4109b4890 DEOPT UNPACKING pc=0x000001e418322b43 sp=0x0000001710ffd3b0 mode 3
Event: 5.622 Thread 0x000001e4109b4890 DEOPT PACKING pc=0x000001e4190a1f4c sp=0x0000001710ff8fe0
Event: 5.622 Thread 0x000001e4109b4890 DEOPT UNPACKING pc=0x000001e418322b43 sp=0x0000001710ff8568 mode 0
Event: 6.243 Thread 0x000001e4109b4890 DEOPT PACKING pc=0x000001e4188e20a4 sp=0x0000001710ffaae0
Event: 6.243 Thread 0x000001e4109b4890 DEOPT UNPACKING pc=0x000001e418322b43 sp=0x0000001710ffa038 mode 0
Event: 8.727 Thread 0x000001e4109b4890 DEOPT PACKING pc=0x000001e419395d8c sp=0x0000001710ffccb0
Event: 8.727 Thread 0x000001e4109b4890 DEOPT UNPACKING pc=0x000001e418322b43 sp=0x0000001710ffc268 mode 0
Event: 8.819 Thread 0x000001e4109b4890 DEOPT PACKING pc=0x000001e419395d8c sp=0x0000001710ffe180
Event: 8.819 Thread 0x000001e4109b4890 DEOPT UNPACKING pc=0x000001e418322b43 sp=0x0000001710ffd738 mode 0

Classes loaded (20 events):
Event: 7.999 Loading class java/io/FileReader
Event: 7.999 Loading class java/io/FileReader done
Event: 8.888 Loading class java/util/regex/PatternSyntaxException
Event: 8.888 Loading class java/util/regex/PatternSyntaxException done
Event: 8.892 Loading class java/util/Comparators$NullComparator
Event: 8.892 Loading class java/util/Comparators$NullComparator done
Event: 8.986 Loading class java/util/EnumMap$EntrySet
Event: 8.986 Loading class java/util/EnumMap$EntrySet done
Event: 8.986 Loading class java/util/EnumMap$EntryIterator
Event: 8.986 Loading class java/util/EnumMap$EnumMapIterator
Event: 8.986 Loading class java/util/EnumMap$EnumMapIterator done
Event: 8.986 Loading class java/util/EnumMap$EntryIterator done
Event: 8.986 Loading class java/util/EnumMap$EntryIterator$Entry
Event: 8.986 Loading class java/util/EnumMap$EntryIterator$Entry done
Event: 9.016 Loading class java/lang/reflect/MalformedParametersException
Event: 9.016 Loading class java/lang/reflect/MalformedParametersException done
Event: 9.028 Loading class java/util/concurrent/ConcurrentHashMap$TreeNode
Event: 9.028 Loading class java/util/concurrent/ConcurrentHashMap$TreeNode done
Event: 9.028 Loading class java/util/concurrent/ConcurrentHashMap$TreeBin
Event: 9.029 Loading class java/util/concurrent/ConcurrentHashMap$TreeBin done

Classes unloaded (0 events):
No events

Classes redefined (0 events):
No events

Internal exceptions (20 events):
Event: 5.568 Thread 0x000001e4109b4890 Exception <a 'java/lang/NoSuchMethodError'{0x00000000869e9bd0}: 'void java.lang.invoke.DirectMethodHandle$Holder.invokeSpecial(java.lang.Object, java.lang.Object, java.lang.Object, java.lang.Object, java.lang.Object, java.lang.Object, java.lang.Object, java.lang.Object)'> (0x00000000869e9bd0) 
thrown [s\open\src\hotspot\share\interpreter\linkResolver.cpp, line 759]
Event: 5.571 Thread 0x000001e4109b4890 Exception <a 'java/lang/NoSuchMethodError'{0x000000008682aec8}: 'java.lang.Object java.lang.invoke.DirectMethodHandle$Holder.newInvokeSpecial(java.lang.Object, java.lang.Object, int, java.lang.Object, int, java.lang.Object, java.lang.Object, java.lang.Object)'> (0x000000008682aec8) 
thrown [s\open\src\hotspot\share\interpreter\linkResolver.cpp, line 759]
Event: 5.572 Thread 0x000001e4109b4890 Exception <a 'java/lang/NoSuchMethodError'{0x00000000868385a0}: 'int java.lang.invoke.DirectMethodHandle$Holder.invokeSpecial(java.lang.Object, java.lang.Object, java.lang.Object, java.lang.Object, java.lang.Object, java.lang.Object)'> (0x00000000868385a0) 
thrown [s\open\src\hotspot\share\interpreter\linkResolver.cpp, line 759]
Event: 5.573 Thread 0x000001e4109b4890 Exception <a 'java/lang/NoSuchMethodError'{0x0000000086845da0}: 'void java.lang.invoke.DirectMethodHandle$Holder.invokeSpecial(java.lang.Object, java.lang.Object, java.lang.Object, java.lang.Object, java.lang.Object, java.lang.Object, java.lang.Object)'> (0x0000000086845da0) 
thrown [s\open\src\hotspot\share\interpreter\linkResolver.cpp, line 759]
Event: 5.581 Thread 0x000001e4109b4890 Exception <a 'java/lang/NoSuchMethodError'{0x00000000868ccd48}: 'java.lang.Object java.lang.invoke.DirectMethodHandle$Holder.newInvokeSpecial(java.lang.Object, java.lang.Object, java.lang.Object, java.lang.Object, java.lang.Object, java.lang.Object, java.lang.Object, int)'> (0x00000000868ccd48) 
thrown [s\open\src\hotspot\share\interpreter\linkResolver.cpp, line 759]
Event: 5.581 Thread 0x000001e4109b4890 Exception <a 'java/lang/NoSuchMethodError'{0x00000000868d2540}: 'java.lang.Object java.lang.invoke.DirectMethodHandle$Holder.invokeSpecial(java.lang.Object, java.lang.Object, java.lang.Object, java.lang.Object, java.lang.Object, java.lang.Object, java.lang.Object, java.lang.Object, int)'> (0x00000000868d2540) 
thrown [s\open\src\hotspot\share\interpreter\linkResolver.cpp, line 759]
Event: 6.148 Thread 0x000001e4109b4890 Exception <a 'java/lang/IncompatibleClassChangeError'{0x0000000085bf7898}: Found class java.lang.Object, but interface was expected> (0x0000000085bf7898) 
thrown [s\open\src\hotspot\share\interpreter\linkResolver.cpp, line 826]
Event: 6.174 Thread 0x000001e4109b4890 Exception <a 'java/lang/IncompatibleClassChangeError'{0x00000000859a9910}: Found class java.lang.Object, but interface was expected> (0x00000000859a9910) 
thrown [s\open\src\hotspot\share\interpreter\linkResolver.cpp, line 826]
Event: 6.338 Thread 0x000001e4109b4890 Exception <a 'java/lang/IncompatibleClassChangeError'{0x0000000087d83108}: Found class java.lang.Object, but interface was expected> (0x0000000087d83108) 
thrown [s\open\src\hotspot\share\interpreter\linkResolver.cpp, line 826]
Event: 6.404 Thread 0x000001e4109b4890 Exception <a 'java/lang/NoSuchMethodError'{0x00000000883834d0}: 'int java.lang.invoke.DirectMethodHandle$Holder.invokeStatic(java.lang.Object, int, java.lang.Object)'> (0x00000000883834d0) 
thrown [s\open\src\hotspot\share\interpreter\linkResolver.cpp, line 759]
Event: 6.639 Thread 0x000001e4109b4890 Exception <a 'java/lang/NoSuchMethodError'{0x0000000085fc24f0}: 'void java.lang.invoke.Invokers$Holder.invokeExact_MT(java.lang.Object, java.lang.Object, java.lang.Object, java.lang.Object)'> (0x0000000085fc24f0) 
thrown [s\open\src\hotspot\share\interpreter\linkResolver.cpp, line 759]
Event: 6.673 Thread 0x000001e4109b4890 Exception <a 'java/lang/NoSuchMethodError'{0x00000000859fe4c0}: 'java.lang.Object java.lang.invoke.DirectMethodHandle$Holder.newInvokeSpecial(java.lang.Object, java.lang.Object, int)'> (0x00000000859fe4c0) 
thrown [s\open\src\hotspot\share\interpreter\linkResolver.cpp, line 759]
Event: 6.675 Thread 0x000001e4109b4890 Exception <a 'java/lang/IncompatibleClassChangeError'{0x0000000085850d58}: Found class java.lang.Object, but interface was expected> (0x0000000085850d58) 
thrown [s\open\src\hotspot\share\interpreter\linkResolver.cpp, line 826]
Event: 6.675 Thread 0x000001e4109b4890 Exception <a 'java/lang/IncompatibleClassChangeError'{0x00000000858579e0}: Found class java.lang.Object, but interface was expected> (0x00000000858579e0) 
thrown [s\open\src\hotspot\share\interpreter\linkResolver.cpp, line 826]
Event: 6.722 Thread 0x000001e4109b4890 Exception <a 'java/lang/NoSuchMethodError'{0x0000000089d88cc8}: 'long java.lang.invoke.DirectMethodHandle$Holder.invokeVirtual(java.lang.Object, java.lang.Object)'> (0x0000000089d88cc8) 
thrown [s\open\src\hotspot\share\interpreter\linkResolver.cpp, line 759]
Event: 8.000 Thread 0x000001e4109b4890 Exception <a 'java/io/FileNotFoundException'{0x0000000088898848}> (0x0000000088898848) 
thrown [s\open\src\hotspot\share\prims\jni.cpp, line 516]
Event: 8.000 Thread 0x000001e4109b4890 Exception <a 'java/io/FileNotFoundException'{0x00000000888a3120}> (0x00000000888a3120) 
thrown [s\open\src\hotspot\share\prims\jni.cpp, line 516]
Event: 8.714 Thread 0x000001e4109b4890 Exception <a 'java/lang/NoSuchMethodError'{0x0000000087ba7d00}: 'java.lang.Object java.lang.invoke.DirectMethodHandle$Holder.newInvokeSpecial(java.lang.Object, java.lang.Object, java.lang.Object, java.lang.Object, java.lang.Object, java.lang.Object, java.lang.Object, java.lang.Object)'> (0x0000000087ba7d00) 
thrown [s\open\src\hotspot\share\interpreter\linkResolver.cpp, line 759]
Event: 9.041 Thread 0x000001e4109b4890 Exception <a 'java/lang/IncompatibleClassChangeError'{0x00000000868b0308}: Found class java.lang.Object, but interface was expected> (0x00000000868b0308) 
thrown [s\open\src\hotspot\share\interpreter\linkResolver.cpp, line 826]
Event: 9.163 Thread 0x000001e4109b4890 Exception <a 'java/lang/NoSuchMethodError'{0x0000000086211750}: 'void java.lang.invoke.DirectMethodHandle$Holder.invokeVirtual(java.lang.Object, java.lang.Object, long)'> (0x0000000086211750) 
thrown [s\open\src\hotspot\share\interpreter\linkResolver.cpp, line 759]

VM Operations (20 events):
Event: 6.955 Executing VM operation: G1CollectForAllocation done
Event: 7.788 Executing VM operation: G1CollectForAllocation
Event: 7.794 Executing VM operation: G1CollectForAllocation done
Event: 8.185 Executing VM operation: G1CollectForAllocation
Event: 8.190 Executing VM operation: G1CollectForAllocation done
Event: 8.391 Executing VM operation: G1CollectForAllocation
Event: 8.396 Executing VM operation: G1CollectForAllocation done
Event: 8.592 Executing VM operation: G1CollectForAllocation
Event: 8.597 Executing VM operation: G1CollectForAllocation done
Event: 8.711 Executing VM operation: HandshakeAllThreads
Event: 8.711 Executing VM operation: HandshakeAllThreads done
Event: 8.907 Executing VM operation: HandshakeAllThreads
Event: 8.907 Executing VM operation: HandshakeAllThreads done
Event: 8.931 Executing VM operation: HandshakeAllThreads
Event: 8.931 Executing VM operation: HandshakeAllThreads done
Event: 8.932 Executing VM operation: HandshakeAllThreads
Event: 8.932 Executing VM operation: HandshakeAllThreads done
Event: 9.141 Executing VM operation: HandshakeAllThreads
Event: 9.141 Executing VM operation: HandshakeAllThreads done
Event: 9.180 Executing VM operation: G1CollectForAllocation

Events (20 events):
Event: 4.644 Thread 0x000001e4285a83d0 Thread exited: 0x000001e4285a83d0
Event: 5.147 Thread 0x000001e4285a83d0 Thread added: 0x000001e4285a83d0
Event: 5.150 Thread 0x000001e4285a83d0 Thread exited: 0x000001e4285a83d0
Event: 5.652 Thread 0x000001e4285a88a0 Thread added: 0x000001e4285a88a0
Event: 5.656 Thread 0x000001e4285a88a0 Thread exited: 0x000001e4285a88a0
Event: 6.158 Thread 0x000001e4285a88a0 Thread added: 0x000001e4285a88a0
Event: 6.162 Thread 0x000001e4285a88a0 Thread exited: 0x000001e4285a88a0
Event: 6.664 Thread 0x000001e4285a7090 Thread added: 0x000001e4285a7090
Event: 6.669 Thread 0x000001e4285a7090 Thread exited: 0x000001e4285a7090
Event: 6.733 Thread 0x000001e4285a7090 Thread added: 0x000001e4285a7090
Event: 6.733 Thread 0x000001e4292e4d70 Thread added: 0x000001e4292e4d70
Event: 6.736 Thread 0x000001e4292e60b0 Thread added: 0x000001e4292e60b0
Event: 7.170 Thread 0x000001e4292e2bc0 Thread added: 0x000001e4292e2bc0
Event: 7.187 Thread 0x000001e4292e2bc0 Thread exited: 0x000001e4292e2bc0
Event: 7.683 Thread 0x000001e4292e13b0 Thread added: 0x000001e4292e13b0
Event: 7.697 Thread 0x000001e4292e13b0 Thread exited: 0x000001e4292e13b0
Event: 8.190 Thread 0x000001e4292e78c0 Thread added: 0x000001e4292e78c0
Event: 8.194 Thread 0x000001e4292e78c0 Thread exited: 0x000001e4292e78c0
Event: 8.697 Thread 0x000001e4292e3f00 Thread added: 0x000001e4292e3f00
Event: 8.701 Thread 0x000001e4292e3f00 Thread exited: 0x000001e4292e3f00


Dynamic libraries:
0x00007ff7d41e0000 - 0x00007ff7d41f0000 	C:\Program Files\Java\jdk-18.0.2.1\bin\java.exe
0x00007ffe28330000 - 0x00007ffe28528000 	C:\WINDOWS\SYSTEM32\ntdll.dll
0x00007ffe267f0000 - 0x00007ffe268af000 	C:\WINDOWS\System32\KERNEL32.DLL
0x00007ffe25a30000 - 0x00007ffe25d02000 	C:\WINDOWS\System32\KERNELBASE.dll
0x00007ffe26280000 - 0x00007ffe26380000 	C:\WINDOWS\System32\ucrtbase.dll
0x00007ffe224b0000 - 0x00007ffe224c8000 	C:\Program Files\Java\jdk-18.0.2.1\bin\jli.dll
0x00007ffe22400000 - 0x00007ffe2241a000 	C:\Program Files\Java\jdk-18.0.2.1\bin\VCRUNTIME140.dll
0x00007ffe27130000 - 0x00007ffe271de000 	C:\WINDOWS\System32\ADVAPI32.dll
0x00007ffe26750000 - 0x00007ffe267ee000 	C:\WINDOWS\System32\msvcrt.dll
0x00007ffe27940000 - 0x00007ffe279dc000 	C:\WINDOWS\System32\sechost.dll
0x00007ffe268b0000 - 0x00007ffe269d5000 	C:\WINDOWS\System32\RPCRT4.dll
0x00007ffe26390000 - 0x00007ffe26531000 	C:\WINDOWS\System32\USER32.dll
0x00007ffe16000000 - 0x00007ffe1629a000 	C:\WINDOWS\WinSxS\amd64_microsoft.windows.common-controls_6595b64144ccf1df_6.0.19041.1110_none_60b5254171f9507e\COMCTL32.dll
0x00007ffe26090000 - 0x00007ffe260b2000 	C:\WINDOWS\System32\win32u.dll
0x00007ffe278a0000 - 0x00007ffe278cb000 	C:\WINDOWS\System32\GDI32.dll
0x00007ffe26170000 - 0x00007ffe2627f000 	C:\WINDOWS\System32\gdi32full.dll
0x00007ffe25fa0000 - 0x00007ffe2603d000 	C:\WINDOWS\System32\msvcp_win.dll
0x00007ffe1fc50000 - 0x00007ffe1fc5a000 	C:\WINDOWS\SYSTEM32\VERSION.dll
0x00007ffe27fe0000 - 0x00007ffe28010000 	C:\WINDOWS\System32\IMM32.DLL
0x00007ffe22480000 - 0x00007ffe2248c000 	C:\Program Files\Java\jdk-18.0.2.1\bin\vcruntime140_1.dll
0x00007ffe169e0000 - 0x00007ffe16a6d000 	C:\Program Files\Java\jdk-18.0.2.1\bin\msvcp140.dll
0x00007ffde2410000 - 0x00007ffde3021000 	C:\Program Files\Java\jdk-18.0.2.1\bin\server\jvm.dll
0x00007ffe27420000 - 0x00007ffe27428000 	C:\WINDOWS\System32\PSAPI.DLL
0x00007ffe16550000 - 0x00007ffe16577000 	C:\WINDOWS\SYSTEM32\WINMM.dll
0x00007ffe20eb0000 - 0x00007ffe20eb9000 	C:\WINDOWS\SYSTEM32\WSOCK32.dll
0x00007ffe271e0000 - 0x00007ffe2724b000 	C:\WINDOWS\System32\WS2_32.dll
0x00007ffe237f0000 - 0x00007ffe23802000 	C:\WINDOWS\SYSTEM32\kernel.appcore.dll
0x00007ffe223b0000 - 0x00007ffe223ba000 	C:\Program Files\Java\jdk-18.0.2.1\bin\jimage.dll
0x00007ffe0e590000 - 0x00007ffe0e774000 	C:\WINDOWS\SYSTEM32\DBGHELP.DLL
0x00007ffe0e140000 - 0x00007ffe0e175000 	C:\WINDOWS\SYSTEM32\dbgcore.DLL
0x00007ffe25d10000 - 0x00007ffe25d92000 	C:\WINDOWS\System32\bcryptPrimitives.dll
0x00007ffe1e3e0000 - 0x00007ffe1e3ee000 	C:\Program Files\Java\jdk-18.0.2.1\bin\instrument.dll
0x00007ffe1e5d0000 - 0x00007ffe1e5f5000 	C:\Program Files\Java\jdk-18.0.2.1\bin\java.dll
0x00007ffe16900000 - 0x00007ffe169d6000 	C:\Program Files\Java\jdk-18.0.2.1\bin\jsvml.dll
0x00007ffe269e0000 - 0x00007ffe27125000 	C:\WINDOWS\System32\SHELL32.dll
0x00007ffe23ad0000 - 0x00007ffe24262000 	C:\WINDOWS\SYSTEM32\windows.storage.dll
0x00007ffe27c20000 - 0x00007ffe27f75000 	C:\WINDOWS\System32\combase.dll
0x00007ffe25490000 - 0x00007ffe254c0000 	C:\WINDOWS\SYSTEM32\Wldp.dll
0x00007ffe26540000 - 0x00007ffe265ed000 	C:\WINDOWS\System32\SHCORE.dll
0x00007ffe281c0000 - 0x00007ffe28215000 	C:\WINDOWS\System32\shlwapi.dll
0x00007ffe25970000 - 0x00007ffe2598f000 	C:\WINDOWS\SYSTEM32\profapi.dll
0x00007ffe1e590000 - 0x00007ffe1e5a8000 	C:\Program Files\Java\jdk-18.0.2.1\bin\zip.dll
0x00007ffe207e0000 - 0x00007ffe207f3000 	C:\Program Files\Java\jdk-18.0.2.1\bin\net.dll
0x00007ffe1d7b0000 - 0x00007ffe1d8ba000 	C:\WINDOWS\SYSTEM32\WINHTTP.dll
0x00007ffe251f0000 - 0x00007ffe2525a000 	C:\WINDOWS\system32\mswsock.dll
0x00007ffe1e5b0000 - 0x00007ffe1e5c6000 	C:\Program Files\Java\jdk-18.0.2.1\bin\nio.dll
0x00007ffe16ad0000 - 0x00007ffe16aea000 	D:\SoftWare\SetupLocation\IntelligeIdea\IntelliJ IDEA 2023.1\bin\breakgen64.dll
0x00007ffe24ed0000 - 0x00007ffe24f9b000 	C:\WINDOWS\SYSTEM32\DNSAPI.dll
0x00007ffe24e90000 - 0x00007ffe24ecb000 	C:\WINDOWS\SYSTEM32\IPHLPAPI.DLL
0x00007ffe27930000 - 0x00007ffe27938000 	C:\WINDOWS\System32\NSI.dll
0x00007ffe165a0000 - 0x00007ffe165aa000 	C:\Windows\System32\rasadhlp.dll
0x00007ffe16320000 - 0x00007ffe163a0000 	C:\WINDOWS\System32\fwpuclnt.dll
0x00007ffe25e10000 - 0x00007ffe25e37000 	C:\WINDOWS\System32\bcrypt.dll
0x00007ffe16b00000 - 0x00007ffe16b09000 	C:\Program Files\Java\jdk-18.0.2.1\bin\management.dll
0x00007ffe16af0000 - 0x00007ffe16afb000 	C:\Program Files\Java\jdk-18.0.2.1\bin\management_ext.dll
0x00007ffe253f0000 - 0x00007ffe25408000 	C:\WINDOWS\SYSTEM32\CRYPTSP.dll
0x00007ffe24aa0000 - 0x00007ffe24ad4000 	C:\WINDOWS\system32\rsaenh.dll
0x00007ffe258f0000 - 0x00007ffe2591e000 	C:\WINDOWS\SYSTEM32\USERENV.dll
0x00007ffe253e0000 - 0x00007ffe253ec000 	C:\WINDOWS\SYSTEM32\CRYPTBASE.dll
0x00007ffe1e570000 - 0x00007ffe1e587000 	C:\WINDOWS\SYSTEM32\dhcpcsvc6.DLL
0x00007ffe1ead0000 - 0x00007ffe1eaed000 	C:\WINDOWS\SYSTEM32\dhcpcsvc.DLL
0x00007ffe0ab80000 - 0x00007ffe0ab97000 	C:\WINDOWS\system32\napinsp.dll
0x00007ffe0ab60000 - 0x00007ffe0ab7b000 	C:\WINDOWS\system32\pnrpnsp.dll
0x00007ffe0ab40000 - 0x00007ffe0ab55000 	C:\WINDOWS\system32\wshbth.dll
0x00007ffe21dc0000 - 0x00007ffe21ddd000 	C:\WINDOWS\system32\NLAapi.dll
0x00007ffe0ab20000 - 0x00007ffe0ab32000 	C:\WINDOWS\System32\winrnr.dll
0x00007ffe1e3d0000 - 0x00007ffe1e3e0000 	C:\Program Files\Java\jdk-18.0.2.1\bin\verify.dll
0x00007ffe16ac0000 - 0x00007ffe16ace000 	C:\Program Files\Java\jdk-18.0.2.1\bin\sunmscapi.dll
0x00007ffe25e40000 - 0x00007ffe25f96000 	C:\WINDOWS\System32\CRYPT32.dll
0x00007ffe25500000 - 0x00007ffe25527000 	C:\WINDOWS\SYSTEM32\ncrypt.dll
0x00007ffe254c0000 - 0x00007ffe254fb000 	C:\WINDOWS\SYSTEM32\NTASN1.dll

dbghelp: loaded successfully - version: 4.0.5 - missing functions: none
symbol engine: initialized successfully - sym options: 0x614 - pdb path: .;C:\Program Files\Java\jdk-18.0.2.1\bin;C:\WINDOWS\SYSTEM32;C:\WINDOWS\WinSxS\amd64_microsoft.windows.common-controls_6595b64144ccf1df_6.0.19041.1110_none_60b5254171f9507e;C:\Program Files\Java\jdk-18.0.2.1\bin\server;D:\SoftWare\SetupLocation\IntelligeIdea\IntelliJ IDEA 2023.1\bin

VM Arguments:
jvm_args: -XX:TieredStopAtLevel=1 -Dspring.output.ansi.enabled=always -Dcom.sun.management.jmxremote -Dspring.jmx.enabled=true -Dspring.liveBeansView.mbeanDomain -Dspring.application.admin.enabled=true -Dmanagement.endpoints.jmx.exposure.include=* -javaagent:D:\SoftWare\SetupLocation\IntelligeIdea\IntelliJ IDEA 2023.1\lib\idea_rt.jar=55977:D:\SoftWare\SetupLocation\IntelligeIdea\IntelliJ IDEA 2023.1\bin -Dfile.encoding=UTF-8 -Dsun.stdout.encoding=UTF-8 -Dsun.stderr.encoding=UTF-8 
java_command: com.nifs.backend.BackendApplication
java_class_path (initial): G:\CourseWorks\ThirdYear\Second Semester\CS304_ ProjectinComputingI(3)\Workspace\server\target\classes;C:\Users\RAVINDU FERNANDO\.m2\repository\org\springframework\boot\spring-boot-starter\3.0.1\spring-boot-starter-3.0.1.jar;C:\Users\RAVINDU FERNANDO\.m2\repository\org\springframework\boot\spring-boot\3.0.0\spring-boot-3.0.0.jar;C:\Users\RAVINDU FERNANDO\.m2\repository\org\springframework\boot\spring-boot-starter-logging\3.0.0\spring-boot-starter-logging-3.0.0.jar;C:\Users\RAVINDU FERNANDO\.m2\repository\ch\qos\logback\logback-classic\1.4.5\logback-classic-1.4.5.jar;C:\Users\RAVINDU FERNANDO\.m2\repository\ch\qos\logback\logback-core\1.4.5\logback-core-1.4.5.jar;C:\Users\RAVINDU FERNANDO\.m2\repository\org\apache\logging\log4j\log4j-to-slf4j\2.19.0\log4j-to-slf4j-2.19.0.jar;C:\Users\RAVINDU FERNANDO\.m2\repository\org\apache\logging\log4j\log4j-api\2.19.0\log4j-api-2.19.0.jar;C:\Users\RAVINDU FERNANDO\.m2\repository\org\slf4j\jul-to-slf4j\2.0.4\jul-to-slf4j-2.0.4.jar;C:\Users\RAVINDU FERNANDO\.m2\repository\jakarta\annotation\jakarta.annotation-api\2.1.1\jakarta.annotation-api-2.1.1.jar;C:\Users\RAVINDU FERNANDO\.m2\repository\org\springframework\spring-core\6.0.2\spring-core-6.0.2.jar;C:\Users\RAVINDU FERNANDO\.m2\repository\org\springframework\spring-jcl\6.0.2\spring-jcl-6.0.2.jar;C:\Users\RAVINDU FERNANDO\.m2\repository\org\yaml\snakeyaml\1.33\snakeyaml-1.33.jar;C:\Users\RAVINDU FERNANDO\.m2\repository\jakarta\xml\bind\jakarta.xml.bind-api\4.0.0\jakarta.xml.bind-api-4.0.0.jar;C:\Users\RAVINDU FERNANDO\.m2\repository\jakarta\activation\jakarta.activation-api\2.1.0\jakarta.activation-api-2.1.0.jar;C:\Users\RAVINDU FERNANDO\.m2\repository\net\bytebuddy\byte-buddy\1.12.19\byte-buddy-1.12.19.jar;C:\Users\RAVINDU FERNANDO\.m2\repository\org\springframework\boot\spring-boot-starter-data-jpa\3.0.1\spring-boot-starter-data-jpa-3.0.1.jar;C:\Users\RAVINDU FERNANDO\.m2\repository\org\springframework\boot\spring-boot-starter-aop\3.0.0\spring-boot-starter-aop-3.0.0.jar;C:\Users\RAVINDU FERNANDO\.m2\repository\org\aspectj\aspectjweaver\1.9.9.1\aspectjweaver-1.9.9.1.jar;C:\Users\RAVINDU FERNANDO\.m2\repository\org\springframework\boot\spring-boot-starter-jdbc\3.0.0\spring-boot-starter-jdbc-3.0.0.jar;C:\Users\RAVINDU FERNANDO\.m2\repository\com\zaxxer\HikariCP\5.0.1\HikariCP-5.0.1.jar;C:\Users\RAVINDU FERNANDO\.m2\repository\org\springframework\spring-jdbc\6.0.2\spring-jdbc-6.0.2.jar;C:\Users\RAVINDU FERNANDO\.m2\repository\org\hibernate\orm\hibernate-core\6.1.5.Final\hibernate-core-6.1.5.Final.jar;C:\Users\RAVINDU FERNANDO\.m2\repository\jakarta\persistence\jakarta.persistence-api\3.1.0\jakarta.persistence-api-3.1.0.jar;C:\Users\RAVINDU FERNANDO\.m2\repository\jakarta\transaction\jakarta.transaction-api\2.0.1\jakarta.transaction-api-2.0.1.jar;C:\Users\RAVINDU FERNANDO\.m2\repository\org\jboss\logging\jboss-logging\3.5.0.Final\jboss-logging-3.5.0.Final.jar;C:\Users\RAVINDU FERNANDO\.m2\repository\org\hibernate\common\hibernate-commons-annotations\6.0.2.Final\hibernate-commons-annotations-6.0.2.Final.jar;C:\Users\RAVINDU FERNANDO\.m2\repository\org\jboss\jandex\2.4.2.Final\jandex-2.4.2.Final.jar;C:\Users\RAVINDU FERNANDO\.m2\repository\org\glassfish\jaxb\jaxb-runtime\4.0.1\jaxb-runtime-4.0.1.jar;C:\Users\RAVINDU FERNANDO\.m2\repository\org\glassfish\jaxb\jaxb-core\4.0.1\jaxb-core-4.0.1.jar;C:\Users\RAVINDU FERNANDO\.m2\repository\org\glassfish\jaxb\txw2\4.0.1\txw2-4.0.1.jar;C:\Users\RAVINDU FERNANDO\.m2\repository\com\sun\istack\istack-commons-runtime\4.1.1\istack-commons-runtime-4.1.1.jar;C:\Users\RAVINDU FERNANDO\.m2\repository\jakarta\inject\jakarta.inject-api\2.0.0\jakarta.inject-api-2.0.0.jar;C:\Users\RAVINDU FERNANDO\.m2\repository\org\antlr\antlr4-runtime\4.10.1\antlr4-runtime-4.10.1.jar;C:\Users\RAVINDU FERNANDO\.m2\repository\org\springframework\data\spring-data-jpa\3.0.0\spring-data-jpa-3.0.0.jar;C:\Users\RAVINDU FERNANDO\.m2\repository\org\springframework\data\spring-data-commons\3.0.0\spring-data-commons-3.0.0.jar;C:\Users\RAVINDU FERNANDO\.m2\repository\org\springframework\spring-orm\6.0.2\spring-orm-6.0.2.jar;C:\Users\RAVINDU FERNANDO\.m2\repository\org\springframework\spring-tx\6.0.2\spring-tx-6.0.2.jar;C:\Users\RAVINDU FERNANDO\.m2\repository\org\springframework\spring-aspects\6.0.2\spring-aspects-6.0.2.jar;C:\Users\RAVINDU FERNANDO\.m2\repository\org\springframework\boot\spring-boot-starter-web\3.0.1\spring-boot-starter-web-3.0.1.jar;C:\Users\RAVINDU FERNANDO\.m2\repository\org\springframework\boot\spring-boot-starter-json\3.0.0\spring-boot-starter-json-3.0.0.jar;C:\Users\RAVINDU FERNANDO\.m2\repository\com\fasterxml\jackson\datatype\jackson-datatype-jdk8\2.14.1\jackson-datatype-jdk8-2.14.1.jar;C:\Users\RAVINDU FERNANDO\.m2\repository\com\fasterxml\jackson\datatype\jackson-datatype-jsr310\2.14.1\jackson-datatype-jsr310-2.14.1.jar;C:\Users\RAVINDU FERNANDO\.m2\repository\com\fasterxml\jackson\module\jackson-module-parameter-names\2.14.1\jackson-module-parameter-names-2.14.1.jar;C:\Users\RAVINDU FERNANDO\.m2\repository\org\springframework\boot\spring-boot-starter-tomcat\3.0.0\spring-boot-starter-tomcat-3.0.0.jar;C:\Users\RAVINDU FERNANDO\.m2\repository\org\apache\tomcat\embed\tomcat-embed-core\10.1.1\tomcat-embed-core-10.1.1.jar;C:\Users\RAVINDU FERNANDO\.m2\repository\org\apache\tomcat\embed\tomcat-embed-el\10.1.1\tomcat-embed-el-10.1.1.jar;C:\Users\RAVINDU FERNANDO\.m2\repository\org\apache\tomcat\embed\tomcat-embed-websocket\10.1.1\tomcat-embed-websocket-10.1.1.jar;C:\Users\RAVINDU FERNANDO\.m2\repository\org\springframework\spring-web\6.0.2\spring-web-6.0.2.jar;C:\Users\RAVINDU FERNANDO\.m2\repository\io\micrometer\micrometer-observation\1.10.2\micrometer-observation-1.10.2.jar;C:\Users\RAVINDU FERNANDO\.m2\repository\io\micrometer\micrometer-commons\1.10.2\micrometer-commons-1.10.2.jar;C:\Users\RAVINDU FERNANDO\.m2\repository\org\springframework\spring-webmvc\6.0.2\spring-webmvc-6.0.2.jar;C:\Users\RAVINDU FERNANDO\.m2\repository\org\springframework\security\spring-security-web\6.0.0\spring-security-web-6.0.0.jar;C:\Users\RAVINDU FERNANDO\.m2\repository\org\springframework\security\spring-security-core\6.0.0\spring-security-core-6.0.0.jar;C:\Users\RAVINDU FERNANDO\.m2\repository\org\springframework\security\spring-security-crypto\6.0.0\spring-security-crypto-6.0.0.jar;C:\Users\RAVINDU FERNANDO\.m2\repository\org\springframework\spring-aop\6.0.2\spring-aop-6.0.2.jar;C:\Users\RAVINDU FERNANDO\.m2\repository\org\springframework\spring-beans\6.0.2\spring-beans-6.0.2.jar;C:\Users\RAVINDU FERNANDO\.m2\repository\org\springframework\spring-context\6.0.2\spring-context-6.0.2.jar;C:\Users\RAVINDU FERNANDO\.m2\repository\org\springframework\spring-expression\6.0.2\spring-expression-6.0.2.jar;C:\Users\RAVINDU FERNANDO\.m2\repository\com\mysql\mysql-connector-j\8.0.31\mysql-connector-j-8.0.31.jar;C:\Users\RAVINDU FERNANDO\.m2\repository\com\h2database\h2\2.1.214\h2-2.1.214.jar;C:\Users\RAVINDU FERNANDO\.m2\repository\org\springframework\boot\spring-boot-autoconfigure\3.0.1\spring-boot-autoconfigure-3.0.1.jar;C:\Users\RAVINDU FERNANDO\.m2\repository\org\projectlombok\lombok\1.18.24\lombok-1.18.24.jar;C:\Users\RAVINDU FERNANDO\.m2\repository\io\springfox\springfox-swagger2\3.0.0\springfox-swagger2-3.0.0.jar;C:\Users\RAVINDU FERNANDO\.m2\repository\io\springfox\springfox-spi\3.0.0\springfox-spi-3.0.0.jar;C:\Users\RAVINDU FERNANDO\.m2\repository\io\springfox\springfox-core\3.0.0\springfox-core-3.0.0.jar;C:\Users\RAVINDU FERNANDO\.m2\repository\io\springfox\springfox-schema\3.0.0\springfox-schema-3.0.0.jar;C:\Users\RAVINDU FERNANDO\.m2\repository\io\springfox\springfox-swagger-common\3.0.0\springfox-swagger-common-3.0.0.jar;C:\Users\RAVINDU FERNANDO\.m2\repository\io\swagger\core\v3\swagger-annotations\2.1.2\swagger-annotations-2.1.2.jar;C:\Users\RAVINDU FERNANDO\.m2\repository\io\springfox\springfox-spring-web\3.0.0\springfox-spring-web-3.0.0.jar;C:\Users\RAVINDU FERNANDO\.m2\repository\io\github\classgraph\classgraph\4.8.83\classgraph-4.8.83.jar;C:\Users\RAVINDU FERNANDO\.m2\repository\io\springfox\springfox-spring-webmvc\3.0.0\springfox-spring-webmvc-3.0.0.jar;C:\Users\RAVINDU FERNANDO\.m2\repository\io\springfox\springfox-spring-webflux\3.0.0\springfox-spring-webflux-3.0.0.jar;C:\Users\RAVINDU FERNANDO\.m2\repository\com\fasterxml\classmate\1.5.1\classmate-1.5.1.jar;C:\Users\RAVINDU FERNANDO\.m2\repository\org\slf4j\slf4j-api\2.0.4\slf4j-api-2.0.4.jar;C:\Users\RAVINDU FERNANDO\.m2\repository\org\springframework\plugin\spring-plugin-core\2.0.0.RELEASE\spring-plugin-core-2.0.0.RELEASE.jar;C:\Users\RAVINDU FERNANDO\.m2\repository\org\springframework\plugin\spring-plugin-metadata\2.0.0.RELEASE\spring-plugin-metadata-2.0.0.RELEASE.jar;C:\Users\RAVINDU FERNANDO\.m2\repository\io\swagger\swagger-annotations\1.5.20\swagger-annotations-1.5.20.jar;C:\Users\RAVINDU FERNANDO\.m2\repository\io\swagger\swagger-models\1.5.20\swagger-models-1.5.20.jar;C:\Users\RAVINDU FERNANDO\.m2\repository\com\fasterxml\jackson\core\jackson-annotations\2.14.1\jackson-annotations-2.14.1.jar;C:\Users\RAVINDU FERNANDO\.m2\repository\org\mapstruct\mapstruct\1.3.1.Final\mapstruct-1.3.1.Final.jar;C:\Users\RAVINDU FERNANDO\.m2\repository\io\springfox\springfox-boot-starter\3.0.0\springfox-boot-starter-3.0.0.jar;C:\Users\RAVINDU FERNANDO\.m2\repository\io\springfox\springfox-oas\3.0.0\springfox-oas-3.0.0.jar;C:\Users\RAVINDU FERNANDO\.m2\repository\io\swagger\core\v3\swagger-models\2.1.2\swagger-models-2.1.2.jar;C:\Users\RAVINDU FERNANDO\.m2\repository\io\springfox\springfox-data-rest\3.0.0\springfox-data-rest-3.0.0.jar;C:\Users\RAVINDU FERNANDO\.m2\repository\io\springfox\springfox-bean-validators\3.0.0\springfox-bean-validators-3.0.0.jar;C:\Users\RAVINDU FERNANDO\.m2\repository\io\springfox\springfox-swagger-ui\3.0.0\springfox-swagger-ui-3.0.0.jar;C:\Users\RAVINDU FERNANDO\.m2\repository\org\jetbrains\annotations\24.0.1\annotations-24.0.1.jar;C:\Users\RAVINDU FERNANDO\.m2\repository\org\springframework\boot\spring-boot-starter-graphql\3.0.0\spring-boot-starter-graphql-3.0.0.jar;C:\Users\RAVINDU FERNANDO\.m2\repository\org\springframework\graphql\spring-graphql\1.1.0\spring-graphql-1.1.0.jar;C:\Users\RAVINDU FERNANDO\.m2\repository\com\graphql-java\graphql-java\19.2\graphql-java-19.2.jar;C:\Users\RAVINDU FERNANDO\.m2\repository\com\graphql-java\java-dataloader\3.2.0\java-dataloader-3.2.0.jar;C:\Users\RAVINDU FERNANDO\.m2\repository\org\reactivestreams\reactive-streams\1.0.4\reactive-streams-1.0.4.jar;C:\Users\RAVINDU FERNANDO\.m2\repository\io\projectreactor\reactor-core\3.5.0\reactor-core-3.5.0.jar;C:\Users\RAVINDU FERNANDO\.m2\repository\io\micrometer\context-propagation\1.0.0\context-propagation-1.0.0.jar;C:\Users\RAVINDU FERNANDO\.m2\repository\org\modelmapper\modelmapper\2.4.4\modelmapper-2.4.4.jar;C:\Users\RAVINDU FERNANDO\.m2\repository\org\springframework\boot\spring-boot-starter-security\3.0.0\spring-boot-starter-security-3.0.0.jar;C:\Users\RAVINDU FERNANDO\.m2\repository\org\springframework\security\spring-security-config\6.0.0\spring-security-config-6.0.0.jar;C:\Users\RAVINDU FERNANDO\.m2\repository\io\jsonwebtoken\jjwt-api\0.11.5\jjwt-api-0.11.5.jar;C:\Users\RAVINDU FERNANDO\.m2\repository\io\jsonwebtoken\jjwt-jackson\0.11.5\jjwt-jackson-0.11.5.jar;C:\Users\RAVINDU FERNANDO\.m2\repository\com\fasterxml\jackson\core\jackson-databind\2.14.1\jackson-databind-2.14.1.jar;C:\Users\RAVINDU FERNANDO\.m2\repository\com\fasterxml\jackson\core\jackson-core\2.14.1\jackson-core-2.14.1.jar;C:\Users\RAVINDU FERNANDO\.m2\repository\io\jsonwebtoken\jjwt-impl\0.11.5\jjwt-impl-0.11.5.jar;C:\Users\RAVINDU FERNANDO\.m2\repository\javax\servlet\javax.servlet-api\4.0.1\javax.servlet-api-4.0.1.jar;C:\Users\RAVINDU FERNANDO\.m2\repository\org\springframework\boot\spring-boot-starter-webflux\3.0.0\spring-boot-starter-webflux-3.0.0.jar;C:\Users\RAVINDU FERNANDO\.m2\repository\org\springframework\boot\spring-boot-starter-reactor-netty\3.0.0\spring-boot-starter-reactor-netty-3.0.0.jar;C:\Users\RAVINDU FERNANDO\.m2\repository\io\projectreactor\netty\reactor-netty-http\1.1.0\reactor-netty-http-1.1.0.jar;C:\Users\RAVINDU FERNANDO\.m2\repository\io\netty\netty-codec-http\4.1.85.Final\netty-codec-http-4.1.85.Final.jar;C:\Users\RAVINDU FERNANDO\.m2\repository\io\netty\netty-common\4.1.85.Final\netty-common-4.1.85.Final.jar;C:\Users\RAVINDU FERNANDO\.m2\repository\io\netty\netty-buffer\4.1.85.Final\netty-buffer-4.1.85.Final.jar;C:\Users\RAVINDU FERNANDO\.m2\repository\io\netty\netty-transport\4.1.85.Final\netty-transport-4.1.85.Final.jar;C:\Users\RAVINDU FERNANDO\.m2\repository\io\netty\netty-codec\4.1.85.Final\netty-codec-4.1.85.Final.jar;C:\Users\RAVINDU FERNANDO\.m2\repository\io\netty\netty-handler\4.1.85.Final\netty-handler-4.1.85.Final.jar;C:\Users\RAVINDU FERNANDO\.m2\repository\io\netty\netty-codec-http2\4.1.85.Final\netty-codec-http2-4.1.85.Final.jar;C:\Users\RAVINDU FERNANDO\.m2\repository\io\netty\netty-resolver-dns\4.1.85.Final\netty-resolver-dns-4.1.85.Final.jar;C:\Users\RAVINDU FERNANDO\.m2\repository\io\netty\netty-resolver\4.1.85.Final\netty-resolver-4.1.85.Final.jar;C:\Users\RAVINDU FERNANDO\.m2\repository\io\netty\netty-codec-dns\4.1.85.Final\netty-codec-dns-4.1.85.Final.jar;C:\Users\RAVINDU FERNANDO\.m2\repository\io\netty\netty-resolver-dns-native-macos\4.1.85.Final\netty-resolver-dns-native-macos-4.1.85.Final-osx-x86_64.jar;C:\Users\RAVINDU FERNANDO\.m2\repository\io\netty\netty-resolver-dns-classes-macos\4.1.85.Final\netty-resolver-dns-classes-macos-4.1.85.Final.jar;C:\Users\RAVINDU FERNANDO\.m2\repository\io\netty\netty-transport-native-epoll\4.1.85.Final\netty-transport-native-epoll-4.1.85.Final-linux-x86_64.jar;C:\Users\RAVINDU FERNANDO\.m2\repository\io\netty\netty-transport-native-unix-common\4.1.85.Final\netty-transport-native-unix-common-4.1.85.Final.jar;C:\Users\RAVINDU FERNANDO\.m2\repository\io\netty\netty-transport-classes-epoll\4.1.85.Final\netty-transport-classes-epoll-4.1.85.Final.jar;C:\Users\RAVINDU FERNANDO\.m2\repository\io\projectreactor\netty\reactor-netty-core\1.1.0\reactor-netty-core-1.1.0.jar;C:\Users\RAVINDU FERNANDO\.m2\repository\io\netty\netty-handler-proxy\4.1.85.Final\netty-handler-proxy-4.1.85.Final.jar;C:\Users\RAVINDU FERNANDO\.m2\repository\io\netty\netty-codec-socks\4.1.85.Final\netty-codec-socks-4.1.85.Final.jar;C:\Users\RAVINDU FERNANDO\.m2\repository\org\springframework\spring-webflux\6.0.2\spring-webflux-6.0.2.jar;C:\Users\RAVINDU FERNANDO\.m2\repository\commons-fileupload\commons-fileupload\1.5\commons-fileupload-1.5.jar;C:\Users\RAVINDU FERNANDO\.m2\repository\commons-io\commons-io\2.11.0\commons-io-2.11.0.jar;C:\Users\RAVINDU FERNANDO\.m2\repository\org\springframework\boot\spring-boot-starter-mail\3.0.0\spring-boot-starter-mail-3.0.0.jar;C:\Users\RAVINDU FERNANDO\.m2\repository\org\springframework\spring-context-support\6.0.2\spring-context-support-6.0.2.jar;C:\Users\RAVINDU FERNANDO\.m2\repository\org\eclipse\angus\jakarta.mail\1.0.0\jakarta.mail-1.0.0.jar;C:\Users\RAVINDU FERNANDO\.m2\repository\org\eclipse\angus\angus-activation\1.0.0\angus-activation-1.0.0.jar;C:\Users\RAVINDU FERNANDO\.m2\repository\org\springframework\boot\spring-boot-starter-websocket\3.0.0\spring-boot-starter-websocket-3.0.0.jar;C:\Users\RAVINDU FERNANDO\.m2\repository\org\springframework\spring-messaging\6.0.2\spring-messaging-6.0.2.jar;C:\Users\RAVINDU FERNANDO\.m2\repository\org\springframework\spring-websocket\6.0.2\spring-websocket-6.0.2.jar
Launcher Type: SUN_STANDARD

[Global flags]
     intx CICompilerCount                          = 4                                         {product} {ergonomic}
     uint ConcGCThreads                            = 2                                         {product} {ergonomic}
     uint G1ConcRefinementThreads                  = 8                                         {product} {ergonomic}
   size_t G1HeapRegionSize                         = 1048576                                   {product} {ergonomic}
    uintx GCDrainStackTargetSize                   = 64                                        {product} {ergonomic}
   size_t InitialHeapSize                          = 134217728                                 {product} {ergonomic}
     bool ManagementServer                         = true                                      {product} {command line}
   size_t MarkStackSize                            = 4194304                                   {product} {ergonomic}
   size_t MaxHeapSize                              = 2116026368                                {product} {ergonomic}
   size_t MaxNewSize                               = 1268776960                                {product} {ergonomic}
   size_t MinHeapDeltaBytes                        = 1048576                                   {product} {ergonomic}
   size_t MinHeapSize                              = 8388608                                   {product} {ergonomic}
    uintx NonProfiledCodeHeapSize                  = 0                                      {pd product} {ergonomic}
     bool ProfileInterpreter                       = false                                  {pd product} {command line}
    uintx ProfiledCodeHeapSize                     = 0                                      {pd product} {ergonomic}
   size_t SoftMaxHeapSize                          = 2116026368                             {manageable} {ergonomic}
     intx TieredStopAtLevel                        = 1                                         {product} {command line}
     bool UseCompressedClassPointers               = true                           {product lp64_product} {ergonomic}
     bool UseCompressedOops                        = true                           {product lp64_product} {ergonomic}
     bool UseG1GC                                  = true                                      {product} {ergonomic}
     bool UseLargePagesIndividualAllocation        = false                                  {pd product} {ergonomic}

Logging:
Log output configuration:
 #0: stdout all=warning uptime,level,tags foldmultilines=false
 #1: stderr all=off uptime,level,tags foldmultilines=false

Environment Variables:
JAVA_HOME=C:\Program Files\Java\jdk-11.0.4
PATH=C:\Program Files\Python311\Scripts\;C:\Program Files\Python311\;C:\Program Files\Java\jdk-11.0.4\bin;C:\Program Files\Common Files\Oracle\Java\javapath;C:\Program Files (x86)\Common Files\Oracle\Java\javapath;D:\SoftWare\SetupLocation\apache-maven-3.6.3-bin\apache-maven-3.6.3\bin;C:\Program Files\MongoDB\Server\4.4\bin;C:\Program Files (x86)\Intel\iCLS Client\;C:\Program Files\Intel\iCLS Client\;C:\Windows\system32;C:\Windows;C:\Windows\System32\Wbem;C:\Windows\System32\WindowsPowerShell\v1.0\;C:\Program Files (x86)\Intel\Intel(R) Management Engine Components\DAL;C:\Program Files\Intel\Intel(R) Management Engine Components\DAL;C:\Program Files (x86)\Intel\Intel(R) Management Engine Components\IPT;C:\Program Files\Intel\Intel(R) Management Engine Components\IPT;C:\Program Files (x86)\NVIDIA Corporation\PhysX\Common;C:\WINDOWS\system32;C:\WINDOWS;C:\WINDOWS\System32\Wbem;C:\WINDOWS\System32\WindowsPowerShell\v1.0\;C:\WINDOWS\System32\OpenSSH\;C:\Program Files\Git\cmd;;C:\Program Files (x86)\Microsoft SQL Server\150\DTS\Binn\;D:\SoftWare\SetupLocation\node\;C:\Program Files\MySQL\MySQL Shell 8.0\bin\;D:\SoftWare\SetupLocation\apache-maven-3.6.3-bin\apache-maven-3.6.3\bin;C:\Program Files\MongoDB\Server\4.4\bin;C:\Users\RAVINDU FERNANDO\AppData\Local\Microsoft\WindowsApps;C:\Program Files\JetBrains\PyCharm Community Edition 2019.1.3\bin;C:\xampp\php;C:\Users\RAVINDU FERNANDO\AppData\Local\Microsoft\WindowsApps;D:\SoftWare\SetupLocation\pycharmSetup\PyCharm Community Edition 2020.3.3\bin;;D:\SoftWare\SetupLocation\IntelligeIdea\IntelliJ IDEA 2023.1\bin;;D:\SoftWare\SetupLocation\Microsoft VS Code\bin;C:\Program Files\Java\jdk-11.0.4\bin;C:\Program Files\Azure Data Studio\bin;C:\Program Files\Azure Data Studio\bin;C:\Users\RAVINDU FERNANDO\AppData\Roaming\npm;C:\Users\RAVINDU FERNANDO\AppData\Local\GitHubDesktop\bin
USERNAME=RAVINDU FERNANDO
OS=Windows_NT
PROCESSOR_IDENTIFIER=Intel64 Family 6 Model 142 Stepping 10, GenuineIntel



---------------  S Y S T E M  ---------------

OS:
 Windows 10 , 64 bit Build 19041 (10.0.19041.2546)
OS uptime: 0 days 5:07 hours

CPU: total 8 (initial active 8) (4 cores per cpu, 2 threads per core) family 6 model 142 stepping 10 microcode 0xb4, cx8, cmov, fxsr, ht, mmx, 3dnowpref, sse, sse2, sse3, ssse3, sse4.1, sse4.2, popcnt, lzcnt, tsc, tscinvbit, avx, avx2, aes, erms, clmul, bmi1, bmi2, adx, fma, vzeroupper, clflush, clflushopt

Memory: 4k page, system-wide physical 8069M (538M free)
TotalPageFile size 12165M (AvailPageFile size 5M)
current process WorkingSet (physical memory assigned to process): 275M, peak: 275M
current process commit charge ("private bytes"): 320M, peak: 330M

vm_info: Java HotSpot(TM) 64-Bit Server VM (18.0.2.1+1-1) for windows-amd64 JRE (18.0.2.1+1-1), built on Aug 16 2022 01:46:33 by "mach5one" with MS VC++ 16.8 / 16.9 (VS2019)

END.
